[0.382s] Invoking command in '/ros_humble/src/sensor/serial_motor_demo/serial_motor_demo': PYTHONPATH=/ros_humble/build/serial_motor_demo/prefix_override:/usr/lib/python3/dist-packages/colcon_core/task/python/colcon_distutils_commands:/ros_humble/install/serial_motor_demo/lib/python3.10/site-packages:${PYTHONPATH} /usr/bin/python3 -W ignore:setup.py install is deprecated -W ignore:easy_install command is deprecated setup.py egg_info --egg-base ../../../../build/serial_motor_demo build --build-base /ros_humble/build/serial_motor_demo/build install --record /ros_humble/build/serial_motor_demo/install.log --single-version-externally-managed install_data
[0.529s] running egg_info
[0.529s] creating ../../../../build/serial_motor_demo/serial_motor_demo.egg-info
[0.530s] writing ../../../../build/serial_motor_demo/serial_motor_demo.egg-info/PKG-INFO
[0.530s] writing dependency_links to ../../../../build/serial_motor_demo/serial_motor_demo.egg-info/dependency_links.txt
[0.530s] writing entry points to ../../../../build/serial_motor_demo/serial_motor_demo.egg-info/entry_points.txt
[0.530s] writing requirements to ../../../../build/serial_motor_demo/serial_motor_demo.egg-info/requires.txt
[0.530s] writing top-level names to ../../../../build/serial_motor_demo/serial_motor_demo.egg-info/top_level.txt
[0.530s] writing manifest file '../../../../build/serial_motor_demo/serial_motor_demo.egg-info/SOURCES.txt'
[0.531s] reading manifest file '../../../../build/serial_motor_demo/serial_motor_demo.egg-info/SOURCES.txt'
[0.531s] writing manifest file '../../../../build/serial_motor_demo/serial_motor_demo.egg-info/SOURCES.txt'
[0.531s] running build
[0.532s] running build_py
[0.532s] creating /ros_humble/build/serial_motor_demo/build
[0.532s] creating /ros_humble/build/serial_motor_demo/build/lib
[0.532s] creating /ros_humble/build/serial_motor_demo/build/lib/serial_motor_demo
[0.532s] copying serial_motor_demo/driver.py -> /ros_humble/build/serial_motor_demo/build/lib/serial_motor_demo
[0.532s] copying serial_motor_demo/__init__.py -> /ros_humble/build/serial_motor_demo/build/lib/serial_motor_demo
[0.532s] copying serial_motor_demo/gui.py -> /ros_humble/build/serial_motor_demo/build/lib/serial_motor_demo
[0.532s] running install
[0.532s] running install_lib
[0.532s] creating /ros_humble/install/serial_motor_demo/lib/python3.10/site-packages/serial_motor_demo
[0.532s] copying /ros_humble/build/serial_motor_demo/build/lib/serial_motor_demo/driver.py -> /ros_humble/install/serial_motor_demo/lib/python3.10/site-packages/serial_motor_demo
[0.532s] copying /ros_humble/build/serial_motor_demo/build/lib/serial_motor_demo/__init__.py -> /ros_humble/install/serial_motor_demo/lib/python3.10/site-packages/serial_motor_demo
[0.532s] copying /ros_humble/build/serial_motor_demo/build/lib/serial_motor_demo/gui.py -> /ros_humble/install/serial_motor_demo/lib/python3.10/site-packages/serial_motor_demo
[0.533s] byte-compiling /ros_humble/install/serial_motor_demo/lib/python3.10/site-packages/serial_motor_demo/driver.py to driver.cpython-310.pyc
[0.533s] byte-compiling /ros_humble/install/serial_motor_demo/lib/python3.10/site-packages/serial_motor_demo/__init__.py to __init__.cpython-310.pyc
[0.533s] byte-compiling /ros_humble/install/serial_motor_demo/lib/python3.10/site-packages/serial_motor_demo/gui.py to gui.cpython-310.pyc
[0.534s] running install_data
[0.535s] creating /ros_humble/install/serial_motor_demo/share/ament_index
[0.535s] creating /ros_humble/install/serial_motor_demo/share/ament_index/resource_index
[0.535s] creating /ros_humble/install/serial_motor_demo/share/ament_index/resource_index/packages
[0.535s] copying resource/serial_motor_demo -> /ros_humble/install/serial_motor_demo/share/ament_index/resource_index/packages
[0.535s] copying package.xml -> /ros_humble/install/serial_motor_demo/share/serial_motor_demo
[0.535s] running install_egg_info
[0.536s] Copying ../../../../build/serial_motor_demo/serial_motor_demo.egg-info to /ros_humble/install/serial_motor_demo/lib/python3.10/site-packages/serial_motor_demo-0.0.0-py3.10.egg-info
[0.536s] running install_scripts
[0.549s] Installing driver script to /ros_humble/install/serial_motor_demo/lib/serial_motor_demo
[0.549s] Installing gui script to /ros_humble/install/serial_motor_demo/lib/serial_motor_demo
[0.550s] writing list of installed files to '/ros_humble/build/serial_motor_demo/install.log'
[0.566s] Invoked command in '/ros_humble/src/sensor/serial_motor_demo/serial_motor_demo' returned '0': PYTHONPATH=/ros_humble/build/serial_motor_demo/prefix_override:/usr/lib/python3/dist-packages/colcon_core/task/python/colcon_distutils_commands:/ros_humble/install/serial_motor_demo/lib/python3.10/site-packages:${PYTHONPATH} /usr/bin/python3 -W ignore:setup.py install is deprecated -W ignore:easy_install command is deprecated setup.py egg_info --egg-base ../../../../build/serial_motor_demo build --build-base /ros_humble/build/serial_motor_demo/build install --record /ros_humble/build/serial_motor_demo/install.log --single-version-externally-managed install_data
