[0.394s] Invoking command in '/ros_humble/src/au_bot_description': PYTHONPATH=/ros_humble/build/au_bot_description/prefix_override:/usr/lib/python3/dist-packages/colcon_core/task/python/colcon_distutils_commands:/ros_humble/install/au_bot_description/lib/python3.10/site-packages:${PYTHONPATH} /usr/bin/python3 -W ignore:setup.py install is deprecated -W ignore:easy_install command is deprecated setup.py egg_info --egg-base ../../build/au_bot_description build --build-base /ros_humble/build/au_bot_description/build install --record /ros_humble/build/au_bot_description/install.log --single-version-externally-managed install_data
[0.518s] running egg_info
[0.519s] writing ../../build/au_bot_description/au_bot_description.egg-info/PKG-INFO
[0.519s] writing dependency_links to ../../build/au_bot_description/au_bot_description.egg-info/dependency_links.txt
[0.519s] writing entry points to ../../build/au_bot_description/au_bot_description.egg-info/entry_points.txt
[0.519s] writing requirements to ../../build/au_bot_description/au_bot_description.egg-info/requires.txt
[0.519s] writing top-level names to ../../build/au_bot_description/au_bot_description.egg-info/top_level.txt
[0.520s] reading manifest file '../../build/au_bot_description/au_bot_description.egg-info/SOURCES.txt'
[0.521s] writing manifest file '../../build/au_bot_description/au_bot_description.egg-info/SOURCES.txt'
[0.521s] running build
[0.521s] running build_py
[0.521s] running install
[0.521s] running install_lib
[0.522s] running install_data
[0.522s] copying launch/gazebo.launch.py -> /ros_humble/install/au_bot_description/share/au_bot_description/launch
[0.522s] running install_egg_info
[0.523s] removing '/ros_humble/install/au_bot_description/lib/python3.10/site-packages/au_bot_description-0.0.0-py3.10.egg-info' (and everything under it)
[0.523s] Copying ../../build/au_bot_description/au_bot_description.egg-info to /ros_humble/install/au_bot_description/lib/python3.10/site-packages/au_bot_description-0.0.0-py3.10.egg-info
[0.523s] running install_scripts
[0.535s] writing list of installed files to '/ros_humble/build/au_bot_description/install.log'
[0.549s] Invoked command in '/ros_humble/src/au_bot_description' returned '0': PYTHONPATH=/ros_humble/build/au_bot_description/prefix_override:/usr/lib/python3/dist-packages/colcon_core/task/python/colcon_distutils_commands:/ros_humble/install/au_bot_description/lib/python3.10/site-packages:${PYTHONPATH} /usr/bin/python3 -W ignore:setup.py install is deprecated -W ignore:easy_install command is deprecated setup.py egg_info --egg-base ../../build/au_bot_description build --build-base /ros_humble/build/au_bot_description/build install --record /ros_humble/build/au_bot_description/install.log --single-version-externally-managed install_data
