/ros_humble/install/au_bot_description/lib/python3.10/site-packages/au_bot_description/__init__.py
/ros_humble/install/au_bot_description/lib/python3.10/site-packages/au_bot_description/__pycache__/__init__.cpython-310.pyc
/ros_humble/install/au_bot_description/share/ament_index/resource_index/packages/au_bot_description
/ros_humble/install/au_bot_description/share/au_bot_description/package.xml
/ros_humble/install/au_bot_description/share/au_bot_description/launch/localization.launch.py
/ros_humble/install/au_bot_description/share/au_bot_description/launch/launch_robot.launch.py
/ros_humble/install/au_bot_description/share/au_bot_description/launch/gazebo.launch.py
/ros_humble/install/au_bot_description/share/au_bot_description/launch/navigation.launch.py
/ros_humble/install/au_bot_description/share/au_bot_description/launch/display.launch.py
/ros_humble/install/au_bot_description/share/au_bot_description/urdf/sensor_plugin.xacro
/ros_humble/install/au_bot_description/share/au_bot_description/urdf/materials.xacro
/ros_humble/install/au_bot_description/share/au_bot_description/urdf/au_bot.xacro
/ros_humble/install/au_bot_description/share/au_bot_description/urdf/gz_control.xacro
/ros_humble/install/au_bot_description/share/au_bot_description/urdf/au_bot.trans
/ros_humble/install/au_bot_description/share/au_bot_description/urdf/au_bot.gazebo
/ros_humble/install/au_bot_description/share/au_bot_description/urdf/au_bot.ros2control
/ros_humble/install/au_bot_description/share/au_bot_description/world/test.world
/ros_humble/install/au_bot_description/share/au_bot_description/meshes/caster_1.stl
/ros_humble/install/au_bot_description/share/au_bot_description/meshes/right_wheel_1.stl
/ros_humble/install/au_bot_description/share/au_bot_description/meshes/base_link.stl
/ros_humble/install/au_bot_description/share/au_bot_description/meshes/left_wheel_1.stl
/ros_humble/install/au_bot_description/share/au_bot_description/meshes/lidar_1.stl
/ros_humble/install/au_bot_description/share/au_bot_description/config/drive.rviz
/ros_humble/install/au_bot_description/share/au_bot_description/config/twist_mux.yaml
/ros_humble/install/au_bot_description/share/au_bot_description/config/controllers.yaml
/ros_humble/install/au_bot_description/share/au_bot_description/config/gaz_ros2_ctl_use_sim.yaml
/ros_humble/install/au_bot_description/share/au_bot_description/config/ros_gz_bridge_gazebo.yaml
/ros_humble/install/au_bot_description/share/au_bot_description/config/nav2_params.yaml
/ros_humble/install/au_bot_description/share/au_bot_description/config/mapper_params_online_async.yaml
/ros_humble/install/au_bot_description/share/au_bot_description/config/gazebo_params.yaml
/ros_humble/install/au_bot_description/lib/python3.10/site-packages/au_bot_description-0.0.0-py3.10.egg-info/zip-safe
/ros_humble/install/au_bot_description/lib/python3.10/site-packages/au_bot_description-0.0.0-py3.10.egg-info/entry_points.txt
/ros_humble/install/au_bot_description/lib/python3.10/site-packages/au_bot_description-0.0.0-py3.10.egg-info/dependency_links.txt
/ros_humble/install/au_bot_description/lib/python3.10/site-packages/au_bot_description-0.0.0-py3.10.egg-info/top_level.txt
/ros_humble/install/au_bot_description/lib/python3.10/site-packages/au_bot_description-0.0.0-py3.10.egg-info/SOURCES.txt
/ros_humble/install/au_bot_description/lib/python3.10/site-packages/au_bot_description-0.0.0-py3.10.egg-info/PKG-INFO
/ros_humble/install/au_bot_description/lib/python3.10/site-packages/au_bot_description-0.0.0-py3.10.egg-info/requires.txt
