[0.063s] DEBUG:colcon:Command line arguments: ['/usr/bin/colcon', 'build']
[0.063s] DEBUG:colcon:Parsed command line arguments: Namespace(log_base=None, log_level=None, verb_name='build', build_base='build', install_base='install', merge_install=False, symlink_install=False, test_result_base=None, continue_on_error=False, executor='parallel', parallel_workers=16, event_handlers=None, ignore_user_meta=False, metas=['./colcon.meta'], base_paths=['.'], packages_ignore=None, packages_ignore_regex=None, paths=None, packages_up_to=None, packages_up_to_regex=None, packages_above=None, packages_above_and_dependencies=None, packages_above_depth=None, packages_select_by_dep=None, packages_skip_by_dep=None, packages_skip_up_to=None, packages_select_build_failed=False, packages_skip_build_finished=False, packages_select_test_failures=False, packages_skip_test_passed=False, packages_select=None, packages_skip=None, packages_select_regex=None, packages_skip_regex=None, packages_start=None, packages_end=None, cmake_args=None, cmake_target=None, cmake_target_skip_unavailable=False, cmake_clean_cache=False, cmake_clean_first=False, cmake_force_configure=False, ament_cmake_args=None, catkin_cmake_args=None, catkin_skip_building_tests=False, mixin_files=None, mixin=None, verb_parser=<colcon_mixin.mixin.mixin_argument.MixinArgumentDecorator object at 0x7fec6d2f9300>, verb_extension=<colcon_core.verb.build.BuildVerb object at 0x7fec6d4ce950>, main=<bound method BuildVerb.main of <colcon_core.verb.build.BuildVerb object at 0x7fec6d4ce950>>, mixin_verb=('build',))
[0.140s] Level 1:colcon.colcon_core.package_discovery:discover_packages(colcon_meta) check parameters
[0.140s] Level 1:colcon.colcon_core.package_discovery:discover_packages(recursive) check parameters
[0.140s] Level 1:colcon.colcon_core.package_discovery:discover_packages(ignore) check parameters
[0.140s] Level 1:colcon.colcon_core.package_discovery:discover_packages(path) check parameters
[0.140s] Level 1:colcon.colcon_core.package_discovery:discover_packages(colcon_meta) discover
[0.140s] Level 1:colcon.colcon_core.package_discovery:discover_packages(recursive) discover
[0.140s] INFO:colcon.colcon_core.package_discovery:Crawling recursively for packages in '/ros_humble'
[0.140s] Level 1:colcon.colcon_core.package_identification:_identify(.) by extensions ['ignore', 'ignore_ament_install']
[0.140s] Level 1:colcon.colcon_core.package_identification:_identify(.) by extension 'ignore'
[0.140s] Level 1:colcon.colcon_core.package_identification:_identify(.) by extension 'ignore_ament_install'
[0.140s] Level 1:colcon.colcon_core.package_identification:_identify(.) by extensions ['colcon_pkg']
[0.140s] Level 1:colcon.colcon_core.package_identification:_identify(.) by extension 'colcon_pkg'
[0.140s] Level 1:colcon.colcon_core.package_identification:_identify(.) by extensions ['colcon_meta']
[0.140s] Level 1:colcon.colcon_core.package_identification:_identify(.) by extension 'colcon_meta'
[0.140s] Level 1:colcon.colcon_core.package_identification:_identify(.) by extensions ['ros']
[0.140s] Level 1:colcon.colcon_core.package_identification:_identify(.) by extension 'ros'
[0.147s] Level 1:colcon.colcon_core.package_identification:_identify(.) by extensions ['cmake', 'python']
[0.147s] Level 1:colcon.colcon_core.package_identification:_identify(.) by extension 'cmake'
[0.147s] Level 1:colcon.colcon_core.package_identification:_identify(.) by extension 'python'
[0.147s] Level 1:colcon.colcon_core.package_identification:_identify(.) by extensions ['python_setup_py']
[0.147s] Level 1:colcon.colcon_core.package_identification:_identify(.) by extension 'python_setup_py'
[0.147s] Level 1:colcon.colcon_core.package_identification:_identify(build) by extensions ['ignore', 'ignore_ament_install']
[0.147s] Level 1:colcon.colcon_core.package_identification:_identify(build) by extension 'ignore'
[0.147s] Level 1:colcon.colcon_core.package_identification:_identify(build) ignored
[0.147s] Level 1:colcon.colcon_core.package_identification:_identify(install) by extensions ['ignore', 'ignore_ament_install']
[0.147s] Level 1:colcon.colcon_core.package_identification:_identify(install) by extension 'ignore'
[0.147s] Level 1:colcon.colcon_core.package_identification:_identify(install) ignored
[0.147s] Level 1:colcon.colcon_core.package_identification:_identify(log) by extensions ['ignore', 'ignore_ament_install']
[0.147s] Level 1:colcon.colcon_core.package_identification:_identify(log) by extension 'ignore'
[0.147s] Level 1:colcon.colcon_core.package_identification:_identify(log) ignored
[0.147s] Level 1:colcon.colcon_core.package_identification:_identify(src) by extensions ['ignore', 'ignore_ament_install']
[0.147s] Level 1:colcon.colcon_core.package_identification:_identify(src) by extension 'ignore'
[0.147s] Level 1:colcon.colcon_core.package_identification:_identify(src) by extension 'ignore_ament_install'
[0.147s] Level 1:colcon.colcon_core.package_identification:_identify(src) by extensions ['colcon_pkg']
[0.147s] Level 1:colcon.colcon_core.package_identification:_identify(src) by extension 'colcon_pkg'
[0.148s] Level 1:colcon.colcon_core.package_identification:_identify(src) by extensions ['colcon_meta']
[0.148s] Level 1:colcon.colcon_core.package_identification:_identify(src) by extension 'colcon_meta'
[0.148s] Level 1:colcon.colcon_core.package_identification:_identify(src) by extensions ['ros']
[0.148s] Level 1:colcon.colcon_core.package_identification:_identify(src) by extension 'ros'
[0.148s] Level 1:colcon.colcon_core.package_identification:_identify(src) by extensions ['cmake', 'python']
[0.148s] Level 1:colcon.colcon_core.package_identification:_identify(src) by extension 'cmake'
[0.148s] Level 1:colcon.colcon_core.package_identification:_identify(src) by extension 'python'
[0.148s] Level 1:colcon.colcon_core.package_identification:_identify(src) by extensions ['python_setup_py']
[0.148s] Level 1:colcon.colcon_core.package_identification:_identify(src) by extension 'python_setup_py'
[0.148s] Level 1:colcon.colcon_core.package_identification:_identify(src/au_bot_description) by extensions ['ignore', 'ignore_ament_install']
[0.148s] Level 1:colcon.colcon_core.package_identification:_identify(src/au_bot_description) by extension 'ignore'
[0.148s] Level 1:colcon.colcon_core.package_identification:_identify(src/au_bot_description) by extension 'ignore_ament_install'
[0.148s] Level 1:colcon.colcon_core.package_identification:_identify(src/au_bot_description) by extensions ['colcon_pkg']
[0.148s] Level 1:colcon.colcon_core.package_identification:_identify(src/au_bot_description) by extension 'colcon_pkg'
[0.148s] Level 1:colcon.colcon_core.package_identification:_identify(src/au_bot_description) by extensions ['colcon_meta']
[0.148s] Level 1:colcon.colcon_core.package_identification:_identify(src/au_bot_description) by extension 'colcon_meta'
[0.148s] Level 1:colcon.colcon_core.package_identification:_identify(src/au_bot_description) by extensions ['ros']
[0.148s] Level 1:colcon.colcon_core.package_identification:_identify(src/au_bot_description) by extension 'ros'
[0.150s] DEBUG:colcon.colcon_core.package_identification:Package 'src/au_bot_description' with type 'ros.ament_python' and name 'au_bot_description'
[0.150s] Level 1:colcon.colcon_core.package_identification:_identify(src/sensor) by extensions ['ignore', 'ignore_ament_install']
[0.150s] Level 1:colcon.colcon_core.package_identification:_identify(src/sensor) by extension 'ignore'
[0.150s] Level 1:colcon.colcon_core.package_identification:_identify(src/sensor) by extension 'ignore_ament_install'
[0.150s] Level 1:colcon.colcon_core.package_identification:_identify(src/sensor) by extensions ['colcon_pkg']
[0.150s] Level 1:colcon.colcon_core.package_identification:_identify(src/sensor) by extension 'colcon_pkg'
[0.150s] Level 1:colcon.colcon_core.package_identification:_identify(src/sensor) by extensions ['colcon_meta']
[0.150s] Level 1:colcon.colcon_core.package_identification:_identify(src/sensor) by extension 'colcon_meta'
[0.150s] Level 1:colcon.colcon_core.package_identification:_identify(src/sensor) by extensions ['ros']
[0.150s] Level 1:colcon.colcon_core.package_identification:_identify(src/sensor) by extension 'ros'
[0.150s] Level 1:colcon.colcon_core.package_identification:_identify(src/sensor) by extensions ['cmake', 'python']
[0.150s] Level 1:colcon.colcon_core.package_identification:_identify(src/sensor) by extension 'cmake'
[0.150s] Level 1:colcon.colcon_core.package_identification:_identify(src/sensor) by extension 'python'
[0.150s] Level 1:colcon.colcon_core.package_identification:_identify(src/sensor) by extensions ['python_setup_py']
[0.150s] Level 1:colcon.colcon_core.package_identification:_identify(src/sensor) by extension 'python_setup_py'
[0.151s] Level 1:colcon.colcon_core.package_identification:_identify(src/sensor/diffdrive_arduino) by extensions ['ignore', 'ignore_ament_install']
[0.151s] Level 1:colcon.colcon_core.package_identification:_identify(src/sensor/diffdrive_arduino) by extension 'ignore'
[0.151s] Level 1:colcon.colcon_core.package_identification:_identify(src/sensor/diffdrive_arduino) by extension 'ignore_ament_install'
[0.151s] Level 1:colcon.colcon_core.package_identification:_identify(src/sensor/diffdrive_arduino) by extensions ['colcon_pkg']
[0.151s] Level 1:colcon.colcon_core.package_identification:_identify(src/sensor/diffdrive_arduino) by extension 'colcon_pkg'
[0.151s] Level 1:colcon.colcon_core.package_identification:_identify(src/sensor/diffdrive_arduino) by extensions ['colcon_meta']
[0.151s] Level 1:colcon.colcon_core.package_identification:_identify(src/sensor/diffdrive_arduino) by extension 'colcon_meta'
[0.151s] Level 1:colcon.colcon_core.package_identification:_identify(src/sensor/diffdrive_arduino) by extensions ['ros']
[0.151s] Level 1:colcon.colcon_core.package_identification:_identify(src/sensor/diffdrive_arduino) by extension 'ros'
[0.151s] DEBUG:colcon.colcon_core.package_identification:Package 'src/sensor/diffdrive_arduino' with type 'ros.ament_cmake' and name 'diffdrive_arduino'
[0.151s] Level 1:colcon.colcon_core.package_identification:_identify(src/sensor/ldlidar_stl_ros2) by extensions ['ignore', 'ignore_ament_install']
[0.151s] Level 1:colcon.colcon_core.package_identification:_identify(src/sensor/ldlidar_stl_ros2) by extension 'ignore'
[0.151s] Level 1:colcon.colcon_core.package_identification:_identify(src/sensor/ldlidar_stl_ros2) by extension 'ignore_ament_install'
[0.151s] Level 1:colcon.colcon_core.package_identification:_identify(src/sensor/ldlidar_stl_ros2) by extensions ['colcon_pkg']
[0.151s] Level 1:colcon.colcon_core.package_identification:_identify(src/sensor/ldlidar_stl_ros2) by extension 'colcon_pkg'
[0.151s] Level 1:colcon.colcon_core.package_identification:_identify(src/sensor/ldlidar_stl_ros2) by extensions ['colcon_meta']
[0.151s] Level 1:colcon.colcon_core.package_identification:_identify(src/sensor/ldlidar_stl_ros2) by extension 'colcon_meta'
[0.151s] Level 1:colcon.colcon_core.package_identification:_identify(src/sensor/ldlidar_stl_ros2) by extensions ['ros']
[0.151s] Level 1:colcon.colcon_core.package_identification:_identify(src/sensor/ldlidar_stl_ros2) by extension 'ros'
[0.152s] DEBUG:colcon.colcon_core.package_identification:Package 'src/sensor/ldlidar_stl_ros2' with type 'ros.ament_cmake' and name 'ldlidar_stl_ros2'
[0.152s] Level 1:colcon.colcon_core.package_identification:_identify(src/sensor/serial) by extensions ['ignore', 'ignore_ament_install']
[0.152s] Level 1:colcon.colcon_core.package_identification:_identify(src/sensor/serial) by extension 'ignore'
[0.152s] Level 1:colcon.colcon_core.package_identification:_identify(src/sensor/serial) by extension 'ignore_ament_install'
[0.152s] Level 1:colcon.colcon_core.package_identification:_identify(src/sensor/serial) by extensions ['colcon_pkg']
[0.152s] Level 1:colcon.colcon_core.package_identification:_identify(src/sensor/serial) by extension 'colcon_pkg'
[0.152s] Level 1:colcon.colcon_core.package_identification:_identify(src/sensor/serial) by extensions ['colcon_meta']
[0.152s] Level 1:colcon.colcon_core.package_identification:_identify(src/sensor/serial) by extension 'colcon_meta'
[0.152s] Level 1:colcon.colcon_core.package_identification:_identify(src/sensor/serial) by extensions ['ros']
[0.152s] Level 1:colcon.colcon_core.package_identification:_identify(src/sensor/serial) by extension 'ros'
[0.152s] DEBUG:colcon.colcon_core.package_identification:Package 'src/sensor/serial' with type 'ros.ament_cmake' and name 'serial'
[0.152s] Level 1:colcon.colcon_core.package_identification:_identify(src/sensor/serial_motor_demo) by extensions ['ignore', 'ignore_ament_install']
[0.152s] Level 1:colcon.colcon_core.package_identification:_identify(src/sensor/serial_motor_demo) by extension 'ignore'
[0.152s] Level 1:colcon.colcon_core.package_identification:_identify(src/sensor/serial_motor_demo) by extension 'ignore_ament_install'
[0.152s] Level 1:colcon.colcon_core.package_identification:_identify(src/sensor/serial_motor_demo) by extensions ['colcon_pkg']
[0.152s] Level 1:colcon.colcon_core.package_identification:_identify(src/sensor/serial_motor_demo) by extension 'colcon_pkg'
[0.152s] Level 1:colcon.colcon_core.package_identification:_identify(src/sensor/serial_motor_demo) by extensions ['colcon_meta']
[0.153s] Level 1:colcon.colcon_core.package_identification:_identify(src/sensor/serial_motor_demo) by extension 'colcon_meta'
[0.153s] Level 1:colcon.colcon_core.package_identification:_identify(src/sensor/serial_motor_demo) by extensions ['ros']
[0.153s] Level 1:colcon.colcon_core.package_identification:_identify(src/sensor/serial_motor_demo) by extension 'ros'
[0.153s] Level 1:colcon.colcon_core.package_identification:_identify(src/sensor/serial_motor_demo) by extensions ['cmake', 'python']
[0.153s] Level 1:colcon.colcon_core.package_identification:_identify(src/sensor/serial_motor_demo) by extension 'cmake'
[0.153s] Level 1:colcon.colcon_core.package_identification:_identify(src/sensor/serial_motor_demo) by extension 'python'
[0.153s] Level 1:colcon.colcon_core.package_identification:_identify(src/sensor/serial_motor_demo) by extensions ['python_setup_py']
[0.153s] Level 1:colcon.colcon_core.package_identification:_identify(src/sensor/serial_motor_demo) by extension 'python_setup_py'
[0.153s] Level 1:colcon.colcon_core.package_identification:_identify(src/sensor/serial_motor_demo/serial_motor_demo) by extensions ['ignore', 'ignore_ament_install']
[0.153s] Level 1:colcon.colcon_core.package_identification:_identify(src/sensor/serial_motor_demo/serial_motor_demo) by extension 'ignore'
[0.153s] Level 1:colcon.colcon_core.package_identification:_identify(src/sensor/serial_motor_demo/serial_motor_demo) by extension 'ignore_ament_install'
[0.153s] Level 1:colcon.colcon_core.package_identification:_identify(src/sensor/serial_motor_demo/serial_motor_demo) by extensions ['colcon_pkg']
[0.153s] Level 1:colcon.colcon_core.package_identification:_identify(src/sensor/serial_motor_demo/serial_motor_demo) by extension 'colcon_pkg'
[0.153s] Level 1:colcon.colcon_core.package_identification:_identify(src/sensor/serial_motor_demo/serial_motor_demo) by extensions ['colcon_meta']
[0.153s] Level 1:colcon.colcon_core.package_identification:_identify(src/sensor/serial_motor_demo/serial_motor_demo) by extension 'colcon_meta'
[0.153s] Level 1:colcon.colcon_core.package_identification:_identify(src/sensor/serial_motor_demo/serial_motor_demo) by extensions ['ros']
[0.153s] Level 1:colcon.colcon_core.package_identification:_identify(src/sensor/serial_motor_demo/serial_motor_demo) by extension 'ros'
[0.153s] DEBUG:colcon.colcon_core.package_identification:Package 'src/sensor/serial_motor_demo/serial_motor_demo' with type 'ros.ament_python' and name 'serial_motor_demo'
[0.153s] Level 1:colcon.colcon_core.package_identification:_identify(src/sensor/serial_motor_demo/serial_motor_demo_msgs) by extensions ['ignore', 'ignore_ament_install']
[0.153s] Level 1:colcon.colcon_core.package_identification:_identify(src/sensor/serial_motor_demo/serial_motor_demo_msgs) by extension 'ignore'
[0.153s] Level 1:colcon.colcon_core.package_identification:_identify(src/sensor/serial_motor_demo/serial_motor_demo_msgs) by extension 'ignore_ament_install'
[0.153s] Level 1:colcon.colcon_core.package_identification:_identify(src/sensor/serial_motor_demo/serial_motor_demo_msgs) by extensions ['colcon_pkg']
[0.153s] Level 1:colcon.colcon_core.package_identification:_identify(src/sensor/serial_motor_demo/serial_motor_demo_msgs) by extension 'colcon_pkg'
[0.153s] Level 1:colcon.colcon_core.package_identification:_identify(src/sensor/serial_motor_demo/serial_motor_demo_msgs) by extensions ['colcon_meta']
[0.153s] Level 1:colcon.colcon_core.package_identification:_identify(src/sensor/serial_motor_demo/serial_motor_demo_msgs) by extension 'colcon_meta'
[0.153s] Level 1:colcon.colcon_core.package_identification:_identify(src/sensor/serial_motor_demo/serial_motor_demo_msgs) by extensions ['ros']
[0.153s] Level 1:colcon.colcon_core.package_identification:_identify(src/sensor/serial_motor_demo/serial_motor_demo_msgs) by extension 'ros'
[0.154s] DEBUG:colcon.colcon_core.package_identification:Package 'src/sensor/serial_motor_demo/serial_motor_demo_msgs' with type 'ros.ament_cmake' and name 'serial_motor_demo_msgs'
[0.154s] Level 1:colcon.colcon_core.package_discovery:discover_packages(recursive) using defaults
[0.154s] Level 1:colcon.colcon_core.package_discovery:discover_packages(ignore) discover
[0.154s] Level 1:colcon.colcon_core.package_discovery:discover_packages(ignore) using defaults
[0.154s] Level 1:colcon.colcon_core.package_discovery:discover_packages(path) discover
[0.154s] Level 1:colcon.colcon_core.package_discovery:discover_packages(path) using defaults
[0.171s] Level 5:colcon.colcon_core.verb:set package 'au_bot_description' build argument 'cmake_args' from command line to 'None'
[0.171s] Level 5:colcon.colcon_core.verb:set package 'au_bot_description' build argument 'cmake_target' from command line to 'None'
[0.171s] Level 5:colcon.colcon_core.verb:set package 'au_bot_description' build argument 'cmake_target_skip_unavailable' from command line to 'False'
[0.171s] Level 5:colcon.colcon_core.verb:set package 'au_bot_description' build argument 'cmake_clean_cache' from command line to 'False'
[0.171s] Level 5:colcon.colcon_core.verb:set package 'au_bot_description' build argument 'cmake_clean_first' from command line to 'False'
[0.171s] Level 5:colcon.colcon_core.verb:set package 'au_bot_description' build argument 'cmake_force_configure' from command line to 'False'
[0.171s] Level 5:colcon.colcon_core.verb:set package 'au_bot_description' build argument 'ament_cmake_args' from command line to 'None'
[0.171s] Level 5:colcon.colcon_core.verb:set package 'au_bot_description' build argument 'catkin_cmake_args' from command line to 'None'
[0.171s] Level 5:colcon.colcon_core.verb:set package 'au_bot_description' build argument 'catkin_skip_building_tests' from command line to 'False'
[0.171s] DEBUG:colcon.colcon_core.verb:Building package 'au_bot_description' with the following arguments: {'ament_cmake_args': None, 'build_base': '/ros_humble/build/au_bot_description', 'catkin_cmake_args': None, 'catkin_skip_building_tests': False, 'cmake_args': None, 'cmake_clean_cache': False, 'cmake_clean_first': False, 'cmake_force_configure': False, 'cmake_target': None, 'cmake_target_skip_unavailable': False, 'install_base': '/ros_humble/install/au_bot_description', 'merge_install': False, 'path': '/ros_humble/src/au_bot_description', 'symlink_install': False, 'test_result_base': None}
[0.171s] Level 5:colcon.colcon_core.verb:set package 'ldlidar_stl_ros2' build argument 'cmake_args' from command line to 'None'
[0.171s] Level 5:colcon.colcon_core.verb:set package 'ldlidar_stl_ros2' build argument 'cmake_target' from command line to 'None'
[0.171s] Level 5:colcon.colcon_core.verb:set package 'ldlidar_stl_ros2' build argument 'cmake_target_skip_unavailable' from command line to 'False'
[0.171s] Level 5:colcon.colcon_core.verb:set package 'ldlidar_stl_ros2' build argument 'cmake_clean_cache' from command line to 'False'
[0.171s] Level 5:colcon.colcon_core.verb:set package 'ldlidar_stl_ros2' build argument 'cmake_clean_first' from command line to 'False'
[0.171s] Level 5:colcon.colcon_core.verb:set package 'ldlidar_stl_ros2' build argument 'cmake_force_configure' from command line to 'False'
[0.172s] Level 5:colcon.colcon_core.verb:set package 'ldlidar_stl_ros2' build argument 'ament_cmake_args' from command line to 'None'
[0.172s] Level 5:colcon.colcon_core.verb:set package 'ldlidar_stl_ros2' build argument 'catkin_cmake_args' from command line to 'None'
[0.172s] Level 5:colcon.colcon_core.verb:set package 'ldlidar_stl_ros2' build argument 'catkin_skip_building_tests' from command line to 'False'
[0.172s] DEBUG:colcon.colcon_core.verb:Building package 'ldlidar_stl_ros2' with the following arguments: {'ament_cmake_args': None, 'build_base': '/ros_humble/build/ldlidar_stl_ros2', 'catkin_cmake_args': None, 'catkin_skip_building_tests': False, 'cmake_args': None, 'cmake_clean_cache': False, 'cmake_clean_first': False, 'cmake_force_configure': False, 'cmake_target': None, 'cmake_target_skip_unavailable': False, 'install_base': '/ros_humble/install/ldlidar_stl_ros2', 'merge_install': False, 'path': '/ros_humble/src/sensor/ldlidar_stl_ros2', 'symlink_install': False, 'test_result_base': None}
[0.172s] Level 5:colcon.colcon_core.verb:set package 'serial' build argument 'cmake_args' from command line to 'None'
[0.172s] Level 5:colcon.colcon_core.verb:set package 'serial' build argument 'cmake_target' from command line to 'None'
[0.172s] Level 5:colcon.colcon_core.verb:set package 'serial' build argument 'cmake_target_skip_unavailable' from command line to 'False'
[0.172s] Level 5:colcon.colcon_core.verb:set package 'serial' build argument 'cmake_clean_cache' from command line to 'False'
[0.172s] Level 5:colcon.colcon_core.verb:set package 'serial' build argument 'cmake_clean_first' from command line to 'False'
[0.172s] Level 5:colcon.colcon_core.verb:set package 'serial' build argument 'cmake_force_configure' from command line to 'False'
[0.172s] Level 5:colcon.colcon_core.verb:set package 'serial' build argument 'ament_cmake_args' from command line to 'None'
[0.172s] Level 5:colcon.colcon_core.verb:set package 'serial' build argument 'catkin_cmake_args' from command line to 'None'
[0.172s] Level 5:colcon.colcon_core.verb:set package 'serial' build argument 'catkin_skip_building_tests' from command line to 'False'
[0.172s] DEBUG:colcon.colcon_core.verb:Building package 'serial' with the following arguments: {'ament_cmake_args': None, 'build_base': '/ros_humble/build/serial', 'catkin_cmake_args': None, 'catkin_skip_building_tests': False, 'cmake_args': None, 'cmake_clean_cache': False, 'cmake_clean_first': False, 'cmake_force_configure': False, 'cmake_target': None, 'cmake_target_skip_unavailable': False, 'install_base': '/ros_humble/install/serial', 'merge_install': False, 'path': '/ros_humble/src/sensor/serial', 'symlink_install': False, 'test_result_base': None}
[0.172s] Level 5:colcon.colcon_core.verb:set package 'serial_motor_demo_msgs' build argument 'cmake_args' from command line to 'None'
[0.172s] Level 5:colcon.colcon_core.verb:set package 'serial_motor_demo_msgs' build argument 'cmake_target' from command line to 'None'
[0.172s] Level 5:colcon.colcon_core.verb:set package 'serial_motor_demo_msgs' build argument 'cmake_target_skip_unavailable' from command line to 'False'
[0.172s] Level 5:colcon.colcon_core.verb:set package 'serial_motor_demo_msgs' build argument 'cmake_clean_cache' from command line to 'False'
[0.172s] Level 5:colcon.colcon_core.verb:set package 'serial_motor_demo_msgs' build argument 'cmake_clean_first' from command line to 'False'
[0.172s] Level 5:colcon.colcon_core.verb:set package 'serial_motor_demo_msgs' build argument 'cmake_force_configure' from command line to 'False'
[0.172s] Level 5:colcon.colcon_core.verb:set package 'serial_motor_demo_msgs' build argument 'ament_cmake_args' from command line to 'None'
[0.172s] Level 5:colcon.colcon_core.verb:set package 'serial_motor_demo_msgs' build argument 'catkin_cmake_args' from command line to 'None'
[0.172s] Level 5:colcon.colcon_core.verb:set package 'serial_motor_demo_msgs' build argument 'catkin_skip_building_tests' from command line to 'False'
[0.172s] DEBUG:colcon.colcon_core.verb:Building package 'serial_motor_demo_msgs' with the following arguments: {'ament_cmake_args': None, 'build_base': '/ros_humble/build/serial_motor_demo_msgs', 'catkin_cmake_args': None, 'catkin_skip_building_tests': False, 'cmake_args': None, 'cmake_clean_cache': False, 'cmake_clean_first': False, 'cmake_force_configure': False, 'cmake_target': None, 'cmake_target_skip_unavailable': False, 'install_base': '/ros_humble/install/serial_motor_demo_msgs', 'merge_install': False, 'path': '/ros_humble/src/sensor/serial_motor_demo/serial_motor_demo_msgs', 'symlink_install': False, 'test_result_base': None}
[0.172s] Level 5:colcon.colcon_core.verb:set package 'diffdrive_arduino' build argument 'cmake_args' from command line to 'None'
[0.172s] Level 5:colcon.colcon_core.verb:set package 'diffdrive_arduino' build argument 'cmake_target' from command line to 'None'
[0.172s] Level 5:colcon.colcon_core.verb:set package 'diffdrive_arduino' build argument 'cmake_target_skip_unavailable' from command line to 'False'
[0.172s] Level 5:colcon.colcon_core.verb:set package 'diffdrive_arduino' build argument 'cmake_clean_cache' from command line to 'False'
[0.172s] Level 5:colcon.colcon_core.verb:set package 'diffdrive_arduino' build argument 'cmake_clean_first' from command line to 'False'
[0.172s] Level 5:colcon.colcon_core.verb:set package 'diffdrive_arduino' build argument 'cmake_force_configure' from command line to 'False'
[0.172s] Level 5:colcon.colcon_core.verb:set package 'diffdrive_arduino' build argument 'ament_cmake_args' from command line to 'None'
[0.172s] Level 5:colcon.colcon_core.verb:set package 'diffdrive_arduino' build argument 'catkin_cmake_args' from command line to 'None'
[0.172s] Level 5:colcon.colcon_core.verb:set package 'diffdrive_arduino' build argument 'catkin_skip_building_tests' from command line to 'False'
[0.172s] DEBUG:colcon.colcon_core.verb:Building package 'diffdrive_arduino' with the following arguments: {'ament_cmake_args': None, 'build_base': '/ros_humble/build/diffdrive_arduino', 'catkin_cmake_args': None, 'catkin_skip_building_tests': False, 'cmake_args': None, 'cmake_clean_cache': False, 'cmake_clean_first': False, 'cmake_force_configure': False, 'cmake_target': None, 'cmake_target_skip_unavailable': False, 'install_base': '/ros_humble/install/diffdrive_arduino', 'merge_install': False, 'path': '/ros_humble/src/sensor/diffdrive_arduino', 'symlink_install': False, 'test_result_base': None}
[0.173s] Level 5:colcon.colcon_core.verb:set package 'serial_motor_demo' build argument 'cmake_args' from command line to 'None'
[0.173s] Level 5:colcon.colcon_core.verb:set package 'serial_motor_demo' build argument 'cmake_target' from command line to 'None'
[0.173s] Level 5:colcon.colcon_core.verb:set package 'serial_motor_demo' build argument 'cmake_target_skip_unavailable' from command line to 'False'
[0.173s] Level 5:colcon.colcon_core.verb:set package 'serial_motor_demo' build argument 'cmake_clean_cache' from command line to 'False'
[0.173s] Level 5:colcon.colcon_core.verb:set package 'serial_motor_demo' build argument 'cmake_clean_first' from command line to 'False'
[0.173s] Level 5:colcon.colcon_core.verb:set package 'serial_motor_demo' build argument 'cmake_force_configure' from command line to 'False'
[0.173s] Level 5:colcon.colcon_core.verb:set package 'serial_motor_demo' build argument 'ament_cmake_args' from command line to 'None'
[0.173s] Level 5:colcon.colcon_core.verb:set package 'serial_motor_demo' build argument 'catkin_cmake_args' from command line to 'None'
[0.173s] Level 5:colcon.colcon_core.verb:set package 'serial_motor_demo' build argument 'catkin_skip_building_tests' from command line to 'False'
[0.173s] DEBUG:colcon.colcon_core.verb:Building package 'serial_motor_demo' with the following arguments: {'ament_cmake_args': None, 'build_base': '/ros_humble/build/serial_motor_demo', 'catkin_cmake_args': None, 'catkin_skip_building_tests': False, 'cmake_args': None, 'cmake_clean_cache': False, 'cmake_clean_first': False, 'cmake_force_configure': False, 'cmake_target': None, 'cmake_target_skip_unavailable': False, 'install_base': '/ros_humble/install/serial_motor_demo', 'merge_install': False, 'path': '/ros_humble/src/sensor/serial_motor_demo/serial_motor_demo', 'symlink_install': False, 'test_result_base': None}
[0.173s] INFO:colcon.colcon_core.executor:Executing jobs using 'parallel' executor
[0.173s] DEBUG:colcon.colcon_parallel_executor.executor.parallel:run_until_complete
[0.174s] INFO:colcon.colcon_ros.task.ament_cmake.build:Building ROS package in '/ros_humble/src/sensor/serial' with build type 'ament_cmake'
[0.174s] INFO:colcon.colcon_cmake.task.cmake.build:Building CMake package in '/ros_humble/src/sensor/serial'
[0.175s] INFO:colcon.colcon_core.plugin_system:Skipping extension 'colcon_core.shell.bat': Not used on non-Windows systems
[0.175s] INFO:colcon.colcon_core.shell:Skip shell extension 'powershell' for command environment: Not usable outside of PowerShell
[0.175s] DEBUG:colcon.colcon_core.shell:Skip shell extension 'dsv' for command environment
[0.178s] INFO:colcon.colcon_ros.task.ament_cmake.build:Building ROS package in '/ros_humble/src/sensor/serial_motor_demo/serial_motor_demo_msgs' with build type 'ament_cmake'
[0.178s] INFO:colcon.colcon_cmake.task.cmake.build:Building CMake package in '/ros_humble/src/sensor/serial_motor_demo/serial_motor_demo_msgs'
[0.178s] INFO:colcon.colcon_core.shell:Skip shell extension 'powershell' for command environment: Not usable outside of PowerShell
[0.178s] DEBUG:colcon.colcon_core.shell:Skip shell extension 'dsv' for command environment
[0.180s] INFO:colcon.colcon_ros.task.ament_python.build:Building ROS package in '/ros_humble/src/au_bot_description' with build type 'ament_python'
[0.180s] Level 1:colcon.colcon_core.shell:create_environment_hook('au_bot_description', 'ament_prefix_path')
[0.180s] INFO:colcon.colcon_core.shell:Creating environment hook '/ros_humble/install/au_bot_description/share/au_bot_description/hook/ament_prefix_path.ps1'
[0.181s] INFO:colcon.colcon_core.shell:Creating environment descriptor '/ros_humble/install/au_bot_description/share/au_bot_description/hook/ament_prefix_path.dsv'
[0.181s] INFO:colcon.colcon_core.shell:Creating environment hook '/ros_humble/install/au_bot_description/share/au_bot_description/hook/ament_prefix_path.sh'
[0.181s] INFO:colcon.colcon_core.shell:Skip shell extension 'powershell' for command environment: Not usable outside of PowerShell
[0.181s] DEBUG:colcon.colcon_core.shell:Skip shell extension 'dsv' for command environment
[0.183s] INFO:colcon.colcon_ros.task.ament_cmake.build:Building ROS package in '/ros_humble/src/sensor/ldlidar_stl_ros2' with build type 'ament_cmake'
[0.184s] INFO:colcon.colcon_cmake.task.cmake.build:Building CMake package in '/ros_humble/src/sensor/ldlidar_stl_ros2'
[0.184s] INFO:colcon.colcon_core.shell:Skip shell extension 'powershell' for command environment: Not usable outside of PowerShell
[0.184s] DEBUG:colcon.colcon_core.shell:Skip shell extension 'dsv' for command environment
[0.189s] DEBUG:colcon.colcon_core.event_handler.log_command:Invoking command in '/ros_humble/build/serial': CMAKE_PREFIX_PATH=${CMAKE_PREFIX_PATH}:/ros_humble/install/serial_motor_demo:/ros_humble/install/au_bot_description:/opt/ros/humble /usr/bin/cmake --build /ros_humble/build/serial -- -j16 -l16
[0.191s] DEBUG:colcon.colcon_core.event_handler.log_command:Invoking command in '/ros_humble/build/serial_motor_demo_msgs': CMAKE_PREFIX_PATH=${CMAKE_PREFIX_PATH}:/ros_humble/install/serial_motor_demo:/ros_humble/install/au_bot_description:/opt/ros/humble /usr/bin/cmake --build /ros_humble/build/serial_motor_demo_msgs -- -j16 -l16
[0.328s] INFO:colcon.colcon_core.task.python.build:Building Python package in '/ros_humble/src/au_bot_description'
[0.328s] INFO:colcon.colcon_core.shell:Skip shell extension 'powershell' for command environment: Not usable outside of PowerShell
[0.328s] DEBUG:colcon.colcon_core.shell:Skip shell extension 'dsv' for command environment
[0.338s] DEBUG:colcon.colcon_core.event_handler.log_command:Invoking command in '/ros_humble/build/ldlidar_stl_ros2': CMAKE_PREFIX_PATH=${CMAKE_PREFIX_PATH}:/ros_humble/install/serial_motor_demo:/ros_humble/install/au_bot_description:/opt/ros/humble /usr/bin/cmake --build /ros_humble/build/ldlidar_stl_ros2 -- -j16 -l16
[0.338s] DEBUG:colcon.colcon_core.event_handler.log_command:Invoked command in '/ros_humble/build/serial' returned '0': CMAKE_PREFIX_PATH=${CMAKE_PREFIX_PATH}:/ros_humble/install/serial_motor_demo:/ros_humble/install/au_bot_description:/opt/ros/humble /usr/bin/cmake --build /ros_humble/build/serial -- -j16 -l16
[0.343s] DEBUG:colcon.colcon_core.event_handler.log_command:Invoking command in '/ros_humble/build/serial': CMAKE_PREFIX_PATH=${CMAKE_PREFIX_PATH}:/ros_humble/install/serial_motor_demo:/ros_humble/install/au_bot_description:/opt/ros/humble /usr/bin/cmake --install /ros_humble/build/serial
[0.348s] Level 1:colcon.colcon_core.environment:create_environment_scripts_only(serial)
[0.349s] DEBUG:colcon.colcon_core.event_handler.log_command:Invoked command in '/ros_humble/build/serial' returned '0': CMAKE_PREFIX_PATH=${CMAKE_PREFIX_PATH}:/ros_humble/install/serial_motor_demo:/ros_humble/install/au_bot_description:/opt/ros/humble /usr/bin/cmake --install /ros_humble/build/serial
[0.351s] Level 1:colcon.colcon_core.environment:checking '/ros_humble/install/serial' for CMake module files
[0.351s] Level 1:colcon.colcon_core.environment:checking '/ros_humble/install/serial' for CMake config files
[0.351s] Level 1:colcon.colcon_core.shell:create_environment_hook('serial', 'cmake_prefix_path')
[0.351s] INFO:colcon.colcon_core.shell:Creating environment hook '/ros_humble/install/serial/share/serial/hook/cmake_prefix_path.ps1'
[0.352s] INFO:colcon.colcon_core.shell:Creating environment descriptor '/ros_humble/install/serial/share/serial/hook/cmake_prefix_path.dsv'
[0.352s] INFO:colcon.colcon_core.shell:Creating environment hook '/ros_humble/install/serial/share/serial/hook/cmake_prefix_path.sh'
[0.352s] Level 1:colcon.colcon_core.environment:checking '/ros_humble/install/serial/lib'
[0.352s] Level 1:colcon.colcon_core.environment:checking '/ros_humble/install/serial/bin'
[0.352s] Level 1:colcon.colcon_core.environment:checking '/ros_humble/install/serial/lib/pkgconfig/serial.pc'
[0.352s] Level 1:colcon.colcon_core.environment:checking '/ros_humble/install/serial/lib/python3.10/site-packages'
[0.352s] Level 1:colcon.colcon_core.environment:checking '/ros_humble/install/serial/bin'
[0.353s] INFO:colcon.colcon_core.shell:Creating package script '/ros_humble/install/serial/share/serial/package.ps1'
[0.353s] INFO:colcon.colcon_core.shell:Creating package descriptor '/ros_humble/install/serial/share/serial/package.dsv'
[0.353s] INFO:colcon.colcon_core.shell:Creating package script '/ros_humble/install/serial/share/serial/package.sh'
[0.354s] INFO:colcon.colcon_core.shell:Creating package script '/ros_humble/install/serial/share/serial/package.bash'
[0.354s] INFO:colcon.colcon_core.shell:Creating package script '/ros_humble/install/serial/share/serial/package.zsh'
[0.354s] Level 1:colcon.colcon_core.environment:create_file_with_runtime_dependencies(/ros_humble/install/serial/share/colcon-core/packages/serial)
[0.355s] Level 1:colcon.colcon_core.environment:create_environment_scripts_only(serial)
[0.355s] Level 1:colcon.colcon_core.environment:checking '/ros_humble/install/serial' for CMake module files
[0.355s] Level 1:colcon.colcon_core.environment:checking '/ros_humble/install/serial' for CMake config files
[0.355s] Level 1:colcon.colcon_core.shell:create_environment_hook('serial', 'cmake_prefix_path')
[0.355s] INFO:colcon.colcon_core.shell:Creating environment hook '/ros_humble/install/serial/share/serial/hook/cmake_prefix_path.ps1'
[0.356s] INFO:colcon.colcon_core.shell:Creating environment descriptor '/ros_humble/install/serial/share/serial/hook/cmake_prefix_path.dsv'
[0.356s] INFO:colcon.colcon_core.shell:Creating environment hook '/ros_humble/install/serial/share/serial/hook/cmake_prefix_path.sh'
[0.356s] Level 1:colcon.colcon_core.environment:checking '/ros_humble/install/serial/lib'
[0.356s] Level 1:colcon.colcon_core.environment:checking '/ros_humble/install/serial/bin'
[0.356s] Level 1:colcon.colcon_core.environment:checking '/ros_humble/install/serial/lib/pkgconfig/serial.pc'
[0.356s] Level 1:colcon.colcon_core.environment:checking '/ros_humble/install/serial/lib/python3.10/site-packages'
[0.357s] Level 1:colcon.colcon_core.environment:checking '/ros_humble/install/serial/bin'
[0.357s] INFO:colcon.colcon_core.shell:Creating package script '/ros_humble/install/serial/share/serial/package.ps1'
[0.357s] INFO:colcon.colcon_core.shell:Creating package descriptor '/ros_humble/install/serial/share/serial/package.dsv'
[0.357s] INFO:colcon.colcon_core.shell:Creating package script '/ros_humble/install/serial/share/serial/package.sh'
[0.357s] INFO:colcon.colcon_core.shell:Creating package script '/ros_humble/install/serial/share/serial/package.bash'
[0.358s] INFO:colcon.colcon_core.shell:Creating package script '/ros_humble/install/serial/share/serial/package.zsh'
[0.358s] Level 1:colcon.colcon_core.environment:create_file_with_runtime_dependencies(/ros_humble/install/serial/share/colcon-core/packages/serial)
[0.358s] INFO:colcon.colcon_ros.task.ament_cmake.build:Building ROS package in '/ros_humble/src/sensor/diffdrive_arduino' with build type 'ament_cmake'
[0.358s] INFO:colcon.colcon_cmake.task.cmake.build:Building CMake package in '/ros_humble/src/sensor/diffdrive_arduino'
[0.358s] INFO:colcon.colcon_core.shell:Skip shell extension 'powershell' for command environment: Not usable outside of PowerShell
[0.358s] DEBUG:colcon.colcon_core.shell:Skip shell extension 'dsv' for command environment
[0.365s] DEBUG:colcon.colcon_core.event_handler.log_command:Invoking command in '/ros_humble/build/diffdrive_arduino': CMAKE_PREFIX_PATH=/ros_humble/install/serial:/ros_humble/install/serial_motor_demo_msgs:/ros_humble/install/diffdrive_arduino:/ros_humble/install/ldlidar_stl_ros2:/ros_humble/install/serial_motor_demo:/ros_humble/install/au_bot_description:/opt/ros/humble /usr/bin/cmake --build /ros_humble/build/diffdrive_arduino -- -j16 -l16
[0.386s] DEBUG:colcon.colcon_core.event_handler.log_command:Invoked command in '/ros_humble/build/serial_motor_demo_msgs' returned '0': CMAKE_PREFIX_PATH=${CMAKE_PREFIX_PATH}:/ros_humble/install/serial_motor_demo:/ros_humble/install/au_bot_description:/opt/ros/humble /usr/bin/cmake --build /ros_humble/build/serial_motor_demo_msgs -- -j16 -l16
[0.387s] DEBUG:colcon.colcon_core.event_handler.log_command:Invoking command in '/ros_humble/build/serial_motor_demo_msgs': CMAKE_PREFIX_PATH=${CMAKE_PREFIX_PATH}:/ros_humble/install/serial_motor_demo:/ros_humble/install/au_bot_description:/opt/ros/humble /usr/bin/cmake --install /ros_humble/build/serial_motor_demo_msgs
[0.391s] DEBUG:colcon.colcon_core.event_handler.log_command:Invoked command in '/ros_humble/build/ldlidar_stl_ros2' returned '0': CMAKE_PREFIX_PATH=${CMAKE_PREFIX_PATH}:/ros_humble/install/serial_motor_demo:/ros_humble/install/au_bot_description:/opt/ros/humble /usr/bin/cmake --build /ros_humble/build/ldlidar_stl_ros2 -- -j16 -l16
[0.393s] DEBUG:colcon.colcon_core.event_handler.log_command:Invoking command in '/ros_humble/build/ldlidar_stl_ros2': CMAKE_PREFIX_PATH=${CMAKE_PREFIX_PATH}:/ros_humble/install/serial_motor_demo:/ros_humble/install/au_bot_description:/opt/ros/humble /usr/bin/cmake --install /ros_humble/build/ldlidar_stl_ros2
[0.404s] Level 1:colcon.colcon_core.environment:create_environment_scripts_only(ldlidar_stl_ros2)
[0.404s] Level 1:colcon.colcon_core.environment:checking '/ros_humble/install/ldlidar_stl_ros2' for CMake module files
[0.405s] DEBUG:colcon.colcon_core.event_handler.log_command:Invoked command in '/ros_humble/build/ldlidar_stl_ros2' returned '0': CMAKE_PREFIX_PATH=${CMAKE_PREFIX_PATH}:/ros_humble/install/serial_motor_demo:/ros_humble/install/au_bot_description:/opt/ros/humble /usr/bin/cmake --install /ros_humble/build/ldlidar_stl_ros2
[0.405s] Level 1:colcon.colcon_core.environment:checking '/ros_humble/install/ldlidar_stl_ros2' for CMake config files
[0.405s] Level 1:colcon.colcon_core.shell:create_environment_hook('ldlidar_stl_ros2', 'cmake_prefix_path')
[0.406s] INFO:colcon.colcon_core.shell:Creating environment hook '/ros_humble/install/ldlidar_stl_ros2/share/ldlidar_stl_ros2/hook/cmake_prefix_path.ps1'
[0.406s] INFO:colcon.colcon_core.shell:Creating environment descriptor '/ros_humble/install/ldlidar_stl_ros2/share/ldlidar_stl_ros2/hook/cmake_prefix_path.dsv'
[0.407s] INFO:colcon.colcon_core.shell:Creating environment hook '/ros_humble/install/ldlidar_stl_ros2/share/ldlidar_stl_ros2/hook/cmake_prefix_path.sh'
[0.407s] Level 1:colcon.colcon_core.environment:checking '/ros_humble/install/ldlidar_stl_ros2/lib'
[0.407s] Level 1:colcon.colcon_core.environment:checking '/ros_humble/install/ldlidar_stl_ros2/bin'
[0.407s] Level 1:colcon.colcon_core.environment:checking '/ros_humble/install/ldlidar_stl_ros2/lib/pkgconfig/ldlidar_stl_ros2.pc'
[0.408s] Level 1:colcon.colcon_core.environment:checking '/ros_humble/install/ldlidar_stl_ros2/lib/python3.10/site-packages'
[0.408s] Level 1:colcon.colcon_core.environment:checking '/ros_humble/install/ldlidar_stl_ros2/bin'
[0.408s] INFO:colcon.colcon_core.shell:Creating package script '/ros_humble/install/ldlidar_stl_ros2/share/ldlidar_stl_ros2/package.ps1'
[0.409s] INFO:colcon.colcon_core.shell:Creating package descriptor '/ros_humble/install/ldlidar_stl_ros2/share/ldlidar_stl_ros2/package.dsv'
[0.409s] INFO:colcon.colcon_core.shell:Creating package script '/ros_humble/install/ldlidar_stl_ros2/share/ldlidar_stl_ros2/package.sh'
[0.409s] INFO:colcon.colcon_core.shell:Creating package script '/ros_humble/install/ldlidar_stl_ros2/share/ldlidar_stl_ros2/package.bash'
[0.410s] INFO:colcon.colcon_core.shell:Creating package script '/ros_humble/install/ldlidar_stl_ros2/share/ldlidar_stl_ros2/package.zsh'
[0.410s] Level 1:colcon.colcon_core.environment:create_file_with_runtime_dependencies(/ros_humble/install/ldlidar_stl_ros2/share/colcon-core/packages/ldlidar_stl_ros2)
[0.411s] Level 1:colcon.colcon_core.environment:create_environment_scripts_only(ldlidar_stl_ros2)
[0.411s] Level 1:colcon.colcon_core.environment:checking '/ros_humble/install/ldlidar_stl_ros2' for CMake module files
[0.412s] Level 1:colcon.colcon_core.environment:checking '/ros_humble/install/ldlidar_stl_ros2' for CMake config files
[0.412s] Level 1:colcon.colcon_core.shell:create_environment_hook('ldlidar_stl_ros2', 'cmake_prefix_path')
[0.412s] INFO:colcon.colcon_core.shell:Creating environment hook '/ros_humble/install/ldlidar_stl_ros2/share/ldlidar_stl_ros2/hook/cmake_prefix_path.ps1'
[0.412s] INFO:colcon.colcon_core.shell:Creating environment descriptor '/ros_humble/install/ldlidar_stl_ros2/share/ldlidar_stl_ros2/hook/cmake_prefix_path.dsv'
[0.412s] INFO:colcon.colcon_core.shell:Creating environment hook '/ros_humble/install/ldlidar_stl_ros2/share/ldlidar_stl_ros2/hook/cmake_prefix_path.sh'
[0.413s] Level 1:colcon.colcon_core.environment:checking '/ros_humble/install/ldlidar_stl_ros2/lib'
[0.413s] Level 1:colcon.colcon_core.environment:checking '/ros_humble/install/ldlidar_stl_ros2/bin'
[0.413s] Level 1:colcon.colcon_core.environment:checking '/ros_humble/install/ldlidar_stl_ros2/lib/pkgconfig/ldlidar_stl_ros2.pc'
[0.413s] Level 1:colcon.colcon_core.environment:checking '/ros_humble/install/ldlidar_stl_ros2/lib/python3.10/site-packages'
[0.413s] Level 1:colcon.colcon_core.environment:checking '/ros_humble/install/ldlidar_stl_ros2/bin'
[0.413s] INFO:colcon.colcon_core.shell:Creating package script '/ros_humble/install/ldlidar_stl_ros2/share/ldlidar_stl_ros2/package.ps1'
[0.413s] INFO:colcon.colcon_core.shell:Creating package descriptor '/ros_humble/install/ldlidar_stl_ros2/share/ldlidar_stl_ros2/package.dsv'
[0.414s] INFO:colcon.colcon_core.shell:Creating package script '/ros_humble/install/ldlidar_stl_ros2/share/ldlidar_stl_ros2/package.sh'
[0.414s] INFO:colcon.colcon_core.shell:Creating package script '/ros_humble/install/ldlidar_stl_ros2/share/ldlidar_stl_ros2/package.bash'
[0.414s] INFO:colcon.colcon_core.shell:Creating package script '/ros_humble/install/ldlidar_stl_ros2/share/ldlidar_stl_ros2/package.zsh'
[0.414s] Level 1:colcon.colcon_core.environment:create_file_with_runtime_dependencies(/ros_humble/install/ldlidar_stl_ros2/share/colcon-core/packages/ldlidar_stl_ros2)
[0.419s] DEBUG:colcon.colcon_core.event_handler.log_command:Invoked command in '/ros_humble/build/diffdrive_arduino' returned '0': CMAKE_PREFIX_PATH=/ros_humble/install/serial:/ros_humble/install/serial_motor_demo_msgs:/ros_humble/install/diffdrive_arduino:/ros_humble/install/ldlidar_stl_ros2:/ros_humble/install/serial_motor_demo:/ros_humble/install/au_bot_description:/opt/ros/humble /usr/bin/cmake --build /ros_humble/build/diffdrive_arduino -- -j16 -l16
[0.420s] DEBUG:colcon.colcon_core.event_handler.log_command:Invoking command in '/ros_humble/build/diffdrive_arduino': CMAKE_PREFIX_PATH=/ros_humble/install/serial:/ros_humble/install/serial_motor_demo_msgs:/ros_humble/install/diffdrive_arduino:/ros_humble/install/ldlidar_stl_ros2:/ros_humble/install/serial_motor_demo:/ros_humble/install/au_bot_description:/opt/ros/humble /usr/bin/cmake --install /ros_humble/build/diffdrive_arduino
[0.425s] Level 1:colcon.colcon_core.environment:create_environment_scripts_only(serial_motor_demo_msgs)
[0.425s] Level 1:colcon.colcon_core.environment:checking '/ros_humble/install/serial_motor_demo_msgs' for CMake module files
[0.425s] DEBUG:colcon.colcon_core.event_handler.log_command:Invoked command in '/ros_humble/build/serial_motor_demo_msgs' returned '0': CMAKE_PREFIX_PATH=${CMAKE_PREFIX_PATH}:/ros_humble/install/serial_motor_demo:/ros_humble/install/au_bot_description:/opt/ros/humble /usr/bin/cmake --install /ros_humble/build/serial_motor_demo_msgs
[0.426s] Level 1:colcon.colcon_core.environment:checking '/ros_humble/install/serial_motor_demo_msgs' for CMake config files
[0.426s] Level 1:colcon.colcon_core.shell:create_environment_hook('serial_motor_demo_msgs', 'cmake_prefix_path')
[0.426s] INFO:colcon.colcon_core.shell:Creating environment hook '/ros_humble/install/serial_motor_demo_msgs/share/serial_motor_demo_msgs/hook/cmake_prefix_path.ps1'
[0.426s] INFO:colcon.colcon_core.shell:Creating environment descriptor '/ros_humble/install/serial_motor_demo_msgs/share/serial_motor_demo_msgs/hook/cmake_prefix_path.dsv'
[0.427s] INFO:colcon.colcon_core.shell:Creating environment hook '/ros_humble/install/serial_motor_demo_msgs/share/serial_motor_demo_msgs/hook/cmake_prefix_path.sh'
[0.427s] Level 1:colcon.colcon_core.environment:checking '/ros_humble/install/serial_motor_demo_msgs/lib'
[0.427s] Level 1:colcon.colcon_core.shell:create_environment_hook('serial_motor_demo_msgs', 'ld_library_path_lib')
[0.427s] INFO:colcon.colcon_core.shell:Creating environment hook '/ros_humble/install/serial_motor_demo_msgs/share/serial_motor_demo_msgs/hook/ld_library_path_lib.ps1'
[0.427s] INFO:colcon.colcon_core.shell:Creating environment descriptor '/ros_humble/install/serial_motor_demo_msgs/share/serial_motor_demo_msgs/hook/ld_library_path_lib.dsv'
[0.427s] INFO:colcon.colcon_core.shell:Creating environment hook '/ros_humble/install/serial_motor_demo_msgs/share/serial_motor_demo_msgs/hook/ld_library_path_lib.sh'
[0.428s] Level 1:colcon.colcon_core.environment:checking '/ros_humble/install/serial_motor_demo_msgs/bin'
[0.428s] Level 1:colcon.colcon_core.environment:checking '/ros_humble/install/serial_motor_demo_msgs/lib/pkgconfig/serial_motor_demo_msgs.pc'
[0.428s] Level 1:colcon.colcon_core.environment:checking '/ros_humble/install/serial_motor_demo_msgs/lib/python3.10/site-packages'
[0.428s] Level 1:colcon.colcon_core.environment:checking '/ros_humble/install/serial_motor_demo_msgs/bin'
[0.428s] INFO:colcon.colcon_core.shell:Creating package script '/ros_humble/install/serial_motor_demo_msgs/share/serial_motor_demo_msgs/package.ps1'
[0.429s] INFO:colcon.colcon_core.shell:Creating package descriptor '/ros_humble/install/serial_motor_demo_msgs/share/serial_motor_demo_msgs/package.dsv'
[0.430s] INFO:colcon.colcon_core.shell:Creating package script '/ros_humble/install/serial_motor_demo_msgs/share/serial_motor_demo_msgs/package.sh'
[0.430s] INFO:colcon.colcon_core.shell:Creating package script '/ros_humble/install/serial_motor_demo_msgs/share/serial_motor_demo_msgs/package.bash'
[0.430s] INFO:colcon.colcon_core.shell:Creating package script '/ros_humble/install/serial_motor_demo_msgs/share/serial_motor_demo_msgs/package.zsh'
[0.430s] Level 1:colcon.colcon_core.environment:create_file_with_runtime_dependencies(/ros_humble/install/serial_motor_demo_msgs/share/colcon-core/packages/serial_motor_demo_msgs)
[0.430s] Level 1:colcon.colcon_core.environment:create_environment_scripts_only(serial_motor_demo_msgs)
[0.431s] Level 1:colcon.colcon_core.environment:checking '/ros_humble/install/serial_motor_demo_msgs' for CMake module files
[0.431s] Level 1:colcon.colcon_core.environment:checking '/ros_humble/install/serial_motor_demo_msgs' for CMake config files
[0.431s] Level 1:colcon.colcon_core.shell:create_environment_hook('serial_motor_demo_msgs', 'cmake_prefix_path')
[0.431s] INFO:colcon.colcon_core.shell:Creating environment hook '/ros_humble/install/serial_motor_demo_msgs/share/serial_motor_demo_msgs/hook/cmake_prefix_path.ps1'
[0.431s] INFO:colcon.colcon_core.shell:Creating environment descriptor '/ros_humble/install/serial_motor_demo_msgs/share/serial_motor_demo_msgs/hook/cmake_prefix_path.dsv'
[0.432s] INFO:colcon.colcon_core.shell:Creating environment hook '/ros_humble/install/serial_motor_demo_msgs/share/serial_motor_demo_msgs/hook/cmake_prefix_path.sh'
[0.432s] Level 1:colcon.colcon_core.environment:checking '/ros_humble/install/serial_motor_demo_msgs/lib'
[0.432s] Level 1:colcon.colcon_core.shell:create_environment_hook('serial_motor_demo_msgs', 'ld_library_path_lib')
[0.432s] INFO:colcon.colcon_core.shell:Creating environment hook '/ros_humble/install/serial_motor_demo_msgs/share/serial_motor_demo_msgs/hook/ld_library_path_lib.ps1'
[0.432s] INFO:colcon.colcon_core.shell:Creating environment descriptor '/ros_humble/install/serial_motor_demo_msgs/share/serial_motor_demo_msgs/hook/ld_library_path_lib.dsv'
[0.432s] INFO:colcon.colcon_core.shell:Creating environment hook '/ros_humble/install/serial_motor_demo_msgs/share/serial_motor_demo_msgs/hook/ld_library_path_lib.sh'
[0.433s] Level 1:colcon.colcon_core.environment:checking '/ros_humble/install/serial_motor_demo_msgs/bin'
[0.433s] Level 1:colcon.colcon_core.environment:checking '/ros_humble/install/serial_motor_demo_msgs/lib/pkgconfig/serial_motor_demo_msgs.pc'
[0.433s] Level 1:colcon.colcon_core.environment:checking '/ros_humble/install/serial_motor_demo_msgs/lib/python3.10/site-packages'
[0.433s] Level 1:colcon.colcon_core.environment:checking '/ros_humble/install/serial_motor_demo_msgs/bin'
[0.433s] INFO:colcon.colcon_core.shell:Creating package script '/ros_humble/install/serial_motor_demo_msgs/share/serial_motor_demo_msgs/package.ps1'
[0.433s] INFO:colcon.colcon_core.shell:Creating package descriptor '/ros_humble/install/serial_motor_demo_msgs/share/serial_motor_demo_msgs/package.dsv'
[0.434s] INFO:colcon.colcon_core.shell:Creating package script '/ros_humble/install/serial_motor_demo_msgs/share/serial_motor_demo_msgs/package.sh'
[0.434s] INFO:colcon.colcon_core.shell:Creating package script '/ros_humble/install/serial_motor_demo_msgs/share/serial_motor_demo_msgs/package.bash'
[0.434s] INFO:colcon.colcon_core.shell:Creating package script '/ros_humble/install/serial_motor_demo_msgs/share/serial_motor_demo_msgs/package.zsh'
[0.434s] Level 1:colcon.colcon_core.environment:create_file_with_runtime_dependencies(/ros_humble/install/serial_motor_demo_msgs/share/colcon-core/packages/serial_motor_demo_msgs)
[0.434s] INFO:colcon.colcon_ros.task.ament_python.build:Building ROS package in '/ros_humble/src/sensor/serial_motor_demo/serial_motor_demo' with build type 'ament_python'
[0.434s] Level 1:colcon.colcon_core.shell:create_environment_hook('serial_motor_demo', 'ament_prefix_path')
[0.435s] INFO:colcon.colcon_core.shell:Creating environment hook '/ros_humble/install/serial_motor_demo/share/serial_motor_demo/hook/ament_prefix_path.ps1'
[0.435s] INFO:colcon.colcon_core.shell:Creating environment descriptor '/ros_humble/install/serial_motor_demo/share/serial_motor_demo/hook/ament_prefix_path.dsv'
[0.435s] INFO:colcon.colcon_core.shell:Creating environment hook '/ros_humble/install/serial_motor_demo/share/serial_motor_demo/hook/ament_prefix_path.sh'
[0.435s] INFO:colcon.colcon_core.shell:Skip shell extension 'powershell' for command environment: Not usable outside of PowerShell
[0.435s] DEBUG:colcon.colcon_core.shell:Skip shell extension 'dsv' for command environment
[0.438s] Level 1:colcon.colcon_core.environment:create_environment_scripts_only(diffdrive_arduino)
[0.438s] Level 1:colcon.colcon_core.environment:checking '/ros_humble/install/diffdrive_arduino' for CMake module files
[0.438s] DEBUG:colcon.colcon_core.event_handler.log_command:Invoked command in '/ros_humble/build/diffdrive_arduino' returned '0': CMAKE_PREFIX_PATH=/ros_humble/install/serial:/ros_humble/install/serial_motor_demo_msgs:/ros_humble/install/diffdrive_arduino:/ros_humble/install/ldlidar_stl_ros2:/ros_humble/install/serial_motor_demo:/ros_humble/install/au_bot_description:/opt/ros/humble /usr/bin/cmake --install /ros_humble/build/diffdrive_arduino
[0.438s] Level 1:colcon.colcon_core.environment:checking '/ros_humble/install/diffdrive_arduino' for CMake config files
[0.439s] Level 1:colcon.colcon_core.shell:create_environment_hook('diffdrive_arduino', 'cmake_prefix_path')
[0.439s] INFO:colcon.colcon_core.shell:Creating environment hook '/ros_humble/install/diffdrive_arduino/share/diffdrive_arduino/hook/cmake_prefix_path.ps1'
[0.439s] INFO:colcon.colcon_core.shell:Creating environment descriptor '/ros_humble/install/diffdrive_arduino/share/diffdrive_arduino/hook/cmake_prefix_path.dsv'
[0.439s] INFO:colcon.colcon_core.shell:Creating environment hook '/ros_humble/install/diffdrive_arduino/share/diffdrive_arduino/hook/cmake_prefix_path.sh'
[0.439s] Level 1:colcon.colcon_core.environment:checking '/ros_humble/install/diffdrive_arduino/lib'
[0.440s] Level 1:colcon.colcon_core.shell:create_environment_hook('diffdrive_arduino', 'ld_library_path_lib')
[0.440s] INFO:colcon.colcon_core.shell:Creating environment hook '/ros_humble/install/diffdrive_arduino/share/diffdrive_arduino/hook/ld_library_path_lib.ps1'
[0.440s] INFO:colcon.colcon_core.shell:Creating environment descriptor '/ros_humble/install/diffdrive_arduino/share/diffdrive_arduino/hook/ld_library_path_lib.dsv'
[0.440s] INFO:colcon.colcon_core.shell:Creating environment hook '/ros_humble/install/diffdrive_arduino/share/diffdrive_arduino/hook/ld_library_path_lib.sh'
[0.440s] Level 1:colcon.colcon_core.environment:checking '/ros_humble/install/diffdrive_arduino/bin'
[0.440s] Level 1:colcon.colcon_core.environment:checking '/ros_humble/install/diffdrive_arduino/lib/pkgconfig/diffdrive_arduino.pc'
[0.440s] Level 1:colcon.colcon_core.environment:checking '/ros_humble/install/diffdrive_arduino/lib/python3.10/site-packages'
[0.440s] Level 1:colcon.colcon_core.environment:checking '/ros_humble/install/diffdrive_arduino/bin'
[0.441s] INFO:colcon.colcon_core.shell:Creating package script '/ros_humble/install/diffdrive_arduino/share/diffdrive_arduino/package.ps1'
[0.441s] INFO:colcon.colcon_core.shell:Creating package descriptor '/ros_humble/install/diffdrive_arduino/share/diffdrive_arduino/package.dsv'
[0.441s] INFO:colcon.colcon_core.shell:Creating package script '/ros_humble/install/diffdrive_arduino/share/diffdrive_arduino/package.sh'
[0.442s] INFO:colcon.colcon_core.shell:Creating package script '/ros_humble/install/diffdrive_arduino/share/diffdrive_arduino/package.bash'
[0.442s] INFO:colcon.colcon_core.shell:Creating package script '/ros_humble/install/diffdrive_arduino/share/diffdrive_arduino/package.zsh'
[0.442s] Level 1:colcon.colcon_core.environment:create_file_with_runtime_dependencies(/ros_humble/install/diffdrive_arduino/share/colcon-core/packages/diffdrive_arduino)
[0.442s] Level 1:colcon.colcon_core.environment:create_environment_scripts_only(diffdrive_arduino)
[0.442s] Level 1:colcon.colcon_core.environment:checking '/ros_humble/install/diffdrive_arduino' for CMake module files
[0.443s] Level 1:colcon.colcon_core.environment:checking '/ros_humble/install/diffdrive_arduino' for CMake config files
[0.443s] Level 1:colcon.colcon_core.shell:create_environment_hook('diffdrive_arduino', 'cmake_prefix_path')
[0.443s] INFO:colcon.colcon_core.shell:Creating environment hook '/ros_humble/install/diffdrive_arduino/share/diffdrive_arduino/hook/cmake_prefix_path.ps1'
[0.443s] INFO:colcon.colcon_core.shell:Creating environment descriptor '/ros_humble/install/diffdrive_arduino/share/diffdrive_arduino/hook/cmake_prefix_path.dsv'
[0.444s] INFO:colcon.colcon_core.shell:Creating environment hook '/ros_humble/install/diffdrive_arduino/share/diffdrive_arduino/hook/cmake_prefix_path.sh'
[0.444s] Level 1:colcon.colcon_core.environment:checking '/ros_humble/install/diffdrive_arduino/lib'
[0.444s] Level 1:colcon.colcon_core.shell:create_environment_hook('diffdrive_arduino', 'ld_library_path_lib')
[0.444s] INFO:colcon.colcon_core.shell:Creating environment hook '/ros_humble/install/diffdrive_arduino/share/diffdrive_arduino/hook/ld_library_path_lib.ps1'
[0.444s] INFO:colcon.colcon_core.shell:Creating environment descriptor '/ros_humble/install/diffdrive_arduino/share/diffdrive_arduino/hook/ld_library_path_lib.dsv'
[0.445s] INFO:colcon.colcon_core.shell:Creating environment hook '/ros_humble/install/diffdrive_arduino/share/diffdrive_arduino/hook/ld_library_path_lib.sh'
[0.445s] Level 1:colcon.colcon_core.environment:checking '/ros_humble/install/diffdrive_arduino/bin'
[0.445s] Level 1:colcon.colcon_core.environment:checking '/ros_humble/install/diffdrive_arduino/lib/pkgconfig/diffdrive_arduino.pc'
[0.445s] Level 1:colcon.colcon_core.environment:checking '/ros_humble/install/diffdrive_arduino/lib/python3.10/site-packages'
[0.445s] Level 1:colcon.colcon_core.environment:checking '/ros_humble/install/diffdrive_arduino/bin'
[0.445s] INFO:colcon.colcon_core.shell:Creating package script '/ros_humble/install/diffdrive_arduino/share/diffdrive_arduino/package.ps1'
[0.446s] INFO:colcon.colcon_core.shell:Creating package descriptor '/ros_humble/install/diffdrive_arduino/share/diffdrive_arduino/package.dsv'
[0.446s] INFO:colcon.colcon_core.shell:Creating package script '/ros_humble/install/diffdrive_arduino/share/diffdrive_arduino/package.sh'
[0.446s] INFO:colcon.colcon_core.shell:Creating package script '/ros_humble/install/diffdrive_arduino/share/diffdrive_arduino/package.bash'
[0.447s] INFO:colcon.colcon_core.shell:Creating package script '/ros_humble/install/diffdrive_arduino/share/diffdrive_arduino/package.zsh'
[0.447s] Level 1:colcon.colcon_core.environment:create_file_with_runtime_dependencies(/ros_humble/install/diffdrive_arduino/share/colcon-core/packages/diffdrive_arduino)
[0.583s] INFO:colcon.colcon_core.task.python.build:Building Python package in '/ros_humble/src/sensor/serial_motor_demo/serial_motor_demo'
[0.583s] INFO:colcon.colcon_core.shell:Skip shell extension 'powershell' for command environment: Not usable outside of PowerShell
[0.583s] DEBUG:colcon.colcon_core.shell:Skip shell extension 'dsv' for command environment
[0.588s] DEBUG:colcon.colcon_core.event_handler.log_command:Invoking command in '/ros_humble/src/au_bot_description': PYTHONPATH=/ros_humble/build/au_bot_description/prefix_override:/usr/lib/python3/dist-packages/colcon_core/task/python/colcon_distutils_commands:/ros_humble/install/au_bot_description/lib/python3.10/site-packages:${PYTHONPATH} /usr/bin/python3 -W ignore:setup.py install is deprecated -W ignore:easy_install command is deprecated setup.py egg_info --egg-base ../../build/au_bot_description build --build-base /ros_humble/build/au_bot_description/build install --record /ros_humble/build/au_bot_description/install.log --single-version-externally-managed install_data
[0.743s] Level 1:colcon.colcon_core.environment:checking '/ros_humble/install/au_bot_description' for CMake module files
[0.744s] DEBUG:colcon.colcon_core.event_handler.log_command:Invoked command in '/ros_humble/src/au_bot_description' returned '0': PYTHONPATH=/ros_humble/build/au_bot_description/prefix_override:/usr/lib/python3/dist-packages/colcon_core/task/python/colcon_distutils_commands:/ros_humble/install/au_bot_description/lib/python3.10/site-packages:${PYTHONPATH} /usr/bin/python3 -W ignore:setup.py install is deprecated -W ignore:easy_install command is deprecated setup.py egg_info --egg-base ../../build/au_bot_description build --build-base /ros_humble/build/au_bot_description/build install --record /ros_humble/build/au_bot_description/install.log --single-version-externally-managed install_data
[0.744s] Level 1:colcon.colcon_core.environment:checking '/ros_humble/install/au_bot_description' for CMake config files
[0.744s] Level 1:colcon.colcon_core.environment:checking '/ros_humble/install/au_bot_description/lib'
[0.744s] Level 1:colcon.colcon_core.environment:checking '/ros_humble/install/au_bot_description/bin'
[0.744s] Level 1:colcon.colcon_core.environment:checking '/ros_humble/install/au_bot_description/lib/pkgconfig/au_bot_description.pc'
[0.745s] Level 1:colcon.colcon_core.environment:checking '/ros_humble/install/au_bot_description/lib/python3.10/site-packages'
[0.745s] Level 1:colcon.colcon_core.shell:create_environment_hook('au_bot_description', 'pythonpath')
[0.745s] INFO:colcon.colcon_core.shell:Creating environment hook '/ros_humble/install/au_bot_description/share/au_bot_description/hook/pythonpath.ps1'
[0.745s] INFO:colcon.colcon_core.shell:Creating environment descriptor '/ros_humble/install/au_bot_description/share/au_bot_description/hook/pythonpath.dsv'
[0.745s] INFO:colcon.colcon_core.shell:Creating environment hook '/ros_humble/install/au_bot_description/share/au_bot_description/hook/pythonpath.sh'
[0.746s] Level 1:colcon.colcon_core.environment:checking '/ros_humble/install/au_bot_description/bin'
[0.746s] Level 1:colcon.colcon_core.environment:create_environment_scripts_only(au_bot_description)
[0.746s] INFO:colcon.colcon_core.shell:Creating package script '/ros_humble/install/au_bot_description/share/au_bot_description/package.ps1'
[0.746s] INFO:colcon.colcon_core.shell:Creating package descriptor '/ros_humble/install/au_bot_description/share/au_bot_description/package.dsv'
[0.746s] INFO:colcon.colcon_core.shell:Creating package script '/ros_humble/install/au_bot_description/share/au_bot_description/package.sh'
[0.746s] INFO:colcon.colcon_core.shell:Creating package script '/ros_humble/install/au_bot_description/share/au_bot_description/package.bash'
[0.747s] INFO:colcon.colcon_core.shell:Creating package script '/ros_humble/install/au_bot_description/share/au_bot_description/package.zsh'
[0.747s] Level 1:colcon.colcon_core.environment:create_file_with_runtime_dependencies(/ros_humble/install/au_bot_description/share/colcon-core/packages/au_bot_description)
[0.783s] DEBUG:colcon.colcon_core.event_handler.log_command:Invoking command in '/ros_humble/src/sensor/serial_motor_demo/serial_motor_demo': PYTHONPATH=/ros_humble/build/serial_motor_demo/prefix_override:/usr/lib/python3/dist-packages/colcon_core/task/python/colcon_distutils_commands:/ros_humble/install/serial_motor_demo/lib/python3.10/site-packages:${PYTHONPATH} /usr/bin/python3 -W ignore:setup.py install is deprecated -W ignore:easy_install command is deprecated setup.py egg_info --egg-base ../../../../build/serial_motor_demo build --build-base /ros_humble/build/serial_motor_demo/build install --record /ros_humble/build/serial_motor_demo/install.log --single-version-externally-managed install_data
[0.936s] Level 1:colcon.colcon_core.environment:checking '/ros_humble/install/serial_motor_demo' for CMake module files
[0.937s] DEBUG:colcon.colcon_core.event_handler.log_command:Invoked command in '/ros_humble/src/sensor/serial_motor_demo/serial_motor_demo' returned '0': PYTHONPATH=/ros_humble/build/serial_motor_demo/prefix_override:/usr/lib/python3/dist-packages/colcon_core/task/python/colcon_distutils_commands:/ros_humble/install/serial_motor_demo/lib/python3.10/site-packages:${PYTHONPATH} /usr/bin/python3 -W ignore:setup.py install is deprecated -W ignore:easy_install command is deprecated setup.py egg_info --egg-base ../../../../build/serial_motor_demo build --build-base /ros_humble/build/serial_motor_demo/build install --record /ros_humble/build/serial_motor_demo/install.log --single-version-externally-managed install_data
[0.937s] Level 1:colcon.colcon_core.environment:checking '/ros_humble/install/serial_motor_demo' for CMake config files
[0.937s] Level 1:colcon.colcon_core.environment:checking '/ros_humble/install/serial_motor_demo/lib'
[0.937s] Level 1:colcon.colcon_core.environment:checking '/ros_humble/install/serial_motor_demo/bin'
[0.937s] Level 1:colcon.colcon_core.environment:checking '/ros_humble/install/serial_motor_demo/lib/pkgconfig/serial_motor_demo.pc'
[0.937s] Level 1:colcon.colcon_core.environment:checking '/ros_humble/install/serial_motor_demo/lib/python3.10/site-packages'
[0.938s] Level 1:colcon.colcon_core.shell:create_environment_hook('serial_motor_demo', 'pythonpath')
[0.938s] INFO:colcon.colcon_core.shell:Creating environment hook '/ros_humble/install/serial_motor_demo/share/serial_motor_demo/hook/pythonpath.ps1'
[0.938s] INFO:colcon.colcon_core.shell:Creating environment descriptor '/ros_humble/install/serial_motor_demo/share/serial_motor_demo/hook/pythonpath.dsv'
[0.938s] INFO:colcon.colcon_core.shell:Creating environment hook '/ros_humble/install/serial_motor_demo/share/serial_motor_demo/hook/pythonpath.sh'
[0.938s] Level 1:colcon.colcon_core.environment:checking '/ros_humble/install/serial_motor_demo/bin'
[0.939s] Level 1:colcon.colcon_core.environment:create_environment_scripts_only(serial_motor_demo)
[0.939s] INFO:colcon.colcon_core.shell:Creating package script '/ros_humble/install/serial_motor_demo/share/serial_motor_demo/package.ps1'
[0.939s] INFO:colcon.colcon_core.shell:Creating package descriptor '/ros_humble/install/serial_motor_demo/share/serial_motor_demo/package.dsv'
[0.939s] INFO:colcon.colcon_core.shell:Creating package script '/ros_humble/install/serial_motor_demo/share/serial_motor_demo/package.sh'
[0.939s] INFO:colcon.colcon_core.shell:Creating package script '/ros_humble/install/serial_motor_demo/share/serial_motor_demo/package.bash'
[0.940s] INFO:colcon.colcon_core.shell:Creating package script '/ros_humble/install/serial_motor_demo/share/serial_motor_demo/package.zsh'
[0.940s] Level 1:colcon.colcon_core.environment:create_file_with_runtime_dependencies(/ros_humble/install/serial_motor_demo/share/colcon-core/packages/serial_motor_demo)
[0.940s] DEBUG:colcon.colcon_parallel_executor.executor.parallel:closing loop
[0.940s] DEBUG:colcon.colcon_parallel_executor.executor.parallel:loop closed
[0.940s] DEBUG:colcon.colcon_parallel_executor.executor.parallel:run_until_complete finished with '0'
[0.940s] DEBUG:colcon.colcon_core.event_reactor:joining thread
[0.944s] INFO:colcon.colcon_core.plugin_system:Skipping extension 'colcon_notification.desktop_notification.notify_send': Could not find 'notify-send'
[0.944s] INFO:colcon.colcon_core.plugin_system:Skipping extension 'colcon_notification.desktop_notification.terminal_notifier': Not used on non-Darwin systems
[0.944s] INFO:colcon.colcon_core.plugin_system:Skipping extension 'colcon_notification.desktop_notification.win32': Not used on non-Windows systems
[0.944s] INFO:colcon.colcon_notification.desktop_notification:Sending desktop notification using 'notify2'
[0.949s] DEBUG:colcon.colcon_notification.desktop_notification.notify2:Failed to initialize notify2: org.freedesktop.DBus.Error.ServiceUnknown: The name org.freedesktop.Notifications was not provided by any .service files
[0.949s] DEBUG:colcon.colcon_core.event_reactor:joined thread
[0.949s] INFO:colcon.colcon_core.shell:Creating prefix script '/ros_humble/install/local_setup.ps1'
[0.950s] INFO:colcon.colcon_core.shell:Creating prefix util module '/ros_humble/install/_local_setup_util_ps1.py'
[0.951s] INFO:colcon.colcon_core.shell:Creating prefix chain script '/ros_humble/install/setup.ps1'
[0.951s] INFO:colcon.colcon_core.shell:Creating prefix script '/ros_humble/install/local_setup.sh'
[0.952s] INFO:colcon.colcon_core.shell:Creating prefix util module '/ros_humble/install/_local_setup_util_sh.py'
[0.952s] INFO:colcon.colcon_core.shell:Creating prefix chain script '/ros_humble/install/setup.sh'
[0.953s] INFO:colcon.colcon_core.shell:Creating prefix script '/ros_humble/install/local_setup.bash'
[0.953s] INFO:colcon.colcon_core.shell:Creating prefix chain script '/ros_humble/install/setup.bash'
[0.954s] INFO:colcon.colcon_core.shell:Creating prefix script '/ros_humble/install/local_setup.zsh'
[0.954s] INFO:colcon.colcon_core.shell:Creating prefix chain script '/ros_humble/install/setup.zsh'
