[0.016s] Invoking command in '/ros_humble/build/serial': CMAKE_PREFIX_PATH=${CMAKE_PREFIX_PATH}:/ros_humble/install/serial_motor_demo:/ros_humble/install/au_bot_description:/opt/ros/humble /usr/bin/cmake --build /ros_humble/build/serial -- -j16 -l16
[0.157s] [100%] Built target serial
[0.160s] Invoked command in '/ros_humble/build/serial' returned '0': CMAKE_PREFIX_PATH=${CMAKE_PREFIX_PATH}:/ros_humble/install/serial_motor_demo:/ros_humble/install/au_bot_description:/opt/ros/humble /usr/bin/cmake --build /ros_humble/build/serial -- -j16 -l16
[0.168s] Invoking command in '/ros_humble/build/serial': CMAKE_PREFIX_PATH=${CMAKE_PREFIX_PATH}:/ros_humble/install/serial_motor_demo:/ros_humble/install/au_bot_description:/opt/ros/humble /usr/bin/cmake --install /ros_humble/build/serial
[0.175s] -- Install configuration: ""
[0.175s] -- Up-to-date: /ros_humble/install/serial/share/serial/environment/library_path.sh
[0.175s] -- Up-to-date: /ros_humble/install/serial/share/serial/environment/library_path.dsv
[0.175s] -- Up-to-date: /ros_humble/install/serial/lib/libserial.a
[0.175s] -- Up-to-date: /ros_humble/install/serial/include/serial/serial.h
[0.175s] -- Up-to-date: /ros_humble/install/serial/include/serial/v8stdint.h
[0.175s] -- Up-to-date: /ros_humble/install/serial/share/ament_index/resource_index/package_run_dependencies/serial
[0.175s] -- Up-to-date: /ros_humble/install/serial/share/ament_index/resource_index/parent_prefix_path/serial
[0.175s] -- Up-to-date: /ros_humble/install/serial/share/serial/environment/ament_prefix_path.sh
[0.175s] -- Up-to-date: /ros_humble/install/serial/share/serial/environment/ament_prefix_path.dsv
[0.175s] -- Up-to-date: /ros_humble/install/serial/share/serial/environment/path.sh
[0.175s] -- Up-to-date: /ros_humble/install/serial/share/serial/environment/path.dsv
[0.175s] -- Up-to-date: /ros_humble/install/serial/share/serial/local_setup.bash
[0.175s] -- Up-to-date: /ros_humble/install/serial/share/serial/local_setup.sh
[0.175s] -- Up-to-date: /ros_humble/install/serial/share/serial/local_setup.zsh
[0.175s] -- Up-to-date: /ros_humble/install/serial/share/serial/local_setup.dsv
[0.175s] -- Installing: /ros_humble/install/serial/share/serial/package.dsv
[0.175s] -- Up-to-date: /ros_humble/install/serial/share/ament_index/resource_index/packages/serial
[0.175s] -- Up-to-date: /ros_humble/install/serial/share/serial/cmake/ament_cmake_export_include_directories-extras.cmake
[0.175s] -- Up-to-date: /ros_humble/install/serial/share/serial/cmake/ament_cmake_export_libraries-extras.cmake
[0.175s] -- Up-to-date: /ros_humble/install/serial/share/serial/cmake/serialConfig.cmake
[0.175s] -- Up-to-date: /ros_humble/install/serial/share/serial/cmake/serialConfig-version.cmake
[0.175s] -- Up-to-date: /ros_humble/install/serial/share/serial/package.xml
[0.176s] Invoked command in '/ros_humble/build/serial' returned '0': CMAKE_PREFIX_PATH=${CMAKE_PREFIX_PATH}:/ros_humble/install/serial_motor_demo:/ros_humble/install/au_bot_description:/opt/ros/humble /usr/bin/cmake --install /ros_humble/build/serial
