[0.169s] Invoking command in '/ros_humble/build/ldlidar_stl_ros2': CMAKE_PREFIX_PATH=${CMAKE_PREFIX_PATH}:/ros_humble/install/serial_motor_demo:/ros_humble/install/au_bot_description:/opt/ros/humble /usr/bin/cmake /ros_humble/src/sensor/ldlidar_stl_ros2 -DCMAKE_INSTALL_PREFIX=/ros_humble/install/ldlidar_stl_ros2
[0.208s] -- The C compiler identification is GNU 11.4.0
[0.243s] -- The CXX compiler identification is GNU 11.4.0
[0.249s] -- Detecting C compiler ABI info
[0.299s] -- Detecting C compiler ABI info - done
[0.306s] -- Check for working C compiler: /usr/bin/cc - skipped
[0.307s] -- Detecting C compile features
[0.307s] -- Detecting C compile features - done
[0.311s] -- Detecting CXX compiler ABI info
[0.368s] -- Detecting CXX compiler ABI info - done
[0.374s] -- Check for working CXX compiler: /usr/bin/c++ - skipped
[0.375s] -- Detecting CXX compile features
[0.375s] -- Detecting CXX compile features - done
[0.376s] -- Found ament_cmake: 1.3.11 (/opt/ros/humble/share/ament_cmake/cmake)
[0.484s] -- Found Python3: /usr/bin/python3 (found version "3.10.12") found components: Interpreter 
[0.574s] -- Found rclcpp: 16.0.12 (/opt/ros/humble/share/rclcpp/cmake)
[0.619s] -- Found rosidl_generator_c: 3.1.6 (/opt/ros/humble/share/rosidl_generator_c/cmake)
[0.624s] -- Found rosidl_adapter: 3.1.6 (/opt/ros/humble/share/rosidl_adapter/cmake)
[0.632s] -- Found rosidl_generator_cpp: 3.1.6 (/opt/ros/humble/share/rosidl_generator_cpp/cmake)
[0.643s] -- Using all available rosidl_typesupport_c: rosidl_typesupport_fastrtps_c;rosidl_typesupport_introspection_c
[0.654s] -- Using all available rosidl_typesupport_cpp: rosidl_typesupport_fastrtps_cpp;rosidl_typesupport_introspection_cpp
[0.689s] -- Found rmw_implementation_cmake: 6.1.2 (/opt/ros/humble/share/rmw_implementation_cmake/cmake)
[0.692s] -- Found rmw_fastrtps_cpp: 6.2.7 (/opt/ros/humble/share/rmw_fastrtps_cpp/cmake)
[0.770s] -- Found OpenSSL: /usr/lib/x86_64-linux-gnu/libcrypto.so (found version "3.0.2")  
[0.793s] -- Found FastRTPS: /opt/ros/humble/include  
[0.831s] -- Using RMW implementation 'rmw_fastrtps_cpp' as default
[0.840s] -- Looking for pthread.h
[0.890s] -- Looking for pthread.h - found
[0.891s] -- Performing Test CMAKE_HAVE_LIBC_PTHREAD
[0.942s] -- Performing Test CMAKE_HAVE_LIBC_PTHREAD - Success
[0.943s] -- Found Threads: TRUE  
[0.993s] -- Found sensor_msgs: 4.8.0 (/opt/ros/humble/share/sensor_msgs/cmake)
[1.033s] -- Found ament_lint_auto: 0.12.12 (/opt/ros/humble/share/ament_lint_auto/cmake)
[1.093s] -- Added test 'copyright' to check source files copyright and LICENSE
[1.096s] -- Added test 'cppcheck' to perform static code analysis on C / C++ code
[1.096s] -- Configured cppcheck include dirs: /ros_humble/src/sensor/ldlidar_stl_ros2/include;/ros_humble/src/sensor/ldlidar_stl_ros2/ldlidar_driver/include/core;/ros_humble/src/sensor/ldlidar_stl_ros2/ldlidar_driver/include/dataprocess;/ros_humble/src/sensor/ldlidar_stl_ros2/ldlidar_driver/include/filter;/ros_humble/src/sensor/ldlidar_stl_ros2/ldlidar_driver/include/logger;/ros_humble/src/sensor/ldlidar_stl_ros2/ldlidar_driver/include/networkcom;/ros_humble/src/sensor/ldlidar_stl_ros2/ldlidar_driver/include/serialcom
[1.096s] -- Configured cppcheck exclude dirs and/or files: 
[1.098s] -- Added test 'cpplint' to check C / C++ code against the Google style
[1.098s] -- Configured cpplint exclude dirs and/or files: 
[1.099s] -- Added test 'flake8' to check Python code syntax and style conventions
[1.100s] -- Added test 'lint_cmake' to check CMake code style
[1.100s] -- Added test 'pep257' to check Python code against some of the docstring style conventions in PEP 257
[1.102s] -- Added test 'uncrustify' to check C / C++ code style
[1.102s] -- Configured uncrustify additional arguments: 
[1.103s] -- Added test 'xmllint' to check XML markup files
[1.103s] -- Configuring done
[1.111s] -- Generating done
[1.114s] -- Build files have been written to: /ros_humble/build/ldlidar_stl_ros2
[1.123s] Invoked command in '/ros_humble/build/ldlidar_stl_ros2' returned '0': CMAKE_PREFIX_PATH=${CMAKE_PREFIX_PATH}:/ros_humble/install/serial_motor_demo:/ros_humble/install/au_bot_description:/opt/ros/humble /usr/bin/cmake /ros_humble/src/sensor/ldlidar_stl_ros2 -DCMAKE_INSTALL_PREFIX=/ros_humble/install/ldlidar_stl_ros2
[1.123s] Invoking command in '/ros_humble/build/ldlidar_stl_ros2': CMAKE_PREFIX_PATH=${CMAKE_PREFIX_PATH}:/ros_humble/install/serial_motor_demo:/ros_humble/install/au_bot_description:/opt/ros/humble /usr/bin/cmake --build /ros_humble/build/ldlidar_stl_ros2 -- -j16 -l16
[1.157s] [ 37%] [32mBuilding CXX object CMakeFiles/ldlidar_stl_ros2_node.dir/ldlidar_driver/src/filter/tofbf.cpp.o[0m
[1.157s] [ 37%] [32mBuilding CXX object CMakeFiles/ldlidar_stl_ros2_node.dir/ldlidar_driver/src/core/ldlidar_driver.cpp.o[0m
[1.157s] [ 37%] [32mBuilding CXX object CMakeFiles/ldlidar_stl_ros2_node.dir/src/demo.cpp.o[0m
[1.157s] [ 50%] [32mBuilding CXX object CMakeFiles/ldlidar_stl_ros2_node.dir/ldlidar_driver/src/networkcom/network_socket_interface_linux.cpp.o[0m
[1.157s] [ 62%] [32mBuilding CXX object CMakeFiles/ldlidar_stl_ros2_node.dir/ldlidar_driver/src/logger/log_module.cpp.o[0m
[1.159s] [ 75%] [32mBuilding CXX object CMakeFiles/ldlidar_stl_ros2_node.dir/ldlidar_driver/src/dataprocess/lipkg.cpp.o[0m
[1.159s] [ 87%] [32mBuilding CXX object CMakeFiles/ldlidar_stl_ros2_node.dir/ldlidar_driver/src/serialcom/serial_interface_linux.cpp.o[0m
[4.579s] [100%] [32m[1mLinking CXX executable ldlidar_stl_ros2_node[0m
[4.738s] [100%] Built target ldlidar_stl_ros2_node
[4.745s] Invoked command in '/ros_humble/build/ldlidar_stl_ros2' returned '0': CMAKE_PREFIX_PATH=${CMAKE_PREFIX_PATH}:/ros_humble/install/serial_motor_demo:/ros_humble/install/au_bot_description:/opt/ros/humble /usr/bin/cmake --build /ros_humble/build/ldlidar_stl_ros2 -- -j16 -l16
[4.746s] Invoking command in '/ros_humble/build/ldlidar_stl_ros2': CMAKE_PREFIX_PATH=${CMAKE_PREFIX_PATH}:/ros_humble/install/serial_motor_demo:/ros_humble/install/au_bot_description:/opt/ros/humble /usr/bin/cmake --install /ros_humble/build/ldlidar_stl_ros2
[4.752s] -- Install configuration: ""
[4.752s] -- Installing: /ros_humble/install/ldlidar_stl_ros2/lib/ldlidar_stl_ros2/ldlidar_stl_ros2_node
[4.753s] -- Set runtime path of "/ros_humble/install/ldlidar_stl_ros2/lib/ldlidar_stl_ros2/ldlidar_stl_ros2_node" to ""
[4.753s] -- Installing: /ros_humble/install/ldlidar_stl_ros2/share/ldlidar_stl_ros2//launch
[4.753s] -- Installing: /ros_humble/install/ldlidar_stl_ros2/share/ldlidar_stl_ros2//launch/ld19.launch.py
[4.753s] -- Installing: /ros_humble/install/ldlidar_stl_ros2/share/ldlidar_stl_ros2//launch/viewer_stl27l.launch.py
[4.753s] -- Installing: /ros_humble/install/ldlidar_stl_ros2/share/ldlidar_stl_ros2//launch/stl27l.launch.py
[4.753s] -- Installing: /ros_humble/install/ldlidar_stl_ros2/share/ldlidar_stl_ros2//launch/viewer_ld06.launch.py
[4.754s] -- Installing: /ros_humble/install/ldlidar_stl_ros2/share/ldlidar_stl_ros2//launch/viewer_ld19.launch.py
[4.754s] -- Installing: /ros_humble/install/ldlidar_stl_ros2/share/ldlidar_stl_ros2//launch/ld06.launch.py
[4.754s] -- Installing: /ros_humble/install/ldlidar_stl_ros2/share/ldlidar_stl_ros2//rviz2
[4.754s] -- Installing: /ros_humble/install/ldlidar_stl_ros2/share/ldlidar_stl_ros2//rviz2/ldlidar.rviz
[4.754s] -- Installing: /ros_humble/install/ldlidar_stl_ros2/share/ament_index/resource_index/package_run_dependencies/ldlidar_stl_ros2
[4.754s] -- Installing: /ros_humble/install/ldlidar_stl_ros2/share/ament_index/resource_index/parent_prefix_path/ldlidar_stl_ros2
[4.754s] -- Installing: /ros_humble/install/ldlidar_stl_ros2/share/ldlidar_stl_ros2/environment/ament_prefix_path.sh
[4.754s] -- Installing: /ros_humble/install/ldlidar_stl_ros2/share/ldlidar_stl_ros2/environment/ament_prefix_path.dsv
[4.754s] -- Installing: /ros_humble/install/ldlidar_stl_ros2/share/ldlidar_stl_ros2/environment/path.sh
[4.754s] -- Installing: /ros_humble/install/ldlidar_stl_ros2/share/ldlidar_stl_ros2/environment/path.dsv
[4.754s] -- Installing: /ros_humble/install/ldlidar_stl_ros2/share/ldlidar_stl_ros2/local_setup.bash
[4.754s] -- Installing: /ros_humble/install/ldlidar_stl_ros2/share/ldlidar_stl_ros2/local_setup.sh
[4.754s] -- Installing: /ros_humble/install/ldlidar_stl_ros2/share/ldlidar_stl_ros2/local_setup.zsh
[4.754s] -- Installing: /ros_humble/install/ldlidar_stl_ros2/share/ldlidar_stl_ros2/local_setup.dsv
[4.755s] -- Installing: /ros_humble/install/ldlidar_stl_ros2/share/ldlidar_stl_ros2/package.dsv
[4.755s] -- Installing: /ros_humble/install/ldlidar_stl_ros2/share/ament_index/resource_index/packages/ldlidar_stl_ros2
[4.755s] -- Installing: /ros_humble/install/ldlidar_stl_ros2/share/ldlidar_stl_ros2/cmake/ldlidar_stl_ros2Config.cmake
[4.755s] -- Installing: /ros_humble/install/ldlidar_stl_ros2/share/ldlidar_stl_ros2/cmake/ldlidar_stl_ros2Config-version.cmake
[4.755s] -- Installing: /ros_humble/install/ldlidar_stl_ros2/share/ldlidar_stl_ros2/package.xml
[4.756s] Invoked command in '/ros_humble/build/ldlidar_stl_ros2' returned '0': CMAKE_PREFIX_PATH=${CMAKE_PREFIX_PATH}:/ros_humble/install/serial_motor_demo:/ros_humble/install/au_bot_description:/opt/ros/humble /usr/bin/cmake --install /ros_humble/build/ldlidar_stl_ros2
