[0.150s] Invoking command in '/ros_humble/build/ldlidar_stl_ros2': CMAKE_PREFIX_PATH=${CMAKE_PREFIX_PATH}:/ros_humble/install/serial_motor_demo:/ros_humble/install/au_bot_description:/opt/ros/humble /usr/bin/cmake --build /ros_humble/build/ldlidar_stl_ros2 -- -j16 -l16
[0.194s] [100%] Built target ldlidar_stl_ros2_node
[0.205s] Invoked command in '/ros_humble/build/ldlidar_stl_ros2' returned '0': CMAKE_PREFIX_PATH=${CMAKE_PREFIX_PATH}:/ros_humble/install/serial_motor_demo:/ros_humble/install/au_bot_description:/opt/ros/humble /usr/bin/cmake --build /ros_humble/build/ldlidar_stl_ros2 -- -j16 -l16
[0.206s] Invoking command in '/ros_humble/build/ldlidar_stl_ros2': CMAKE_PREFIX_PATH=${CMAKE_PREFIX_PATH}:/ros_humble/install/serial_motor_demo:/ros_humble/install/au_bot_description:/opt/ros/humble /usr/bin/cmake --install /ros_humble/build/ldlidar_stl_ros2
[0.211s] -- Install configuration: ""
[0.211s] -- Up-to-date: /ros_humble/install/ldlidar_stl_ros2/lib/ldlidar_stl_ros2/ldlidar_stl_ros2_node
[0.211s] -- Up-to-date: /ros_humble/install/ldlidar_stl_ros2/share/ldlidar_stl_ros2//launch
[0.212s] -- Up-to-date: /ros_humble/install/ldlidar_stl_ros2/share/ldlidar_stl_ros2//launch/ld19.launch.py
[0.212s] -- Up-to-date: /ros_humble/install/ldlidar_stl_ros2/share/ldlidar_stl_ros2//launch/viewer_stl27l.launch.py
[0.212s] -- Up-to-date: /ros_humble/install/ldlidar_stl_ros2/share/ldlidar_stl_ros2//launch/stl27l.launch.py
[0.212s] -- Up-to-date: /ros_humble/install/ldlidar_stl_ros2/share/ldlidar_stl_ros2//launch/viewer_ld06.launch.py
[0.212s] -- Up-to-date: /ros_humble/install/ldlidar_stl_ros2/share/ldlidar_stl_ros2//launch/viewer_ld19.launch.py
[0.212s] -- Up-to-date: /ros_humble/install/ldlidar_stl_ros2/share/ldlidar_stl_ros2//launch/ld06.launch.py
[0.212s] -- Up-to-date: /ros_humble/install/ldlidar_stl_ros2/share/ldlidar_stl_ros2//rviz2
[0.212s] -- Up-to-date: /ros_humble/install/ldlidar_stl_ros2/share/ldlidar_stl_ros2//rviz2/ldlidar.rviz
[0.212s] -- Up-to-date: /ros_humble/install/ldlidar_stl_ros2/share/ament_index/resource_index/package_run_dependencies/ldlidar_stl_ros2
[0.212s] -- Up-to-date: /ros_humble/install/ldlidar_stl_ros2/share/ament_index/resource_index/parent_prefix_path/ldlidar_stl_ros2
[0.212s] -- Up-to-date: /ros_humble/install/ldlidar_stl_ros2/share/ldlidar_stl_ros2/environment/ament_prefix_path.sh
[0.212s] -- Up-to-date: /ros_humble/install/ldlidar_stl_ros2/share/ldlidar_stl_ros2/environment/ament_prefix_path.dsv
[0.213s] -- Up-to-date: /ros_humble/install/ldlidar_stl_ros2/share/ldlidar_stl_ros2/environment/path.sh
[0.213s] -- Up-to-date: /ros_humble/install/ldlidar_stl_ros2/share/ldlidar_stl_ros2/environment/path.dsv
[0.213s] -- Up-to-date: /ros_humble/install/ldlidar_stl_ros2/share/ldlidar_stl_ros2/local_setup.bash
[0.213s] -- Up-to-date: /ros_humble/install/ldlidar_stl_ros2/share/ldlidar_stl_ros2/local_setup.sh
[0.213s] -- Up-to-date: /ros_humble/install/ldlidar_stl_ros2/share/ldlidar_stl_ros2/local_setup.zsh
[0.213s] -- Up-to-date: /ros_humble/install/ldlidar_stl_ros2/share/ldlidar_stl_ros2/local_setup.dsv
[0.213s] -- Installing: /ros_humble/install/ldlidar_stl_ros2/share/ldlidar_stl_ros2/package.dsv
[0.213s] -- Up-to-date: /ros_humble/install/ldlidar_stl_ros2/share/ament_index/resource_index/packages/ldlidar_stl_ros2
[0.213s] -- Up-to-date: /ros_humble/install/ldlidar_stl_ros2/share/ldlidar_stl_ros2/cmake/ldlidar_stl_ros2Config.cmake
[0.213s] -- Up-to-date: /ros_humble/install/ldlidar_stl_ros2/share/ldlidar_stl_ros2/cmake/ldlidar_stl_ros2Config-version.cmake
[0.213s] -- Up-to-date: /ros_humble/install/ldlidar_stl_ros2/share/ldlidar_stl_ros2/package.xml
[0.214s] Invoked command in '/ros_humble/build/ldlidar_stl_ros2' returned '0': CMAKE_PREFIX_PATH=${CMAKE_PREFIX_PATH}:/ros_humble/install/serial_motor_demo:/ros_humble/install/au_bot_description:/opt/ros/humble /usr/bin/cmake --install /ros_humble/build/ldlidar_stl_ros2
