[0.378s] Invoking command in '/ros_humble/src/au_bot_description': PYTHONPATH=/ros_humble/build/au_bot_description/prefix_override:/usr/lib/python3/dist-packages/colcon_core/task/python/colcon_distutils_commands:/ros_humble/install/au_bot_description/lib/python3.10/site-packages:${PYTHONPATH} /usr/bin/python3 -W ignore:setup.py install is deprecated -W ignore:easy_install command is deprecated setup.py egg_info --egg-base ../../build/au_bot_description build --build-base /ros_humble/build/au_bot_description/build install --record /ros_humble/build/au_bot_description/install.log --single-version-externally-managed install_data
[0.508s] running egg_info
[0.509s] creating ../../build/au_bot_description/au_bot_description.egg-info
[0.509s] writing ../../build/au_bot_description/au_bot_description.egg-info/PKG-INFO
[0.509s] writing dependency_links to ../../build/au_bot_description/au_bot_description.egg-info/dependency_links.txt
[0.509s] writing entry points to ../../build/au_bot_description/au_bot_description.egg-info/entry_points.txt
[0.509s] writing requirements to ../../build/au_bot_description/au_bot_description.egg-info/requires.txt
[0.509s] writing top-level names to ../../build/au_bot_description/au_bot_description.egg-info/top_level.txt
[0.510s] writing manifest file '../../build/au_bot_description/au_bot_description.egg-info/SOURCES.txt'
[0.511s] reading manifest file '../../build/au_bot_description/au_bot_description.egg-info/SOURCES.txt'
[0.511s] writing manifest file '../../build/au_bot_description/au_bot_description.egg-info/SOURCES.txt'
[0.511s] running build
[0.511s] running build_py
[0.511s] creating /ros_humble/build/au_bot_description/build
[0.511s] creating /ros_humble/build/au_bot_description/build/lib
[0.511s] creating /ros_humble/build/au_bot_description/build/lib/au_bot_description
[0.511s] copying au_bot_description/__init__.py -> /ros_humble/build/au_bot_description/build/lib/au_bot_description
[0.511s] running install
[0.512s] running install_lib
[0.512s] creating /ros_humble/install/au_bot_description/lib/python3.10/site-packages/au_bot_description
[0.512s] copying /ros_humble/build/au_bot_description/build/lib/au_bot_description/__init__.py -> /ros_humble/install/au_bot_description/lib/python3.10/site-packages/au_bot_description
[0.512s] byte-compiling /ros_humble/install/au_bot_description/lib/python3.10/site-packages/au_bot_description/__init__.py to __init__.cpython-310.pyc
[0.512s] running install_data
[0.512s] creating /ros_humble/install/au_bot_description/share/ament_index
[0.512s] creating /ros_humble/install/au_bot_description/share/ament_index/resource_index
[0.512s] creating /ros_humble/install/au_bot_description/share/ament_index/resource_index/packages
[0.512s] copying resource/au_bot_description -> /ros_humble/install/au_bot_description/share/ament_index/resource_index/packages
[0.513s] copying package.xml -> /ros_humble/install/au_bot_description/share/au_bot_description
[0.513s] creating /ros_humble/install/au_bot_description/share/au_bot_description/launch
[0.513s] copying launch/localization.launch.py -> /ros_humble/install/au_bot_description/share/au_bot_description/launch
[0.513s] copying launch/launch_robot.launch.py -> /ros_humble/install/au_bot_description/share/au_bot_description/launch
[0.513s] copying launch/gazebo.launch.py -> /ros_humble/install/au_bot_description/share/au_bot_description/launch
[0.513s] copying launch/navigation.launch.py -> /ros_humble/install/au_bot_description/share/au_bot_description/launch
[0.513s] copying launch/display.launch.py -> /ros_humble/install/au_bot_description/share/au_bot_description/launch
[0.513s] creating /ros_humble/install/au_bot_description/share/au_bot_description/urdf
[0.513s] copying urdf/sensor_plugin.xacro -> /ros_humble/install/au_bot_description/share/au_bot_description/urdf
[0.513s] copying urdf/materials.xacro -> /ros_humble/install/au_bot_description/share/au_bot_description/urdf
[0.513s] copying urdf/au_bot.xacro -> /ros_humble/install/au_bot_description/share/au_bot_description/urdf
[0.513s] copying urdf/gz_control.xacro -> /ros_humble/install/au_bot_description/share/au_bot_description/urdf
[0.513s] copying urdf/au_bot.trans -> /ros_humble/install/au_bot_description/share/au_bot_description/urdf
[0.514s] copying urdf/au_bot.gazebo -> /ros_humble/install/au_bot_description/share/au_bot_description/urdf
[0.514s] copying urdf/au_bot.ros2control -> /ros_humble/install/au_bot_description/share/au_bot_description/urdf
[0.514s] creating /ros_humble/install/au_bot_description/share/au_bot_description/world
[0.514s] copying world/test.world -> /ros_humble/install/au_bot_description/share/au_bot_description/world
[0.514s] creating /ros_humble/install/au_bot_description/share/au_bot_description/meshes
[0.514s] copying meshes/caster_1.stl -> /ros_humble/install/au_bot_description/share/au_bot_description/meshes
[0.514s] copying meshes/right_wheel_1.stl -> /ros_humble/install/au_bot_description/share/au_bot_description/meshes
[0.514s] copying meshes/base_link.stl -> /ros_humble/install/au_bot_description/share/au_bot_description/meshes
[0.515s] copying meshes/left_wheel_1.stl -> /ros_humble/install/au_bot_description/share/au_bot_description/meshes
[0.515s] copying meshes/lidar_1.stl -> /ros_humble/install/au_bot_description/share/au_bot_description/meshes
[0.517s] creating /ros_humble/install/au_bot_description/share/au_bot_description/config
[0.517s] copying config/drive.rviz -> /ros_humble/install/au_bot_description/share/au_bot_description/config
[0.517s] copying config/twist_mux.yaml -> /ros_humble/install/au_bot_description/share/au_bot_description/config
[0.517s] copying config/controllers.yaml -> /ros_humble/install/au_bot_description/share/au_bot_description/config
[0.517s] copying config/gaz_ros2_ctl_use_sim.yaml -> /ros_humble/install/au_bot_description/share/au_bot_description/config
[0.517s] copying config/ros_gz_bridge_gazebo.yaml -> /ros_humble/install/au_bot_description/share/au_bot_description/config
[0.517s] copying config/nav2_params.yaml -> /ros_humble/install/au_bot_description/share/au_bot_description/config
[0.517s] copying config/mapper_params_online_async.yaml -> /ros_humble/install/au_bot_description/share/au_bot_description/config
[0.517s] copying config/gazebo_params.yaml -> /ros_humble/install/au_bot_description/share/au_bot_description/config
[0.517s] running install_egg_info
[0.519s] Copying ../../build/au_bot_description/au_bot_description.egg-info to /ros_humble/install/au_bot_description/lib/python3.10/site-packages/au_bot_description-0.0.0-py3.10.egg-info
[0.519s] running install_scripts
[0.538s] writing list of installed files to '/ros_humble/build/au_bot_description/install.log'
[0.569s] Invoked command in '/ros_humble/src/au_bot_description' returned '0': PYTHONPATH=/ros_humble/build/au_bot_description/prefix_override:/usr/lib/python3/dist-packages/colcon_core/task/python/colcon_distutils_commands:/ros_humble/install/au_bot_description/lib/python3.10/site-packages:${PYTHONPATH} /usr/bin/python3 -W ignore:setup.py install is deprecated -W ignore:easy_install command is deprecated setup.py egg_info --egg-base ../../build/au_bot_description build --build-base /ros_humble/build/au_bot_description/build install --record /ros_humble/build/au_bot_description/install.log --single-version-externally-managed install_data
