[0.006s] Invoking command in '/ros_humble/build/diffdrive_arduino': CMAKE_PREFIX_PATH=/ros_humble/install/serial:/ros_humble/install/serial_motor_demo_msgs:/ros_humble/install/diffdrive_arduino:/ros_humble/install/ldlidar_stl_ros2:/ros_humble/install/serial_motor_demo:/ros_humble/install/au_bot_description:/opt/ros/humble /usr/bin/cmake --build /ros_humble/build/diffdrive_arduino -- -j16 -l16
[0.042s] [35m[1mConsolidate compiler generated dependencies of target diffdrive_arduino[0m
[0.042s] [35m[1mConsolidate compiler generated dependencies of target fake_robot[0m
[0.053s] [ 71%] Built target fake_robot
[0.053s] [100%] Built target diffdrive_arduino
[0.061s] Invoked command in '/ros_humble/build/diffdrive_arduino' returned '0': CMAKE_PREFIX_PATH=/ros_humble/install/serial:/ros_humble/install/serial_motor_demo_msgs:/ros_humble/install/diffdrive_arduino:/ros_humble/install/ldlidar_stl_ros2:/ros_humble/install/serial_motor_demo:/ros_humble/install/au_bot_description:/opt/ros/humble /usr/bin/cmake --build /ros_humble/build/diffdrive_arduino -- -j16 -l16
[0.062s] Invoking command in '/ros_humble/build/diffdrive_arduino': CMAKE_PREFIX_PATH=/ros_humble/install/serial:/ros_humble/install/serial_motor_demo_msgs:/ros_humble/install/diffdrive_arduino:/ros_humble/install/ldlidar_stl_ros2:/ros_humble/install/serial_motor_demo:/ros_humble/install/au_bot_description:/opt/ros/humble /usr/bin/cmake --install /ros_humble/build/diffdrive_arduino
[0.069s] -- Install configuration: ""
[0.069s] -- Up-to-date: /ros_humble/install/diffdrive_arduino/share/diffdrive_arduino/robot_hardware.xml
[0.069s] -- Up-to-date: /ros_humble/install/diffdrive_arduino/share/diffdrive_arduino/fake_robot_hardware.xml
[0.069s] -- Up-to-date: /ros_humble/install/diffdrive_arduino/lib/libdiffdrive_arduino.so
[0.070s] -- Up-to-date: /ros_humble/install/diffdrive_arduino/lib/libfake_robot.so
[0.070s] -- Up-to-date: /ros_humble/install/diffdrive_arduino/share/diffdrive_arduino/controllers
[0.070s] -- Up-to-date: /ros_humble/install/diffdrive_arduino/share/diffdrive_arduino/controllers/robot_controller_example.yaml
[0.070s] -- Up-to-date: /ros_humble/install/diffdrive_arduino/share/diffdrive_arduino
[0.070s] -- Up-to-date: /ros_humble/install/diffdrive_arduino/share/diffdrive_arduino/fake_robot.launch.py
[0.070s] -- Up-to-date: /ros_humble/install/diffdrive_arduino/share/diffdrive_arduino/__pycache__
[0.070s] -- Up-to-date: /ros_humble/install/diffdrive_arduino/share/diffdrive_arduino/__pycache__/test_robot.launch.cpython-310.pyc
[0.070s] -- Up-to-date: /ros_humble/install/diffdrive_arduino/share/diffdrive_arduino/test_robot.launch.py
[0.070s] -- Up-to-date: /ros_humble/install/diffdrive_arduino/share/diffdrive_arduino/environment/library_path.sh
[0.070s] -- Up-to-date: /ros_humble/install/diffdrive_arduino/share/diffdrive_arduino/environment/library_path.dsv
[0.070s] -- Up-to-date: /ros_humble/install/diffdrive_arduino/share/ament_index/resource_index/package_run_dependencies/diffdrive_arduino
[0.070s] -- Up-to-date: /ros_humble/install/diffdrive_arduino/share/ament_index/resource_index/parent_prefix_path/diffdrive_arduino
[0.070s] -- Up-to-date: /ros_humble/install/diffdrive_arduino/share/diffdrive_arduino/environment/ament_prefix_path.sh
[0.070s] -- Up-to-date: /ros_humble/install/diffdrive_arduino/share/diffdrive_arduino/environment/ament_prefix_path.dsv
[0.070s] -- Up-to-date: /ros_humble/install/diffdrive_arduino/share/diffdrive_arduino/environment/path.sh
[0.070s] -- Up-to-date: /ros_humble/install/diffdrive_arduino/share/diffdrive_arduino/environment/path.dsv
[0.070s] -- Up-to-date: /ros_humble/install/diffdrive_arduino/share/diffdrive_arduino/local_setup.bash
[0.070s] -- Up-to-date: /ros_humble/install/diffdrive_arduino/share/diffdrive_arduino/local_setup.sh
[0.070s] -- Up-to-date: /ros_humble/install/diffdrive_arduino/share/diffdrive_arduino/local_setup.zsh
[0.070s] -- Up-to-date: /ros_humble/install/diffdrive_arduino/share/diffdrive_arduino/local_setup.dsv
[0.070s] -- Installing: /ros_humble/install/diffdrive_arduino/share/diffdrive_arduino/package.dsv
[0.071s] -- Up-to-date: /ros_humble/install/diffdrive_arduino/share/ament_index/resource_index/packages/diffdrive_arduino
[0.071s] -- Up-to-date: /ros_humble/install/diffdrive_arduino/share/ament_index/resource_index/hardware_interface__pluginlib__plugin/diffdrive_arduino
[0.071s] -- Up-to-date: /ros_humble/install/diffdrive_arduino/share/diffdrive_arduino/cmake/ament_cmake_export_libraries-extras.cmake
[0.071s] -- Up-to-date: /ros_humble/install/diffdrive_arduino/share/diffdrive_arduino/cmake/ament_cmake_export_dependencies-extras.cmake
[0.071s] -- Up-to-date: /ros_humble/install/diffdrive_arduino/share/diffdrive_arduino/cmake/diffdrive_arduinoConfig.cmake
[0.071s] -- Up-to-date: /ros_humble/install/diffdrive_arduino/share/diffdrive_arduino/cmake/diffdrive_arduinoConfig-version.cmake
[0.071s] -- Up-to-date: /ros_humble/install/diffdrive_arduino/share/diffdrive_arduino/package.xml
[0.080s] Invoked command in '/ros_humble/build/diffdrive_arduino' returned '0': CMAKE_PREFIX_PATH=/ros_humble/install/serial:/ros_humble/install/serial_motor_demo_msgs:/ros_humble/install/diffdrive_arduino:/ros_humble/install/ldlidar_stl_ros2:/ros_humble/install/serial_motor_demo:/ros_humble/install/au_bot_description:/opt/ros/humble /usr/bin/cmake --install /ros_humble/build/diffdrive_arduino
