[0.058s] DEBUG:colcon:Command line arguments: ['/usr/bin/colcon', 'build']
[0.058s] DEBUG:colcon:Parsed command line arguments: Namespace(log_base=None, log_level=None, verb_name='build', build_base='build', install_base='install', merge_install=False, symlink_install=False, test_result_base=None, continue_on_error=False, executor='parallel', parallel_workers=16, event_handlers=None, ignore_user_meta=False, metas=['./colcon.meta'], base_paths=['.'], packages_ignore=None, packages_ignore_regex=None, paths=None, packages_up_to=None, packages_up_to_regex=None, packages_above=None, packages_above_and_dependencies=None, packages_above_depth=None, packages_select_by_dep=None, packages_skip_by_dep=None, packages_skip_up_to=None, packages_select_build_failed=False, packages_skip_build_finished=False, packages_select_test_failures=False, packages_skip_test_passed=False, packages_select=None, packages_skip=None, packages_select_regex=None, packages_skip_regex=None, packages_start=None, packages_end=None, cmake_args=None, cmake_target=None, cmake_target_skip_unavailable=False, cmake_clean_cache=False, cmake_clean_first=False, cmake_force_configure=False, ament_cmake_args=None, catkin_cmake_args=None, catkin_skip_building_tests=False, mixin_files=None, mixin=None, verb_parser=<colcon_mixin.mixin.mixin_argument.MixinArgumentDecorator object at 0x73b11e894ee0>, verb_extension=<colcon_core.verb.build.BuildVerb object at 0x73b11ea6e530>, main=<bound method BuildVerb.main of <colcon_core.verb.build.BuildVerb object at 0x73b11ea6e530>>, mixin_verb=('build',))
[0.133s] Level 1:colcon.colcon_core.package_discovery:discover_packages(colcon_meta) check parameters
[0.133s] Level 1:colcon.colcon_core.package_discovery:discover_packages(recursive) check parameters
[0.133s] Level 1:colcon.colcon_core.package_discovery:discover_packages(ignore) check parameters
[0.133s] Level 1:colcon.colcon_core.package_discovery:discover_packages(path) check parameters
[0.134s] Level 1:colcon.colcon_core.package_discovery:discover_packages(colcon_meta) discover
[0.134s] Level 1:colcon.colcon_core.package_discovery:discover_packages(recursive) discover
[0.134s] INFO:colcon.colcon_core.package_discovery:Crawling recursively for packages in '/ros_humble'
[0.134s] Level 1:colcon.colcon_core.package_identification:_identify(.) by extensions ['ignore', 'ignore_ament_install']
[0.134s] Level 1:colcon.colcon_core.package_identification:_identify(.) by extension 'ignore'
[0.134s] Level 1:colcon.colcon_core.package_identification:_identify(.) by extension 'ignore_ament_install'
[0.134s] Level 1:colcon.colcon_core.package_identification:_identify(.) by extensions ['colcon_pkg']
[0.134s] Level 1:colcon.colcon_core.package_identification:_identify(.) by extension 'colcon_pkg'
[0.134s] Level 1:colcon.colcon_core.package_identification:_identify(.) by extensions ['colcon_meta']
[0.134s] Level 1:colcon.colcon_core.package_identification:_identify(.) by extension 'colcon_meta'
[0.134s] Level 1:colcon.colcon_core.package_identification:_identify(.) by extensions ['ros']
[0.134s] Level 1:colcon.colcon_core.package_identification:_identify(.) by extension 'ros'
[0.141s] Level 1:colcon.colcon_core.package_identification:_identify(.) by extensions ['cmake', 'python']
[0.141s] Level 1:colcon.colcon_core.package_identification:_identify(.) by extension 'cmake'
[0.141s] Level 1:colcon.colcon_core.package_identification:_identify(.) by extension 'python'
[0.141s] Level 1:colcon.colcon_core.package_identification:_identify(.) by extensions ['python_setup_py']
[0.141s] Level 1:colcon.colcon_core.package_identification:_identify(.) by extension 'python_setup_py'
[0.141s] Level 1:colcon.colcon_core.package_identification:_identify(build) by extensions ['ignore', 'ignore_ament_install']
[0.141s] Level 1:colcon.colcon_core.package_identification:_identify(build) by extension 'ignore'
[0.141s] Level 1:colcon.colcon_core.package_identification:_identify(build) ignored
[0.141s] Level 1:colcon.colcon_core.package_identification:_identify(install) by extensions ['ignore', 'ignore_ament_install']
[0.141s] Level 1:colcon.colcon_core.package_identification:_identify(install) by extension 'ignore'
[0.141s] Level 1:colcon.colcon_core.package_identification:_identify(install) ignored
[0.141s] Level 1:colcon.colcon_core.package_identification:_identify(log) by extensions ['ignore', 'ignore_ament_install']
[0.141s] Level 1:colcon.colcon_core.package_identification:_identify(log) by extension 'ignore'
[0.141s] Level 1:colcon.colcon_core.package_identification:_identify(log) ignored
[0.141s] Level 1:colcon.colcon_core.package_identification:_identify(src) by extensions ['ignore', 'ignore_ament_install']
[0.141s] Level 1:colcon.colcon_core.package_identification:_identify(src) by extension 'ignore'
[0.141s] Level 1:colcon.colcon_core.package_identification:_identify(src) by extension 'ignore_ament_install'
[0.141s] Level 1:colcon.colcon_core.package_identification:_identify(src) by extensions ['colcon_pkg']
[0.141s] Level 1:colcon.colcon_core.package_identification:_identify(src) by extension 'colcon_pkg'
[0.141s] Level 1:colcon.colcon_core.package_identification:_identify(src) by extensions ['colcon_meta']
[0.141s] Level 1:colcon.colcon_core.package_identification:_identify(src) by extension 'colcon_meta'
[0.141s] Level 1:colcon.colcon_core.package_identification:_identify(src) by extensions ['ros']
[0.141s] Level 1:colcon.colcon_core.package_identification:_identify(src) by extension 'ros'
[0.141s] Level 1:colcon.colcon_core.package_identification:_identify(src) by extensions ['cmake', 'python']
[0.141s] Level 1:colcon.colcon_core.package_identification:_identify(src) by extension 'cmake'
[0.141s] Level 1:colcon.colcon_core.package_identification:_identify(src) by extension 'python'
[0.141s] Level 1:colcon.colcon_core.package_identification:_identify(src) by extensions ['python_setup_py']
[0.141s] Level 1:colcon.colcon_core.package_identification:_identify(src) by extension 'python_setup_py'
[0.141s] Level 1:colcon.colcon_core.package_identification:_identify(src/au_bot_description) by extensions ['ignore', 'ignore_ament_install']
[0.141s] Level 1:colcon.colcon_core.package_identification:_identify(src/au_bot_description) by extension 'ignore'
[0.141s] Level 1:colcon.colcon_core.package_identification:_identify(src/au_bot_description) by extension 'ignore_ament_install'
[0.141s] Level 1:colcon.colcon_core.package_identification:_identify(src/au_bot_description) by extensions ['colcon_pkg']
[0.142s] Level 1:colcon.colcon_core.package_identification:_identify(src/au_bot_description) by extension 'colcon_pkg'
[0.142s] Level 1:colcon.colcon_core.package_identification:_identify(src/au_bot_description) by extensions ['colcon_meta']
[0.142s] Level 1:colcon.colcon_core.package_identification:_identify(src/au_bot_description) by extension 'colcon_meta'
[0.142s] Level 1:colcon.colcon_core.package_identification:_identify(src/au_bot_description) by extensions ['ros']
[0.142s] Level 1:colcon.colcon_core.package_identification:_identify(src/au_bot_description) by extension 'ros'
[0.144s] DEBUG:colcon.colcon_core.package_identification:Package 'src/au_bot_description' with type 'ros.ament_python' and name 'au_bot_description'
[0.144s] Level 1:colcon.colcon_core.package_identification:_identify(src/sensor) by extensions ['ignore', 'ignore_ament_install']
[0.144s] Level 1:colcon.colcon_core.package_identification:_identify(src/sensor) by extension 'ignore'
[0.144s] Level 1:colcon.colcon_core.package_identification:_identify(src/sensor) by extension 'ignore_ament_install'
[0.144s] Level 1:colcon.colcon_core.package_identification:_identify(src/sensor) by extensions ['colcon_pkg']
[0.144s] Level 1:colcon.colcon_core.package_identification:_identify(src/sensor) by extension 'colcon_pkg'
[0.144s] Level 1:colcon.colcon_core.package_identification:_identify(src/sensor) by extensions ['colcon_meta']
[0.144s] Level 1:colcon.colcon_core.package_identification:_identify(src/sensor) by extension 'colcon_meta'
[0.144s] Level 1:colcon.colcon_core.package_identification:_identify(src/sensor) by extensions ['ros']
[0.144s] Level 1:colcon.colcon_core.package_identification:_identify(src/sensor) by extension 'ros'
[0.144s] Level 1:colcon.colcon_core.package_identification:_identify(src/sensor) by extensions ['cmake', 'python']
[0.144s] Level 1:colcon.colcon_core.package_identification:_identify(src/sensor) by extension 'cmake'
[0.144s] Level 1:colcon.colcon_core.package_identification:_identify(src/sensor) by extension 'python'
[0.144s] Level 1:colcon.colcon_core.package_identification:_identify(src/sensor) by extensions ['python_setup_py']
[0.144s] Level 1:colcon.colcon_core.package_identification:_identify(src/sensor) by extension 'python_setup_py'
[0.144s] Level 1:colcon.colcon_core.package_identification:_identify(src/sensor/diffdrive_arduino) by extensions ['ignore', 'ignore_ament_install']
[0.144s] Level 1:colcon.colcon_core.package_identification:_identify(src/sensor/diffdrive_arduino) by extension 'ignore'
[0.144s] Level 1:colcon.colcon_core.package_identification:_identify(src/sensor/diffdrive_arduino) by extension 'ignore_ament_install'
[0.144s] Level 1:colcon.colcon_core.package_identification:_identify(src/sensor/diffdrive_arduino) by extensions ['colcon_pkg']
[0.144s] Level 1:colcon.colcon_core.package_identification:_identify(src/sensor/diffdrive_arduino) by extension 'colcon_pkg'
[0.144s] Level 1:colcon.colcon_core.package_identification:_identify(src/sensor/diffdrive_arduino) by extensions ['colcon_meta']
[0.144s] Level 1:colcon.colcon_core.package_identification:_identify(src/sensor/diffdrive_arduino) by extension 'colcon_meta'
[0.144s] Level 1:colcon.colcon_core.package_identification:_identify(src/sensor/diffdrive_arduino) by extensions ['ros']
[0.144s] Level 1:colcon.colcon_core.package_identification:_identify(src/sensor/diffdrive_arduino) by extension 'ros'
[0.145s] DEBUG:colcon.colcon_core.package_identification:Package 'src/sensor/diffdrive_arduino' with type 'ros.ament_cmake' and name 'diffdrive_arduino'
[0.145s] Level 1:colcon.colcon_core.package_identification:_identify(src/sensor/ldlidar_stl_ros2) by extensions ['ignore', 'ignore_ament_install']
[0.145s] Level 1:colcon.colcon_core.package_identification:_identify(src/sensor/ldlidar_stl_ros2) by extension 'ignore'
[0.145s] Level 1:colcon.colcon_core.package_identification:_identify(src/sensor/ldlidar_stl_ros2) by extension 'ignore_ament_install'
[0.145s] Level 1:colcon.colcon_core.package_identification:_identify(src/sensor/ldlidar_stl_ros2) by extensions ['colcon_pkg']
[0.145s] Level 1:colcon.colcon_core.package_identification:_identify(src/sensor/ldlidar_stl_ros2) by extension 'colcon_pkg'
[0.145s] Level 1:colcon.colcon_core.package_identification:_identify(src/sensor/ldlidar_stl_ros2) by extensions ['colcon_meta']
[0.145s] Level 1:colcon.colcon_core.package_identification:_identify(src/sensor/ldlidar_stl_ros2) by extension 'colcon_meta'
[0.145s] Level 1:colcon.colcon_core.package_identification:_identify(src/sensor/ldlidar_stl_ros2) by extensions ['ros']
[0.145s] Level 1:colcon.colcon_core.package_identification:_identify(src/sensor/ldlidar_stl_ros2) by extension 'ros'
[0.146s] DEBUG:colcon.colcon_core.package_identification:Package 'src/sensor/ldlidar_stl_ros2' with type 'ros.ament_cmake' and name 'ldlidar_stl_ros2'
[0.146s] Level 1:colcon.colcon_core.package_identification:_identify(src/sensor/serial) by extensions ['ignore', 'ignore_ament_install']
[0.146s] Level 1:colcon.colcon_core.package_identification:_identify(src/sensor/serial) by extension 'ignore'
[0.146s] Level 1:colcon.colcon_core.package_identification:_identify(src/sensor/serial) by extension 'ignore_ament_install'
[0.146s] Level 1:colcon.colcon_core.package_identification:_identify(src/sensor/serial) by extensions ['colcon_pkg']
[0.146s] Level 1:colcon.colcon_core.package_identification:_identify(src/sensor/serial) by extension 'colcon_pkg'
[0.146s] Level 1:colcon.colcon_core.package_identification:_identify(src/sensor/serial) by extensions ['colcon_meta']
[0.146s] Level 1:colcon.colcon_core.package_identification:_identify(src/sensor/serial) by extension 'colcon_meta'
[0.146s] Level 1:colcon.colcon_core.package_identification:_identify(src/sensor/serial) by extensions ['ros']
[0.146s] Level 1:colcon.colcon_core.package_identification:_identify(src/sensor/serial) by extension 'ros'
[0.146s] DEBUG:colcon.colcon_core.package_identification:Package 'src/sensor/serial' with type 'ros.ament_cmake' and name 'serial'
[0.146s] Level 1:colcon.colcon_core.package_identification:_identify(src/sensor/serial_motor_demo) by extensions ['ignore', 'ignore_ament_install']
[0.146s] Level 1:colcon.colcon_core.package_identification:_identify(src/sensor/serial_motor_demo) by extension 'ignore'
[0.146s] Level 1:colcon.colcon_core.package_identification:_identify(src/sensor/serial_motor_demo) by extension 'ignore_ament_install'
[0.146s] Level 1:colcon.colcon_core.package_identification:_identify(src/sensor/serial_motor_demo) by extensions ['colcon_pkg']
[0.146s] Level 1:colcon.colcon_core.package_identification:_identify(src/sensor/serial_motor_demo) by extension 'colcon_pkg'
[0.146s] Level 1:colcon.colcon_core.package_identification:_identify(src/sensor/serial_motor_demo) by extensions ['colcon_meta']
[0.146s] Level 1:colcon.colcon_core.package_identification:_identify(src/sensor/serial_motor_demo) by extension 'colcon_meta'
[0.146s] Level 1:colcon.colcon_core.package_identification:_identify(src/sensor/serial_motor_demo) by extensions ['ros']
[0.146s] Level 1:colcon.colcon_core.package_identification:_identify(src/sensor/serial_motor_demo) by extension 'ros'
[0.146s] Level 1:colcon.colcon_core.package_identification:_identify(src/sensor/serial_motor_demo) by extensions ['cmake', 'python']
[0.146s] Level 1:colcon.colcon_core.package_identification:_identify(src/sensor/serial_motor_demo) by extension 'cmake'
[0.146s] Level 1:colcon.colcon_core.package_identification:_identify(src/sensor/serial_motor_demo) by extension 'python'
[0.146s] Level 1:colcon.colcon_core.package_identification:_identify(src/sensor/serial_motor_demo) by extensions ['python_setup_py']
[0.146s] Level 1:colcon.colcon_core.package_identification:_identify(src/sensor/serial_motor_demo) by extension 'python_setup_py'
[0.146s] Level 1:colcon.colcon_core.package_identification:_identify(src/sensor/serial_motor_demo/serial_motor_demo) by extensions ['ignore', 'ignore_ament_install']
[0.146s] Level 1:colcon.colcon_core.package_identification:_identify(src/sensor/serial_motor_demo/serial_motor_demo) by extension 'ignore'
[0.146s] Level 1:colcon.colcon_core.package_identification:_identify(src/sensor/serial_motor_demo/serial_motor_demo) by extension 'ignore_ament_install'
[0.147s] Level 1:colcon.colcon_core.package_identification:_identify(src/sensor/serial_motor_demo/serial_motor_demo) by extensions ['colcon_pkg']
[0.147s] Level 1:colcon.colcon_core.package_identification:_identify(src/sensor/serial_motor_demo/serial_motor_demo) by extension 'colcon_pkg'
[0.147s] Level 1:colcon.colcon_core.package_identification:_identify(src/sensor/serial_motor_demo/serial_motor_demo) by extensions ['colcon_meta']
[0.147s] Level 1:colcon.colcon_core.package_identification:_identify(src/sensor/serial_motor_demo/serial_motor_demo) by extension 'colcon_meta'
[0.147s] Level 1:colcon.colcon_core.package_identification:_identify(src/sensor/serial_motor_demo/serial_motor_demo) by extensions ['ros']
[0.147s] Level 1:colcon.colcon_core.package_identification:_identify(src/sensor/serial_motor_demo/serial_motor_demo) by extension 'ros'
[0.147s] DEBUG:colcon.colcon_core.package_identification:Package 'src/sensor/serial_motor_demo/serial_motor_demo' with type 'ros.ament_python' and name 'serial_motor_demo'
[0.147s] Level 1:colcon.colcon_core.package_identification:_identify(src/sensor/serial_motor_demo/serial_motor_demo_msgs) by extensions ['ignore', 'ignore_ament_install']
[0.147s] Level 1:colcon.colcon_core.package_identification:_identify(src/sensor/serial_motor_demo/serial_motor_demo_msgs) by extension 'ignore'
[0.147s] Level 1:colcon.colcon_core.package_identification:_identify(src/sensor/serial_motor_demo/serial_motor_demo_msgs) by extension 'ignore_ament_install'
[0.147s] Level 1:colcon.colcon_core.package_identification:_identify(src/sensor/serial_motor_demo/serial_motor_demo_msgs) by extensions ['colcon_pkg']
[0.147s] Level 1:colcon.colcon_core.package_identification:_identify(src/sensor/serial_motor_demo/serial_motor_demo_msgs) by extension 'colcon_pkg'
[0.147s] Level 1:colcon.colcon_core.package_identification:_identify(src/sensor/serial_motor_demo/serial_motor_demo_msgs) by extensions ['colcon_meta']
[0.147s] Level 1:colcon.colcon_core.package_identification:_identify(src/sensor/serial_motor_demo/serial_motor_demo_msgs) by extension 'colcon_meta'
[0.147s] Level 1:colcon.colcon_core.package_identification:_identify(src/sensor/serial_motor_demo/serial_motor_demo_msgs) by extensions ['ros']
[0.147s] Level 1:colcon.colcon_core.package_identification:_identify(src/sensor/serial_motor_demo/serial_motor_demo_msgs) by extension 'ros'
[0.147s] DEBUG:colcon.colcon_core.package_identification:Package 'src/sensor/serial_motor_demo/serial_motor_demo_msgs' with type 'ros.ament_cmake' and name 'serial_motor_demo_msgs'
[0.147s] Level 1:colcon.colcon_core.package_discovery:discover_packages(recursive) using defaults
[0.147s] Level 1:colcon.colcon_core.package_discovery:discover_packages(ignore) discover
[0.147s] Level 1:colcon.colcon_core.package_discovery:discover_packages(ignore) using defaults
[0.147s] Level 1:colcon.colcon_core.package_discovery:discover_packages(path) discover
[0.147s] Level 1:colcon.colcon_core.package_discovery:discover_packages(path) using defaults
[0.165s] Level 5:colcon.colcon_core.verb:set package 'au_bot_description' build argument 'cmake_args' from command line to 'None'
[0.165s] Level 5:colcon.colcon_core.verb:set package 'au_bot_description' build argument 'cmake_target' from command line to 'None'
[0.165s] Level 5:colcon.colcon_core.verb:set package 'au_bot_description' build argument 'cmake_target_skip_unavailable' from command line to 'False'
[0.165s] Level 5:colcon.colcon_core.verb:set package 'au_bot_description' build argument 'cmake_clean_cache' from command line to 'False'
[0.165s] Level 5:colcon.colcon_core.verb:set package 'au_bot_description' build argument 'cmake_clean_first' from command line to 'False'
[0.165s] Level 5:colcon.colcon_core.verb:set package 'au_bot_description' build argument 'cmake_force_configure' from command line to 'False'
[0.165s] Level 5:colcon.colcon_core.verb:set package 'au_bot_description' build argument 'ament_cmake_args' from command line to 'None'
[0.165s] Level 5:colcon.colcon_core.verb:set package 'au_bot_description' build argument 'catkin_cmake_args' from command line to 'None'
[0.165s] Level 5:colcon.colcon_core.verb:set package 'au_bot_description' build argument 'catkin_skip_building_tests' from command line to 'False'
[0.165s] DEBUG:colcon.colcon_core.verb:Building package 'au_bot_description' with the following arguments: {'ament_cmake_args': None, 'build_base': '/ros_humble/build/au_bot_description', 'catkin_cmake_args': None, 'catkin_skip_building_tests': False, 'cmake_args': None, 'cmake_clean_cache': False, 'cmake_clean_first': False, 'cmake_force_configure': False, 'cmake_target': None, 'cmake_target_skip_unavailable': False, 'install_base': '/ros_humble/install/au_bot_description', 'merge_install': False, 'path': '/ros_humble/src/au_bot_description', 'symlink_install': False, 'test_result_base': None}
[0.165s] Level 5:colcon.colcon_core.verb:set package 'ldlidar_stl_ros2' build argument 'cmake_args' from command line to 'None'
[0.165s] Level 5:colcon.colcon_core.verb:set package 'ldlidar_stl_ros2' build argument 'cmake_target' from command line to 'None'
[0.165s] Level 5:colcon.colcon_core.verb:set package 'ldlidar_stl_ros2' build argument 'cmake_target_skip_unavailable' from command line to 'False'
[0.165s] Level 5:colcon.colcon_core.verb:set package 'ldlidar_stl_ros2' build argument 'cmake_clean_cache' from command line to 'False'
[0.165s] Level 5:colcon.colcon_core.verb:set package 'ldlidar_stl_ros2' build argument 'cmake_clean_first' from command line to 'False'
[0.165s] Level 5:colcon.colcon_core.verb:set package 'ldlidar_stl_ros2' build argument 'cmake_force_configure' from command line to 'False'
[0.165s] Level 5:colcon.colcon_core.verb:set package 'ldlidar_stl_ros2' build argument 'ament_cmake_args' from command line to 'None'
[0.165s] Level 5:colcon.colcon_core.verb:set package 'ldlidar_stl_ros2' build argument 'catkin_cmake_args' from command line to 'None'
[0.165s] Level 5:colcon.colcon_core.verb:set package 'ldlidar_stl_ros2' build argument 'catkin_skip_building_tests' from command line to 'False'
[0.165s] DEBUG:colcon.colcon_core.verb:Building package 'ldlidar_stl_ros2' with the following arguments: {'ament_cmake_args': None, 'build_base': '/ros_humble/build/ldlidar_stl_ros2', 'catkin_cmake_args': None, 'catkin_skip_building_tests': False, 'cmake_args': None, 'cmake_clean_cache': False, 'cmake_clean_first': False, 'cmake_force_configure': False, 'cmake_target': None, 'cmake_target_skip_unavailable': False, 'install_base': '/ros_humble/install/ldlidar_stl_ros2', 'merge_install': False, 'path': '/ros_humble/src/sensor/ldlidar_stl_ros2', 'symlink_install': False, 'test_result_base': None}
[0.165s] Level 5:colcon.colcon_core.verb:set package 'serial' build argument 'cmake_args' from command line to 'None'
[0.165s] Level 5:colcon.colcon_core.verb:set package 'serial' build argument 'cmake_target' from command line to 'None'
[0.165s] Level 5:colcon.colcon_core.verb:set package 'serial' build argument 'cmake_target_skip_unavailable' from command line to 'False'
[0.165s] Level 5:colcon.colcon_core.verb:set package 'serial' build argument 'cmake_clean_cache' from command line to 'False'
[0.165s] Level 5:colcon.colcon_core.verb:set package 'serial' build argument 'cmake_clean_first' from command line to 'False'
[0.165s] Level 5:colcon.colcon_core.verb:set package 'serial' build argument 'cmake_force_configure' from command line to 'False'
[0.165s] Level 5:colcon.colcon_core.verb:set package 'serial' build argument 'ament_cmake_args' from command line to 'None'
[0.165s] Level 5:colcon.colcon_core.verb:set package 'serial' build argument 'catkin_cmake_args' from command line to 'None'
[0.165s] Level 5:colcon.colcon_core.verb:set package 'serial' build argument 'catkin_skip_building_tests' from command line to 'False'
[0.165s] DEBUG:colcon.colcon_core.verb:Building package 'serial' with the following arguments: {'ament_cmake_args': None, 'build_base': '/ros_humble/build/serial', 'catkin_cmake_args': None, 'catkin_skip_building_tests': False, 'cmake_args': None, 'cmake_clean_cache': False, 'cmake_clean_first': False, 'cmake_force_configure': False, 'cmake_target': None, 'cmake_target_skip_unavailable': False, 'install_base': '/ros_humble/install/serial', 'merge_install': False, 'path': '/ros_humble/src/sensor/serial', 'symlink_install': False, 'test_result_base': None}
[0.166s] Level 5:colcon.colcon_core.verb:set package 'serial_motor_demo_msgs' build argument 'cmake_args' from command line to 'None'
[0.166s] Level 5:colcon.colcon_core.verb:set package 'serial_motor_demo_msgs' build argument 'cmake_target' from command line to 'None'
[0.166s] Level 5:colcon.colcon_core.verb:set package 'serial_motor_demo_msgs' build argument 'cmake_target_skip_unavailable' from command line to 'False'
[0.166s] Level 5:colcon.colcon_core.verb:set package 'serial_motor_demo_msgs' build argument 'cmake_clean_cache' from command line to 'False'
[0.166s] Level 5:colcon.colcon_core.verb:set package 'serial_motor_demo_msgs' build argument 'cmake_clean_first' from command line to 'False'
[0.166s] Level 5:colcon.colcon_core.verb:set package 'serial_motor_demo_msgs' build argument 'cmake_force_configure' from command line to 'False'
[0.166s] Level 5:colcon.colcon_core.verb:set package 'serial_motor_demo_msgs' build argument 'ament_cmake_args' from command line to 'None'
[0.166s] Level 5:colcon.colcon_core.verb:set package 'serial_motor_demo_msgs' build argument 'catkin_cmake_args' from command line to 'None'
[0.166s] Level 5:colcon.colcon_core.verb:set package 'serial_motor_demo_msgs' build argument 'catkin_skip_building_tests' from command line to 'False'
[0.166s] DEBUG:colcon.colcon_core.verb:Building package 'serial_motor_demo_msgs' with the following arguments: {'ament_cmake_args': None, 'build_base': '/ros_humble/build/serial_motor_demo_msgs', 'catkin_cmake_args': None, 'catkin_skip_building_tests': False, 'cmake_args': None, 'cmake_clean_cache': False, 'cmake_clean_first': False, 'cmake_force_configure': False, 'cmake_target': None, 'cmake_target_skip_unavailable': False, 'install_base': '/ros_humble/install/serial_motor_demo_msgs', 'merge_install': False, 'path': '/ros_humble/src/sensor/serial_motor_demo/serial_motor_demo_msgs', 'symlink_install': False, 'test_result_base': None}
[0.166s] Level 5:colcon.colcon_core.verb:set package 'diffdrive_arduino' build argument 'cmake_args' from command line to 'None'
[0.166s] Level 5:colcon.colcon_core.verb:set package 'diffdrive_arduino' build argument 'cmake_target' from command line to 'None'
[0.166s] Level 5:colcon.colcon_core.verb:set package 'diffdrive_arduino' build argument 'cmake_target_skip_unavailable' from command line to 'False'
[0.166s] Level 5:colcon.colcon_core.verb:set package 'diffdrive_arduino' build argument 'cmake_clean_cache' from command line to 'False'
[0.166s] Level 5:colcon.colcon_core.verb:set package 'diffdrive_arduino' build argument 'cmake_clean_first' from command line to 'False'
[0.166s] Level 5:colcon.colcon_core.verb:set package 'diffdrive_arduino' build argument 'cmake_force_configure' from command line to 'False'
[0.166s] Level 5:colcon.colcon_core.verb:set package 'diffdrive_arduino' build argument 'ament_cmake_args' from command line to 'None'
[0.166s] Level 5:colcon.colcon_core.verb:set package 'diffdrive_arduino' build argument 'catkin_cmake_args' from command line to 'None'
[0.166s] Level 5:colcon.colcon_core.verb:set package 'diffdrive_arduino' build argument 'catkin_skip_building_tests' from command line to 'False'
[0.166s] DEBUG:colcon.colcon_core.verb:Building package 'diffdrive_arduino' with the following arguments: {'ament_cmake_args': None, 'build_base': '/ros_humble/build/diffdrive_arduino', 'catkin_cmake_args': None, 'catkin_skip_building_tests': False, 'cmake_args': None, 'cmake_clean_cache': False, 'cmake_clean_first': False, 'cmake_force_configure': False, 'cmake_target': None, 'cmake_target_skip_unavailable': False, 'install_base': '/ros_humble/install/diffdrive_arduino', 'merge_install': False, 'path': '/ros_humble/src/sensor/diffdrive_arduino', 'symlink_install': False, 'test_result_base': None}
[0.166s] Level 5:colcon.colcon_core.verb:set package 'serial_motor_demo' build argument 'cmake_args' from command line to 'None'
[0.166s] Level 5:colcon.colcon_core.verb:set package 'serial_motor_demo' build argument 'cmake_target' from command line to 'None'
[0.166s] Level 5:colcon.colcon_core.verb:set package 'serial_motor_demo' build argument 'cmake_target_skip_unavailable' from command line to 'False'
[0.166s] Level 5:colcon.colcon_core.verb:set package 'serial_motor_demo' build argument 'cmake_clean_cache' from command line to 'False'
[0.166s] Level 5:colcon.colcon_core.verb:set package 'serial_motor_demo' build argument 'cmake_clean_first' from command line to 'False'
[0.166s] Level 5:colcon.colcon_core.verb:set package 'serial_motor_demo' build argument 'cmake_force_configure' from command line to 'False'
[0.166s] Level 5:colcon.colcon_core.verb:set package 'serial_motor_demo' build argument 'ament_cmake_args' from command line to 'None'
[0.166s] Level 5:colcon.colcon_core.verb:set package 'serial_motor_demo' build argument 'catkin_cmake_args' from command line to 'None'
[0.166s] Level 5:colcon.colcon_core.verb:set package 'serial_motor_demo' build argument 'catkin_skip_building_tests' from command line to 'False'
[0.166s] DEBUG:colcon.colcon_core.verb:Building package 'serial_motor_demo' with the following arguments: {'ament_cmake_args': None, 'build_base': '/ros_humble/build/serial_motor_demo', 'catkin_cmake_args': None, 'catkin_skip_building_tests': False, 'cmake_args': None, 'cmake_clean_cache': False, 'cmake_clean_first': False, 'cmake_force_configure': False, 'cmake_target': None, 'cmake_target_skip_unavailable': False, 'install_base': '/ros_humble/install/serial_motor_demo', 'merge_install': False, 'path': '/ros_humble/src/sensor/serial_motor_demo/serial_motor_demo', 'symlink_install': False, 'test_result_base': None}
[0.166s] INFO:colcon.colcon_core.executor:Executing jobs using 'parallel' executor
[0.167s] DEBUG:colcon.colcon_parallel_executor.executor.parallel:run_until_complete
[0.167s] INFO:colcon.colcon_ros.task.ament_cmake.build:Building ROS package in '/ros_humble/src/sensor/serial' with build type 'ament_cmake'
[0.167s] INFO:colcon.colcon_cmake.task.cmake.build:Building CMake package in '/ros_humble/src/sensor/serial'
[0.169s] INFO:colcon.colcon_core.plugin_system:Skipping extension 'colcon_core.shell.bat': Not used on non-Windows systems
[0.169s] INFO:colcon.colcon_core.shell:Skip shell extension 'powershell' for command environment: Not usable outside of PowerShell
[0.169s] DEBUG:colcon.colcon_core.shell:Skip shell extension 'dsv' for command environment
[0.169s] WARNING:colcon.colcon_ros.prefix_path.ament:The path '/ros_humble/install/serial_motor_demo' in the environment variable AMENT_PREFIX_PATH doesn't exist
[0.169s] WARNING:colcon.colcon_ros.prefix_path.ament:The path '/ros_humble/install/serial_motor_demo_msgs' in the environment variable AMENT_PREFIX_PATH doesn't exist
[0.169s] WARNING:colcon.colcon_ros.prefix_path.ament:The path '/ros_humble/install/diffdrive_arduino' in the environment variable AMENT_PREFIX_PATH doesn't exist
[0.169s] WARNING:colcon.colcon_ros.prefix_path.ament:The path '/ros_humble/install/serial' in the environment variable AMENT_PREFIX_PATH doesn't exist
[0.169s] WARNING:colcon.colcon_ros.prefix_path.ament:The path '/ros_humble/install/ldlidar_stl_ros2' in the environment variable AMENT_PREFIX_PATH doesn't exist
[0.169s] WARNING:colcon.colcon_ros.prefix_path.ament:The path '/ros_humble/install/au_bot_description' in the environment variable AMENT_PREFIX_PATH doesn't exist
[0.169s] WARNING:colcon.colcon_ros.prefix_path.catkin:The path '/ros_humble/install/serial_motor_demo_msgs' in the environment variable CMAKE_PREFIX_PATH doesn't exist
[0.169s] WARNING:colcon.colcon_ros.prefix_path.catkin:The path '/ros_humble/install/diffdrive_arduino' in the environment variable CMAKE_PREFIX_PATH doesn't exist
[0.169s] WARNING:colcon.colcon_ros.prefix_path.catkin:The path '/ros_humble/install/serial' in the environment variable CMAKE_PREFIX_PATH doesn't exist
[0.169s] WARNING:colcon.colcon_ros.prefix_path.catkin:The path '/ros_humble/install/ldlidar_stl_ros2' in the environment variable CMAKE_PREFIX_PATH doesn't exist
[0.171s] INFO:colcon.colcon_ros.task.ament_cmake.build:Building ROS package in '/ros_humble/src/sensor/serial_motor_demo/serial_motor_demo_msgs' with build type 'ament_cmake'
[0.172s] INFO:colcon.colcon_cmake.task.cmake.build:Building CMake package in '/ros_humble/src/sensor/serial_motor_demo/serial_motor_demo_msgs'
[0.172s] INFO:colcon.colcon_core.shell:Skip shell extension 'powershell' for command environment: Not usable outside of PowerShell
[0.172s] DEBUG:colcon.colcon_core.shell:Skip shell extension 'dsv' for command environment
[0.174s] INFO:colcon.colcon_ros.task.ament_python.build:Building ROS package in '/ros_humble/src/au_bot_description' with build type 'ament_python'
[0.174s] Level 1:colcon.colcon_core.shell:create_environment_hook('au_bot_description', 'ament_prefix_path')
[0.174s] INFO:colcon.colcon_core.shell:Creating environment hook '/ros_humble/install/au_bot_description/share/au_bot_description/hook/ament_prefix_path.ps1'
[0.174s] INFO:colcon.colcon_core.shell:Creating environment descriptor '/ros_humble/install/au_bot_description/share/au_bot_description/hook/ament_prefix_path.dsv'
[0.174s] INFO:colcon.colcon_core.shell:Creating environment hook '/ros_humble/install/au_bot_description/share/au_bot_description/hook/ament_prefix_path.sh'
[0.175s] INFO:colcon.colcon_core.shell:Skip shell extension 'powershell' for command environment: Not usable outside of PowerShell
[0.175s] DEBUG:colcon.colcon_core.shell:Skip shell extension 'dsv' for command environment
[0.177s] INFO:colcon.colcon_ros.task.ament_cmake.build:Building ROS package in '/ros_humble/src/sensor/ldlidar_stl_ros2' with build type 'ament_cmake'
[0.177s] INFO:colcon.colcon_cmake.task.cmake.build:Building CMake package in '/ros_humble/src/sensor/ldlidar_stl_ros2'
[0.177s] INFO:colcon.colcon_core.shell:Skip shell extension 'powershell' for command environment: Not usable outside of PowerShell
[0.177s] DEBUG:colcon.colcon_core.shell:Skip shell extension 'dsv' for command environment
[0.181s] DEBUG:colcon.colcon_core.event_handler.log_command:Invoking command in '/ros_humble/build/serial': CMAKE_PREFIX_PATH=${CMAKE_PREFIX_PATH}:/ros_humble/install/serial_motor_demo:/ros_humble/install/au_bot_description:/opt/ros/humble /usr/bin/cmake /ros_humble/src/sensor/serial -DCMAKE_INSTALL_PREFIX=/ros_humble/install/serial
[0.183s] DEBUG:colcon.colcon_core.event_handler.log_command:Invoking command in '/ros_humble/build/serial_motor_demo_msgs': CMAKE_PREFIX_PATH=${CMAKE_PREFIX_PATH}:/ros_humble/install/serial_motor_demo:/ros_humble/install/au_bot_description:/opt/ros/humble /usr/bin/cmake /ros_humble/src/sensor/serial_motor_demo/serial_motor_demo_msgs -DCMAKE_INSTALL_PREFIX=/ros_humble/install/serial_motor_demo_msgs
[0.341s] INFO:colcon.colcon_core.task.python.build:Building Python package in '/ros_humble/src/au_bot_description'
[0.341s] INFO:colcon.colcon_core.shell:Skip shell extension 'powershell' for command environment: Not usable outside of PowerShell
[0.341s] DEBUG:colcon.colcon_core.shell:Skip shell extension 'dsv' for command environment
[0.346s] DEBUG:colcon.colcon_core.event_handler.log_command:Invoking command in '/ros_humble/build/ldlidar_stl_ros2': CMAKE_PREFIX_PATH=${CMAKE_PREFIX_PATH}:/ros_humble/install/serial_motor_demo:/ros_humble/install/au_bot_description:/opt/ros/humble /usr/bin/cmake /ros_humble/src/sensor/ldlidar_stl_ros2 -DCMAKE_INSTALL_PREFIX=/ros_humble/install/ldlidar_stl_ros2
[0.552s] DEBUG:colcon.colcon_core.event_handler.log_command:Invoking command in '/ros_humble/src/au_bot_description': PYTHONPATH=/ros_humble/build/au_bot_description/prefix_override:/usr/lib/python3/dist-packages/colcon_core/task/python/colcon_distutils_commands:/ros_humble/install/au_bot_description/lib/python3.10/site-packages:${PYTHONPATH} /usr/bin/python3 -W ignore:setup.py install is deprecated -W ignore:easy_install command is deprecated setup.py egg_info --egg-base ../../build/au_bot_description build --build-base /ros_humble/build/au_bot_description/build install --record /ros_humble/build/au_bot_description/install.log --single-version-externally-managed install_data
[0.677s] DEBUG:colcon.colcon_core.event_handler.log_command:Invoked command in '/ros_humble/build/serial' returned '0': CMAKE_PREFIX_PATH=${CMAKE_PREFIX_PATH}:/ros_humble/install/serial_motor_demo:/ros_humble/install/au_bot_description:/opt/ros/humble /usr/bin/cmake /ros_humble/src/sensor/serial -DCMAKE_INSTALL_PREFIX=/ros_humble/install/serial
[0.678s] DEBUG:colcon.colcon_core.event_handler.log_command:Invoking command in '/ros_humble/build/serial': CMAKE_PREFIX_PATH=${CMAKE_PREFIX_PATH}:/ros_humble/install/serial_motor_demo:/ros_humble/install/au_bot_description:/opt/ros/humble /usr/bin/cmake --build /ros_humble/build/serial -- -j16 -l16
[0.742s] Level 1:colcon.colcon_core.environment:checking '/ros_humble/install/au_bot_description' for CMake module files
[0.742s] Level 1:colcon.colcon_core.environment:checking '/ros_humble/install/au_bot_description' for CMake config files
[0.743s] DEBUG:colcon.colcon_core.event_handler.log_command:Invoked command in '/ros_humble/src/au_bot_description' returned '0': PYTHONPATH=/ros_humble/build/au_bot_description/prefix_override:/usr/lib/python3/dist-packages/colcon_core/task/python/colcon_distutils_commands:/ros_humble/install/au_bot_description/lib/python3.10/site-packages:${PYTHONPATH} /usr/bin/python3 -W ignore:setup.py install is deprecated -W ignore:easy_install command is deprecated setup.py egg_info --egg-base ../../build/au_bot_description build --build-base /ros_humble/build/au_bot_description/build install --record /ros_humble/build/au_bot_description/install.log --single-version-externally-managed install_data
[0.743s] Level 1:colcon.colcon_core.environment:checking '/ros_humble/install/au_bot_description/lib'
[0.744s] Level 1:colcon.colcon_core.environment:checking '/ros_humble/install/au_bot_description/bin'
[0.744s] Level 1:colcon.colcon_core.environment:checking '/ros_humble/install/au_bot_description/lib/pkgconfig/au_bot_description.pc'
[0.744s] Level 1:colcon.colcon_core.environment:checking '/ros_humble/install/au_bot_description/lib/python3.10/site-packages'
[0.744s] Level 1:colcon.colcon_core.shell:create_environment_hook('au_bot_description', 'pythonpath')
[0.744s] INFO:colcon.colcon_core.shell:Creating environment hook '/ros_humble/install/au_bot_description/share/au_bot_description/hook/pythonpath.ps1'
[0.745s] INFO:colcon.colcon_core.shell:Creating environment descriptor '/ros_humble/install/au_bot_description/share/au_bot_description/hook/pythonpath.dsv'
[0.745s] INFO:colcon.colcon_core.shell:Creating environment hook '/ros_humble/install/au_bot_description/share/au_bot_description/hook/pythonpath.sh'
[0.746s] Level 1:colcon.colcon_core.environment:checking '/ros_humble/install/au_bot_description/bin'
[0.746s] Level 1:colcon.colcon_core.environment:create_environment_scripts_only(au_bot_description)
[0.746s] INFO:colcon.colcon_core.shell:Creating package script '/ros_humble/install/au_bot_description/share/au_bot_description/package.ps1'
[0.747s] INFO:colcon.colcon_core.shell:Creating package descriptor '/ros_humble/install/au_bot_description/share/au_bot_description/package.dsv'
[0.748s] INFO:colcon.colcon_core.shell:Creating package script '/ros_humble/install/au_bot_description/share/au_bot_description/package.sh'
[0.748s] INFO:colcon.colcon_core.shell:Creating package script '/ros_humble/install/au_bot_description/share/au_bot_description/package.bash'
[0.749s] INFO:colcon.colcon_core.shell:Creating package script '/ros_humble/install/au_bot_description/share/au_bot_description/package.zsh'
[0.750s] Level 1:colcon.colcon_core.environment:create_file_with_runtime_dependencies(/ros_humble/install/au_bot_description/share/colcon-core/packages/au_bot_description)
[1.101s] DEBUG:colcon.colcon_core.event_handler.log_command:Invoked command in '/ros_humble/build/serial' returned '0': CMAKE_PREFIX_PATH=${CMAKE_PREFIX_PATH}:/ros_humble/install/serial_motor_demo:/ros_humble/install/au_bot_description:/opt/ros/humble /usr/bin/cmake --build /ros_humble/build/serial -- -j16 -l16
[1.107s] DEBUG:colcon.colcon_core.event_handler.log_command:Invoking command in '/ros_humble/build/serial': CMAKE_PREFIX_PATH=${CMAKE_PREFIX_PATH}:/ros_humble/install/serial_motor_demo:/ros_humble/install/au_bot_description:/opt/ros/humble /usr/bin/cmake --install /ros_humble/build/serial
[1.114s] Level 1:colcon.colcon_core.environment:create_environment_scripts_only(serial)
[1.114s] Level 1:colcon.colcon_core.environment:checking '/ros_humble/install/serial' for CMake module files
[1.115s] DEBUG:colcon.colcon_core.event_handler.log_command:Invoked command in '/ros_humble/build/serial' returned '0': CMAKE_PREFIX_PATH=${CMAKE_PREFIX_PATH}:/ros_humble/install/serial_motor_demo:/ros_humble/install/au_bot_description:/opt/ros/humble /usr/bin/cmake --install /ros_humble/build/serial
[1.115s] Level 1:colcon.colcon_core.environment:checking '/ros_humble/install/serial' for CMake config files
[1.115s] Level 1:colcon.colcon_core.shell:create_environment_hook('serial', 'cmake_prefix_path')
[1.115s] INFO:colcon.colcon_core.shell:Creating environment hook '/ros_humble/install/serial/share/serial/hook/cmake_prefix_path.ps1'
[1.115s] INFO:colcon.colcon_core.shell:Creating environment descriptor '/ros_humble/install/serial/share/serial/hook/cmake_prefix_path.dsv'
[1.115s] INFO:colcon.colcon_core.shell:Creating environment hook '/ros_humble/install/serial/share/serial/hook/cmake_prefix_path.sh'
[1.116s] Level 1:colcon.colcon_core.environment:checking '/ros_humble/install/serial/lib'
[1.116s] Level 1:colcon.colcon_core.environment:checking '/ros_humble/install/serial/bin'
[1.116s] Level 1:colcon.colcon_core.environment:checking '/ros_humble/install/serial/lib/pkgconfig/serial.pc'
[1.116s] Level 1:colcon.colcon_core.environment:checking '/ros_humble/install/serial/lib/python3.10/site-packages'
[1.116s] Level 1:colcon.colcon_core.environment:checking '/ros_humble/install/serial/bin'
[1.116s] INFO:colcon.colcon_core.shell:Creating package script '/ros_humble/install/serial/share/serial/package.ps1'
[1.116s] INFO:colcon.colcon_core.shell:Creating package descriptor '/ros_humble/install/serial/share/serial/package.dsv'
[1.117s] INFO:colcon.colcon_core.shell:Creating package script '/ros_humble/install/serial/share/serial/package.sh'
[1.117s] INFO:colcon.colcon_core.shell:Creating package script '/ros_humble/install/serial/share/serial/package.bash'
[1.117s] INFO:colcon.colcon_core.shell:Creating package script '/ros_humble/install/serial/share/serial/package.zsh'
[1.117s] Level 1:colcon.colcon_core.environment:create_file_with_runtime_dependencies(/ros_humble/install/serial/share/colcon-core/packages/serial)
[1.117s] Level 1:colcon.colcon_core.environment:create_environment_scripts_only(serial)
[1.117s] Level 1:colcon.colcon_core.environment:checking '/ros_humble/install/serial' for CMake module files
[1.118s] Level 1:colcon.colcon_core.environment:checking '/ros_humble/install/serial' for CMake config files
[1.118s] Level 1:colcon.colcon_core.shell:create_environment_hook('serial', 'cmake_prefix_path')
[1.118s] INFO:colcon.colcon_core.shell:Creating environment hook '/ros_humble/install/serial/share/serial/hook/cmake_prefix_path.ps1'
[1.118s] INFO:colcon.colcon_core.shell:Creating environment descriptor '/ros_humble/install/serial/share/serial/hook/cmake_prefix_path.dsv'
[1.118s] INFO:colcon.colcon_core.shell:Creating environment hook '/ros_humble/install/serial/share/serial/hook/cmake_prefix_path.sh'
[1.119s] Level 1:colcon.colcon_core.environment:checking '/ros_humble/install/serial/lib'
[1.119s] Level 1:colcon.colcon_core.environment:checking '/ros_humble/install/serial/bin'
[1.119s] Level 1:colcon.colcon_core.environment:checking '/ros_humble/install/serial/lib/pkgconfig/serial.pc'
[1.119s] Level 1:colcon.colcon_core.environment:checking '/ros_humble/install/serial/lib/python3.10/site-packages'
[1.119s] Level 1:colcon.colcon_core.environment:checking '/ros_humble/install/serial/bin'
[1.119s] INFO:colcon.colcon_core.shell:Creating package script '/ros_humble/install/serial/share/serial/package.ps1'
[1.119s] INFO:colcon.colcon_core.shell:Creating package descriptor '/ros_humble/install/serial/share/serial/package.dsv'
[1.120s] INFO:colcon.colcon_core.shell:Creating package script '/ros_humble/install/serial/share/serial/package.sh'
[1.120s] INFO:colcon.colcon_core.shell:Creating package script '/ros_humble/install/serial/share/serial/package.bash'
[1.120s] INFO:colcon.colcon_core.shell:Creating package script '/ros_humble/install/serial/share/serial/package.zsh'
[1.120s] Level 1:colcon.colcon_core.environment:create_file_with_runtime_dependencies(/ros_humble/install/serial/share/colcon-core/packages/serial)
[1.121s] INFO:colcon.colcon_ros.task.ament_cmake.build:Building ROS package in '/ros_humble/src/sensor/diffdrive_arduino' with build type 'ament_cmake'
[1.121s] INFO:colcon.colcon_cmake.task.cmake.build:Building CMake package in '/ros_humble/src/sensor/diffdrive_arduino'
[1.121s] INFO:colcon.colcon_core.shell:Skip shell extension 'powershell' for command environment: Not usable outside of PowerShell
[1.121s] DEBUG:colcon.colcon_core.shell:Skip shell extension 'dsv' for command environment
[1.128s] DEBUG:colcon.colcon_core.event_handler.log_command:Invoking command in '/ros_humble/build/diffdrive_arduino': CMAKE_PREFIX_PATH=/ros_humble/install/serial:/ros_humble/install/serial_motor_demo_msgs:/ros_humble/install/diffdrive_arduino:/ros_humble/install/ldlidar_stl_ros2:/ros_humble/install/serial_motor_demo:/ros_humble/install/au_bot_description:/opt/ros/humble /usr/bin/cmake /ros_humble/src/sensor/diffdrive_arduino -DCMAKE_INSTALL_PREFIX=/ros_humble/install/diffdrive_arduino
[1.300s] DEBUG:colcon.colcon_core.event_handler.log_command:Invoked command in '/ros_humble/build/ldlidar_stl_ros2' returned '0': CMAKE_PREFIX_PATH=${CMAKE_PREFIX_PATH}:/ros_humble/install/serial_motor_demo:/ros_humble/install/au_bot_description:/opt/ros/humble /usr/bin/cmake /ros_humble/src/sensor/ldlidar_stl_ros2 -DCMAKE_INSTALL_PREFIX=/ros_humble/install/ldlidar_stl_ros2
[1.300s] DEBUG:colcon.colcon_core.event_handler.log_command:Invoking command in '/ros_humble/build/ldlidar_stl_ros2': CMAKE_PREFIX_PATH=${CMAKE_PREFIX_PATH}:/ros_humble/install/serial_motor_demo:/ros_humble/install/au_bot_description:/opt/ros/humble /usr/bin/cmake --build /ros_humble/build/ldlidar_stl_ros2 -- -j16 -l16
[1.345s] DEBUG:colcon.colcon_core.event_handler.log_command:Invoked command in '/ros_humble/build/serial_motor_demo_msgs' returned '0': CMAKE_PREFIX_PATH=${CMAKE_PREFIX_PATH}:/ros_humble/install/serial_motor_demo:/ros_humble/install/au_bot_description:/opt/ros/humble /usr/bin/cmake /ros_humble/src/sensor/serial_motor_demo/serial_motor_demo_msgs -DCMAKE_INSTALL_PREFIX=/ros_humble/install/serial_motor_demo_msgs
[1.347s] DEBUG:colcon.colcon_core.event_handler.log_command:Invoking command in '/ros_humble/build/serial_motor_demo_msgs': CMAKE_PREFIX_PATH=${CMAKE_PREFIX_PATH}:/ros_humble/install/serial_motor_demo:/ros_humble/install/au_bot_description:/opt/ros/humble /usr/bin/cmake --build /ros_humble/build/serial_motor_demo_msgs -- -j16 -l16
[2.621s] DEBUG:colcon.colcon_core.event_handler.log_command:Invoked command in '/ros_humble/build/diffdrive_arduino' returned '0': CMAKE_PREFIX_PATH=/ros_humble/install/serial:/ros_humble/install/serial_motor_demo_msgs:/ros_humble/install/diffdrive_arduino:/ros_humble/install/ldlidar_stl_ros2:/ros_humble/install/serial_motor_demo:/ros_humble/install/au_bot_description:/opt/ros/humble /usr/bin/cmake /ros_humble/src/sensor/diffdrive_arduino -DCMAKE_INSTALL_PREFIX=/ros_humble/install/diffdrive_arduino
[2.623s] DEBUG:colcon.colcon_core.event_handler.log_command:Invoking command in '/ros_humble/build/diffdrive_arduino': CMAKE_PREFIX_PATH=/ros_humble/install/serial:/ros_humble/install/serial_motor_demo_msgs:/ros_humble/install/diffdrive_arduino:/ros_humble/install/ldlidar_stl_ros2:/ros_humble/install/serial_motor_demo:/ros_humble/install/au_bot_description:/opt/ros/humble /usr/bin/cmake --build /ros_humble/build/diffdrive_arduino -- -j16 -l16
[3.228s] DEBUG:colcon.colcon_core.event_handler.log_command:Invoked command in '/ros_humble/build/serial_motor_demo_msgs' returned '0': CMAKE_PREFIX_PATH=${CMAKE_PREFIX_PATH}:/ros_humble/install/serial_motor_demo:/ros_humble/install/au_bot_description:/opt/ros/humble /usr/bin/cmake --build /ros_humble/build/serial_motor_demo_msgs -- -j16 -l16
[3.229s] DEBUG:colcon.colcon_core.event_handler.log_command:Invoking command in '/ros_humble/build/serial_motor_demo_msgs': CMAKE_PREFIX_PATH=${CMAKE_PREFIX_PATH}:/ros_humble/install/serial_motor_demo:/ros_humble/install/au_bot_description:/opt/ros/humble /usr/bin/cmake --install /ros_humble/build/serial_motor_demo_msgs
[3.278s] Level 1:colcon.colcon_core.environment:create_environment_scripts_only(serial_motor_demo_msgs)
[3.279s] DEBUG:colcon.colcon_core.event_handler.log_command:Invoked command in '/ros_humble/build/serial_motor_demo_msgs' returned '0': CMAKE_PREFIX_PATH=${CMAKE_PREFIX_PATH}:/ros_humble/install/serial_motor_demo:/ros_humble/install/au_bot_description:/opt/ros/humble /usr/bin/cmake --install /ros_humble/build/serial_motor_demo_msgs
[3.279s] Level 1:colcon.colcon_core.environment:checking '/ros_humble/install/serial_motor_demo_msgs' for CMake module files
[3.280s] Level 1:colcon.colcon_core.environment:checking '/ros_humble/install/serial_motor_demo_msgs' for CMake config files
[3.280s] Level 1:colcon.colcon_core.shell:create_environment_hook('serial_motor_demo_msgs', 'cmake_prefix_path')
[3.281s] INFO:colcon.colcon_core.shell:Creating environment hook '/ros_humble/install/serial_motor_demo_msgs/share/serial_motor_demo_msgs/hook/cmake_prefix_path.ps1'
[3.281s] INFO:colcon.colcon_core.shell:Creating environment descriptor '/ros_humble/install/serial_motor_demo_msgs/share/serial_motor_demo_msgs/hook/cmake_prefix_path.dsv'
[3.282s] INFO:colcon.colcon_core.shell:Creating environment hook '/ros_humble/install/serial_motor_demo_msgs/share/serial_motor_demo_msgs/hook/cmake_prefix_path.sh'
[3.282s] Level 1:colcon.colcon_core.environment:checking '/ros_humble/install/serial_motor_demo_msgs/lib'
[3.282s] Level 1:colcon.colcon_core.shell:create_environment_hook('serial_motor_demo_msgs', 'ld_library_path_lib')
[3.283s] INFO:colcon.colcon_core.shell:Creating environment hook '/ros_humble/install/serial_motor_demo_msgs/share/serial_motor_demo_msgs/hook/ld_library_path_lib.ps1'
[3.283s] INFO:colcon.colcon_core.shell:Creating environment descriptor '/ros_humble/install/serial_motor_demo_msgs/share/serial_motor_demo_msgs/hook/ld_library_path_lib.dsv'
[3.283s] INFO:colcon.colcon_core.shell:Creating environment hook '/ros_humble/install/serial_motor_demo_msgs/share/serial_motor_demo_msgs/hook/ld_library_path_lib.sh'
[3.284s] Level 1:colcon.colcon_core.environment:checking '/ros_humble/install/serial_motor_demo_msgs/bin'
[3.284s] Level 1:colcon.colcon_core.environment:checking '/ros_humble/install/serial_motor_demo_msgs/lib/pkgconfig/serial_motor_demo_msgs.pc'
[3.284s] Level 1:colcon.colcon_core.environment:checking '/ros_humble/install/serial_motor_demo_msgs/lib/python3.10/site-packages'
[3.284s] Level 1:colcon.colcon_core.environment:checking '/ros_humble/install/serial_motor_demo_msgs/bin'
[3.284s] INFO:colcon.colcon_core.shell:Creating package script '/ros_humble/install/serial_motor_demo_msgs/share/serial_motor_demo_msgs/package.ps1'
[3.285s] INFO:colcon.colcon_core.shell:Creating package descriptor '/ros_humble/install/serial_motor_demo_msgs/share/serial_motor_demo_msgs/package.dsv'
[3.285s] INFO:colcon.colcon_core.shell:Creating package script '/ros_humble/install/serial_motor_demo_msgs/share/serial_motor_demo_msgs/package.sh'
[3.286s] INFO:colcon.colcon_core.shell:Creating package script '/ros_humble/install/serial_motor_demo_msgs/share/serial_motor_demo_msgs/package.bash'
[3.286s] INFO:colcon.colcon_core.shell:Creating package script '/ros_humble/install/serial_motor_demo_msgs/share/serial_motor_demo_msgs/package.zsh'
[3.287s] Level 1:colcon.colcon_core.environment:create_file_with_runtime_dependencies(/ros_humble/install/serial_motor_demo_msgs/share/colcon-core/packages/serial_motor_demo_msgs)
[3.287s] Level 1:colcon.colcon_core.environment:create_environment_scripts_only(serial_motor_demo_msgs)
[3.287s] Level 1:colcon.colcon_core.environment:checking '/ros_humble/install/serial_motor_demo_msgs' for CMake module files
[3.288s] Level 1:colcon.colcon_core.environment:checking '/ros_humble/install/serial_motor_demo_msgs' for CMake config files
[3.289s] Level 1:colcon.colcon_core.shell:create_environment_hook('serial_motor_demo_msgs', 'cmake_prefix_path')
[3.289s] INFO:colcon.colcon_core.shell:Creating environment hook '/ros_humble/install/serial_motor_demo_msgs/share/serial_motor_demo_msgs/hook/cmake_prefix_path.ps1'
[3.289s] INFO:colcon.colcon_core.shell:Creating environment descriptor '/ros_humble/install/serial_motor_demo_msgs/share/serial_motor_demo_msgs/hook/cmake_prefix_path.dsv'
[3.290s] INFO:colcon.colcon_core.shell:Creating environment hook '/ros_humble/install/serial_motor_demo_msgs/share/serial_motor_demo_msgs/hook/cmake_prefix_path.sh'
[3.290s] Level 1:colcon.colcon_core.environment:checking '/ros_humble/install/serial_motor_demo_msgs/lib'
[3.290s] Level 1:colcon.colcon_core.shell:create_environment_hook('serial_motor_demo_msgs', 'ld_library_path_lib')
[3.291s] INFO:colcon.colcon_core.shell:Creating environment hook '/ros_humble/install/serial_motor_demo_msgs/share/serial_motor_demo_msgs/hook/ld_library_path_lib.ps1'
[3.291s] INFO:colcon.colcon_core.shell:Creating environment descriptor '/ros_humble/install/serial_motor_demo_msgs/share/serial_motor_demo_msgs/hook/ld_library_path_lib.dsv'
[3.291s] INFO:colcon.colcon_core.shell:Creating environment hook '/ros_humble/install/serial_motor_demo_msgs/share/serial_motor_demo_msgs/hook/ld_library_path_lib.sh'
[3.292s] Level 1:colcon.colcon_core.environment:checking '/ros_humble/install/serial_motor_demo_msgs/bin'
[3.292s] Level 1:colcon.colcon_core.environment:checking '/ros_humble/install/serial_motor_demo_msgs/lib/pkgconfig/serial_motor_demo_msgs.pc'
[3.292s] Level 1:colcon.colcon_core.environment:checking '/ros_humble/install/serial_motor_demo_msgs/lib/python3.10/site-packages'
[3.292s] Level 1:colcon.colcon_core.environment:checking '/ros_humble/install/serial_motor_demo_msgs/bin'
[3.293s] INFO:colcon.colcon_core.shell:Creating package script '/ros_humble/install/serial_motor_demo_msgs/share/serial_motor_demo_msgs/package.ps1'
[3.293s] INFO:colcon.colcon_core.shell:Creating package descriptor '/ros_humble/install/serial_motor_demo_msgs/share/serial_motor_demo_msgs/package.dsv'
[3.294s] INFO:colcon.colcon_core.shell:Creating package script '/ros_humble/install/serial_motor_demo_msgs/share/serial_motor_demo_msgs/package.sh'
[3.294s] INFO:colcon.colcon_core.shell:Creating package script '/ros_humble/install/serial_motor_demo_msgs/share/serial_motor_demo_msgs/package.bash'
[3.295s] INFO:colcon.colcon_core.shell:Creating package script '/ros_humble/install/serial_motor_demo_msgs/share/serial_motor_demo_msgs/package.zsh'
[3.295s] Level 1:colcon.colcon_core.environment:create_file_with_runtime_dependencies(/ros_humble/install/serial_motor_demo_msgs/share/colcon-core/packages/serial_motor_demo_msgs)
[3.295s] INFO:colcon.colcon_ros.task.ament_python.build:Building ROS package in '/ros_humble/src/sensor/serial_motor_demo/serial_motor_demo' with build type 'ament_python'
[3.295s] Level 1:colcon.colcon_core.shell:create_environment_hook('serial_motor_demo', 'ament_prefix_path')
[3.296s] INFO:colcon.colcon_core.shell:Creating environment hook '/ros_humble/install/serial_motor_demo/share/serial_motor_demo/hook/ament_prefix_path.ps1'
[3.296s] INFO:colcon.colcon_core.shell:Creating environment descriptor '/ros_humble/install/serial_motor_demo/share/serial_motor_demo/hook/ament_prefix_path.dsv'
[3.297s] INFO:colcon.colcon_core.shell:Creating environment hook '/ros_humble/install/serial_motor_demo/share/serial_motor_demo/hook/ament_prefix_path.sh'
[3.297s] INFO:colcon.colcon_core.shell:Skip shell extension 'powershell' for command environment: Not usable outside of PowerShell
[3.297s] DEBUG:colcon.colcon_core.shell:Skip shell extension 'dsv' for command environment
[3.456s] INFO:colcon.colcon_core.task.python.build:Building Python package in '/ros_humble/src/sensor/serial_motor_demo/serial_motor_demo'
[3.456s] INFO:colcon.colcon_core.shell:Skip shell extension 'powershell' for command environment: Not usable outside of PowerShell
[3.456s] DEBUG:colcon.colcon_core.shell:Skip shell extension 'dsv' for command environment
[3.680s] DEBUG:colcon.colcon_core.event_handler.log_command:Invoking command in '/ros_humble/src/sensor/serial_motor_demo/serial_motor_demo': PYTHONPATH=/ros_humble/build/serial_motor_demo/prefix_override:/usr/lib/python3/dist-packages/colcon_core/task/python/colcon_distutils_commands:/ros_humble/install/serial_motor_demo/lib/python3.10/site-packages:${PYTHONPATH} /usr/bin/python3 -W ignore:setup.py install is deprecated -W ignore:easy_install command is deprecated setup.py egg_info --egg-base ../../../../build/serial_motor_demo build --build-base /ros_humble/build/serial_motor_demo/build install --record /ros_humble/build/serial_motor_demo/install.log --single-version-externally-managed install_data
[3.863s] Level 1:colcon.colcon_core.environment:checking '/ros_humble/install/serial_motor_demo' for CMake module files
[3.864s] DEBUG:colcon.colcon_core.event_handler.log_command:Invoked command in '/ros_humble/src/sensor/serial_motor_demo/serial_motor_demo' returned '0': PYTHONPATH=/ros_humble/build/serial_motor_demo/prefix_override:/usr/lib/python3/dist-packages/colcon_core/task/python/colcon_distutils_commands:/ros_humble/install/serial_motor_demo/lib/python3.10/site-packages:${PYTHONPATH} /usr/bin/python3 -W ignore:setup.py install is deprecated -W ignore:easy_install command is deprecated setup.py egg_info --egg-base ../../../../build/serial_motor_demo build --build-base /ros_humble/build/serial_motor_demo/build install --record /ros_humble/build/serial_motor_demo/install.log --single-version-externally-managed install_data
[3.864s] Level 1:colcon.colcon_core.environment:checking '/ros_humble/install/serial_motor_demo' for CMake config files
[3.865s] Level 1:colcon.colcon_core.environment:checking '/ros_humble/install/serial_motor_demo/lib'
[3.865s] Level 1:colcon.colcon_core.environment:checking '/ros_humble/install/serial_motor_demo/bin'
[3.865s] Level 1:colcon.colcon_core.environment:checking '/ros_humble/install/serial_motor_demo/lib/pkgconfig/serial_motor_demo.pc'
[3.865s] Level 1:colcon.colcon_core.environment:checking '/ros_humble/install/serial_motor_demo/lib/python3.10/site-packages'
[3.865s] Level 1:colcon.colcon_core.shell:create_environment_hook('serial_motor_demo', 'pythonpath')
[3.865s] INFO:colcon.colcon_core.shell:Creating environment hook '/ros_humble/install/serial_motor_demo/share/serial_motor_demo/hook/pythonpath.ps1'
[3.866s] INFO:colcon.colcon_core.shell:Creating environment descriptor '/ros_humble/install/serial_motor_demo/share/serial_motor_demo/hook/pythonpath.dsv'
[3.866s] INFO:colcon.colcon_core.shell:Creating environment hook '/ros_humble/install/serial_motor_demo/share/serial_motor_demo/hook/pythonpath.sh'
[3.867s] Level 1:colcon.colcon_core.environment:checking '/ros_humble/install/serial_motor_demo/bin'
[3.867s] Level 1:colcon.colcon_core.environment:create_environment_scripts_only(serial_motor_demo)
[3.867s] INFO:colcon.colcon_core.shell:Creating package script '/ros_humble/install/serial_motor_demo/share/serial_motor_demo/package.ps1'
[3.867s] INFO:colcon.colcon_core.shell:Creating package descriptor '/ros_humble/install/serial_motor_demo/share/serial_motor_demo/package.dsv'
[3.867s] INFO:colcon.colcon_core.shell:Creating package script '/ros_humble/install/serial_motor_demo/share/serial_motor_demo/package.sh'
[3.868s] INFO:colcon.colcon_core.shell:Creating package script '/ros_humble/install/serial_motor_demo/share/serial_motor_demo/package.bash'
[3.868s] INFO:colcon.colcon_core.shell:Creating package script '/ros_humble/install/serial_motor_demo/share/serial_motor_demo/package.zsh'
[3.868s] Level 1:colcon.colcon_core.environment:create_file_with_runtime_dependencies(/ros_humble/install/serial_motor_demo/share/colcon-core/packages/serial_motor_demo)
[4.922s] DEBUG:colcon.colcon_core.event_handler.log_command:Invoked command in '/ros_humble/build/ldlidar_stl_ros2' returned '0': CMAKE_PREFIX_PATH=${CMAKE_PREFIX_PATH}:/ros_humble/install/serial_motor_demo:/ros_humble/install/au_bot_description:/opt/ros/humble /usr/bin/cmake --build /ros_humble/build/ldlidar_stl_ros2 -- -j16 -l16
[4.923s] DEBUG:colcon.colcon_core.event_handler.log_command:Invoking command in '/ros_humble/build/ldlidar_stl_ros2': CMAKE_PREFIX_PATH=${CMAKE_PREFIX_PATH}:/ros_humble/install/serial_motor_demo:/ros_humble/install/au_bot_description:/opt/ros/humble /usr/bin/cmake --install /ros_humble/build/ldlidar_stl_ros2
[4.932s] Level 1:colcon.colcon_core.environment:create_environment_scripts_only(ldlidar_stl_ros2)
[4.933s] Level 1:colcon.colcon_core.environment:checking '/ros_humble/install/ldlidar_stl_ros2' for CMake module files
[4.933s] DEBUG:colcon.colcon_core.event_handler.log_command:Invoked command in '/ros_humble/build/ldlidar_stl_ros2' returned '0': CMAKE_PREFIX_PATH=${CMAKE_PREFIX_PATH}:/ros_humble/install/serial_motor_demo:/ros_humble/install/au_bot_description:/opt/ros/humble /usr/bin/cmake --install /ros_humble/build/ldlidar_stl_ros2
[4.933s] Level 1:colcon.colcon_core.environment:checking '/ros_humble/install/ldlidar_stl_ros2' for CMake config files
[4.933s] Level 1:colcon.colcon_core.shell:create_environment_hook('ldlidar_stl_ros2', 'cmake_prefix_path')
[4.933s] INFO:colcon.colcon_core.shell:Creating environment hook '/ros_humble/install/ldlidar_stl_ros2/share/ldlidar_stl_ros2/hook/cmake_prefix_path.ps1'
[4.934s] INFO:colcon.colcon_core.shell:Creating environment descriptor '/ros_humble/install/ldlidar_stl_ros2/share/ldlidar_stl_ros2/hook/cmake_prefix_path.dsv'
[4.934s] INFO:colcon.colcon_core.shell:Creating environment hook '/ros_humble/install/ldlidar_stl_ros2/share/ldlidar_stl_ros2/hook/cmake_prefix_path.sh'
[4.934s] Level 1:colcon.colcon_core.environment:checking '/ros_humble/install/ldlidar_stl_ros2/lib'
[4.934s] Level 1:colcon.colcon_core.environment:checking '/ros_humble/install/ldlidar_stl_ros2/bin'
[4.934s] Level 1:colcon.colcon_core.environment:checking '/ros_humble/install/ldlidar_stl_ros2/lib/pkgconfig/ldlidar_stl_ros2.pc'
[4.934s] Level 1:colcon.colcon_core.environment:checking '/ros_humble/install/ldlidar_stl_ros2/lib/python3.10/site-packages'
[4.934s] Level 1:colcon.colcon_core.environment:checking '/ros_humble/install/ldlidar_stl_ros2/bin'
[4.934s] INFO:colcon.colcon_core.shell:Creating package script '/ros_humble/install/ldlidar_stl_ros2/share/ldlidar_stl_ros2/package.ps1'
[4.935s] INFO:colcon.colcon_core.shell:Creating package descriptor '/ros_humble/install/ldlidar_stl_ros2/share/ldlidar_stl_ros2/package.dsv'
[4.935s] INFO:colcon.colcon_core.shell:Creating package script '/ros_humble/install/ldlidar_stl_ros2/share/ldlidar_stl_ros2/package.sh'
[4.935s] INFO:colcon.colcon_core.shell:Creating package script '/ros_humble/install/ldlidar_stl_ros2/share/ldlidar_stl_ros2/package.bash'
[4.935s] INFO:colcon.colcon_core.shell:Creating package script '/ros_humble/install/ldlidar_stl_ros2/share/ldlidar_stl_ros2/package.zsh'
[4.935s] Level 1:colcon.colcon_core.environment:create_file_with_runtime_dependencies(/ros_humble/install/ldlidar_stl_ros2/share/colcon-core/packages/ldlidar_stl_ros2)
[4.936s] Level 1:colcon.colcon_core.environment:create_environment_scripts_only(ldlidar_stl_ros2)
[4.936s] Level 1:colcon.colcon_core.environment:checking '/ros_humble/install/ldlidar_stl_ros2' for CMake module files
[4.936s] Level 1:colcon.colcon_core.environment:checking '/ros_humble/install/ldlidar_stl_ros2' for CMake config files
[4.936s] Level 1:colcon.colcon_core.shell:create_environment_hook('ldlidar_stl_ros2', 'cmake_prefix_path')
[4.936s] INFO:colcon.colcon_core.shell:Creating environment hook '/ros_humble/install/ldlidar_stl_ros2/share/ldlidar_stl_ros2/hook/cmake_prefix_path.ps1'
[4.937s] INFO:colcon.colcon_core.shell:Creating environment descriptor '/ros_humble/install/ldlidar_stl_ros2/share/ldlidar_stl_ros2/hook/cmake_prefix_path.dsv'
[4.937s] INFO:colcon.colcon_core.shell:Creating environment hook '/ros_humble/install/ldlidar_stl_ros2/share/ldlidar_stl_ros2/hook/cmake_prefix_path.sh'
[4.937s] Level 1:colcon.colcon_core.environment:checking '/ros_humble/install/ldlidar_stl_ros2/lib'
[4.937s] Level 1:colcon.colcon_core.environment:checking '/ros_humble/install/ldlidar_stl_ros2/bin'
[4.937s] Level 1:colcon.colcon_core.environment:checking '/ros_humble/install/ldlidar_stl_ros2/lib/pkgconfig/ldlidar_stl_ros2.pc'
[4.937s] Level 1:colcon.colcon_core.environment:checking '/ros_humble/install/ldlidar_stl_ros2/lib/python3.10/site-packages'
[4.937s] Level 1:colcon.colcon_core.environment:checking '/ros_humble/install/ldlidar_stl_ros2/bin'
[4.938s] INFO:colcon.colcon_core.shell:Creating package script '/ros_humble/install/ldlidar_stl_ros2/share/ldlidar_stl_ros2/package.ps1'
[4.938s] INFO:colcon.colcon_core.shell:Creating package descriptor '/ros_humble/install/ldlidar_stl_ros2/share/ldlidar_stl_ros2/package.dsv'
[4.938s] INFO:colcon.colcon_core.shell:Creating package script '/ros_humble/install/ldlidar_stl_ros2/share/ldlidar_stl_ros2/package.sh'
[4.938s] INFO:colcon.colcon_core.shell:Creating package script '/ros_humble/install/ldlidar_stl_ros2/share/ldlidar_stl_ros2/package.bash'
[4.938s] INFO:colcon.colcon_core.shell:Creating package script '/ros_humble/install/ldlidar_stl_ros2/share/ldlidar_stl_ros2/package.zsh'
[4.939s] Level 1:colcon.colcon_core.environment:create_file_with_runtime_dependencies(/ros_humble/install/ldlidar_stl_ros2/share/colcon-core/packages/ldlidar_stl_ros2)
[5.043s] DEBUG:colcon.colcon_core.event_handler.log_command:Invoked command in '/ros_humble/build/diffdrive_arduino' returned '0': CMAKE_PREFIX_PATH=/ros_humble/install/serial:/ros_humble/install/serial_motor_demo_msgs:/ros_humble/install/diffdrive_arduino:/ros_humble/install/ldlidar_stl_ros2:/ros_humble/install/serial_motor_demo:/ros_humble/install/au_bot_description:/opt/ros/humble /usr/bin/cmake --build /ros_humble/build/diffdrive_arduino -- -j16 -l16
[5.043s] DEBUG:colcon.colcon_core.event_handler.log_command:Invoking command in '/ros_humble/build/diffdrive_arduino': CMAKE_PREFIX_PATH=/ros_humble/install/serial:/ros_humble/install/serial_motor_demo_msgs:/ros_humble/install/diffdrive_arduino:/ros_humble/install/ldlidar_stl_ros2:/ros_humble/install/serial_motor_demo:/ros_humble/install/au_bot_description:/opt/ros/humble /usr/bin/cmake --install /ros_humble/build/diffdrive_arduino
[5.052s] Level 1:colcon.colcon_core.environment:create_environment_scripts_only(diffdrive_arduino)
[5.052s] DEBUG:colcon.colcon_core.event_handler.log_command:Invoked command in '/ros_humble/build/diffdrive_arduino' returned '0': CMAKE_PREFIX_PATH=/ros_humble/install/serial:/ros_humble/install/serial_motor_demo_msgs:/ros_humble/install/diffdrive_arduino:/ros_humble/install/ldlidar_stl_ros2:/ros_humble/install/serial_motor_demo:/ros_humble/install/au_bot_description:/opt/ros/humble /usr/bin/cmake --install /ros_humble/build/diffdrive_arduino
[5.052s] Level 1:colcon.colcon_core.environment:checking '/ros_humble/install/diffdrive_arduino' for CMake module files
[5.052s] Level 1:colcon.colcon_core.environment:checking '/ros_humble/install/diffdrive_arduino' for CMake config files
[5.052s] Level 1:colcon.colcon_core.shell:create_environment_hook('diffdrive_arduino', 'cmake_prefix_path')
[5.052s] INFO:colcon.colcon_core.shell:Creating environment hook '/ros_humble/install/diffdrive_arduino/share/diffdrive_arduino/hook/cmake_prefix_path.ps1'
[5.053s] INFO:colcon.colcon_core.shell:Creating environment descriptor '/ros_humble/install/diffdrive_arduino/share/diffdrive_arduino/hook/cmake_prefix_path.dsv'
[5.053s] INFO:colcon.colcon_core.shell:Creating environment hook '/ros_humble/install/diffdrive_arduino/share/diffdrive_arduino/hook/cmake_prefix_path.sh'
[5.053s] Level 1:colcon.colcon_core.environment:checking '/ros_humble/install/diffdrive_arduino/lib'
[5.053s] Level 1:colcon.colcon_core.shell:create_environment_hook('diffdrive_arduino', 'ld_library_path_lib')
[5.053s] INFO:colcon.colcon_core.shell:Creating environment hook '/ros_humble/install/diffdrive_arduino/share/diffdrive_arduino/hook/ld_library_path_lib.ps1'
[5.053s] INFO:colcon.colcon_core.shell:Creating environment descriptor '/ros_humble/install/diffdrive_arduino/share/diffdrive_arduino/hook/ld_library_path_lib.dsv'
[5.054s] INFO:colcon.colcon_core.shell:Creating environment hook '/ros_humble/install/diffdrive_arduino/share/diffdrive_arduino/hook/ld_library_path_lib.sh'
[5.054s] Level 1:colcon.colcon_core.environment:checking '/ros_humble/install/diffdrive_arduino/bin'
[5.054s] Level 1:colcon.colcon_core.environment:checking '/ros_humble/install/diffdrive_arduino/lib/pkgconfig/diffdrive_arduino.pc'
[5.054s] Level 1:colcon.colcon_core.environment:checking '/ros_humble/install/diffdrive_arduino/lib/python3.10/site-packages'
[5.054s] Level 1:colcon.colcon_core.environment:checking '/ros_humble/install/diffdrive_arduino/bin'
[5.054s] INFO:colcon.colcon_core.shell:Creating package script '/ros_humble/install/diffdrive_arduino/share/diffdrive_arduino/package.ps1'
[5.054s] INFO:colcon.colcon_core.shell:Creating package descriptor '/ros_humble/install/diffdrive_arduino/share/diffdrive_arduino/package.dsv'
[5.055s] INFO:colcon.colcon_core.shell:Creating package script '/ros_humble/install/diffdrive_arduino/share/diffdrive_arduino/package.sh'
[5.055s] INFO:colcon.colcon_core.shell:Creating package script '/ros_humble/install/diffdrive_arduino/share/diffdrive_arduino/package.bash'
[5.055s] INFO:colcon.colcon_core.shell:Creating package script '/ros_humble/install/diffdrive_arduino/share/diffdrive_arduino/package.zsh'
[5.055s] Level 1:colcon.colcon_core.environment:create_file_with_runtime_dependencies(/ros_humble/install/diffdrive_arduino/share/colcon-core/packages/diffdrive_arduino)
[5.055s] Level 1:colcon.colcon_core.environment:create_environment_scripts_only(diffdrive_arduino)
[5.056s] Level 1:colcon.colcon_core.environment:checking '/ros_humble/install/diffdrive_arduino' for CMake module files
[5.056s] Level 1:colcon.colcon_core.environment:checking '/ros_humble/install/diffdrive_arduino' for CMake config files
[5.056s] Level 1:colcon.colcon_core.shell:create_environment_hook('diffdrive_arduino', 'cmake_prefix_path')
[5.056s] INFO:colcon.colcon_core.shell:Creating environment hook '/ros_humble/install/diffdrive_arduino/share/diffdrive_arduino/hook/cmake_prefix_path.ps1'
[5.056s] INFO:colcon.colcon_core.shell:Creating environment descriptor '/ros_humble/install/diffdrive_arduino/share/diffdrive_arduino/hook/cmake_prefix_path.dsv'
[5.056s] INFO:colcon.colcon_core.shell:Creating environment hook '/ros_humble/install/diffdrive_arduino/share/diffdrive_arduino/hook/cmake_prefix_path.sh'
[5.057s] Level 1:colcon.colcon_core.environment:checking '/ros_humble/install/diffdrive_arduino/lib'
[5.057s] Level 1:colcon.colcon_core.shell:create_environment_hook('diffdrive_arduino', 'ld_library_path_lib')
[5.057s] INFO:colcon.colcon_core.shell:Creating environment hook '/ros_humble/install/diffdrive_arduino/share/diffdrive_arduino/hook/ld_library_path_lib.ps1'
[5.057s] INFO:colcon.colcon_core.shell:Creating environment descriptor '/ros_humble/install/diffdrive_arduino/share/diffdrive_arduino/hook/ld_library_path_lib.dsv'
[5.057s] INFO:colcon.colcon_core.shell:Creating environment hook '/ros_humble/install/diffdrive_arduino/share/diffdrive_arduino/hook/ld_library_path_lib.sh'
[5.057s] Level 1:colcon.colcon_core.environment:checking '/ros_humble/install/diffdrive_arduino/bin'
[5.057s] Level 1:colcon.colcon_core.environment:checking '/ros_humble/install/diffdrive_arduino/lib/pkgconfig/diffdrive_arduino.pc'
[5.057s] Level 1:colcon.colcon_core.environment:checking '/ros_humble/install/diffdrive_arduino/lib/python3.10/site-packages'
[5.057s] Level 1:colcon.colcon_core.environment:checking '/ros_humble/install/diffdrive_arduino/bin'
[5.058s] INFO:colcon.colcon_core.shell:Creating package script '/ros_humble/install/diffdrive_arduino/share/diffdrive_arduino/package.ps1'
[5.058s] INFO:colcon.colcon_core.shell:Creating package descriptor '/ros_humble/install/diffdrive_arduino/share/diffdrive_arduino/package.dsv'
[5.058s] INFO:colcon.colcon_core.shell:Creating package script '/ros_humble/install/diffdrive_arduino/share/diffdrive_arduino/package.sh'
[5.058s] INFO:colcon.colcon_core.shell:Creating package script '/ros_humble/install/diffdrive_arduino/share/diffdrive_arduino/package.bash'
[5.059s] INFO:colcon.colcon_core.shell:Creating package script '/ros_humble/install/diffdrive_arduino/share/diffdrive_arduino/package.zsh'
[5.059s] Level 1:colcon.colcon_core.environment:create_file_with_runtime_dependencies(/ros_humble/install/diffdrive_arduino/share/colcon-core/packages/diffdrive_arduino)
[5.059s] DEBUG:colcon.colcon_parallel_executor.executor.parallel:closing loop
[5.059s] DEBUG:colcon.colcon_parallel_executor.executor.parallel:loop closed
[5.059s] DEBUG:colcon.colcon_parallel_executor.executor.parallel:run_until_complete finished with '0'
[5.059s] DEBUG:colcon.colcon_core.event_reactor:joining thread
[5.062s] INFO:colcon.colcon_core.plugin_system:Skipping extension 'colcon_notification.desktop_notification.notify_send': Could not find 'notify-send'
[5.062s] INFO:colcon.colcon_core.plugin_system:Skipping extension 'colcon_notification.desktop_notification.terminal_notifier': Not used on non-Darwin systems
[5.062s] INFO:colcon.colcon_core.plugin_system:Skipping extension 'colcon_notification.desktop_notification.win32': Not used on non-Windows systems
[5.062s] INFO:colcon.colcon_notification.desktop_notification:Sending desktop notification using 'notify2'
[5.067s] DEBUG:colcon.colcon_notification.desktop_notification.notify2:Failed to initialize notify2: org.freedesktop.DBus.Error.ServiceUnknown: The name org.freedesktop.Notifications was not provided by any .service files
[5.067s] DEBUG:colcon.colcon_core.event_reactor:joined thread
[5.068s] INFO:colcon.colcon_core.shell:Creating prefix script '/ros_humble/install/local_setup.ps1'
[5.068s] INFO:colcon.colcon_core.shell:Creating prefix util module '/ros_humble/install/_local_setup_util_ps1.py'
[5.069s] INFO:colcon.colcon_core.shell:Creating prefix chain script '/ros_humble/install/setup.ps1'
[5.070s] INFO:colcon.colcon_core.shell:Creating prefix script '/ros_humble/install/local_setup.sh'
[5.070s] INFO:colcon.colcon_core.shell:Creating prefix util module '/ros_humble/install/_local_setup_util_sh.py'
[5.070s] INFO:colcon.colcon_core.shell:Creating prefix chain script '/ros_humble/install/setup.sh'
[5.071s] INFO:colcon.colcon_core.shell:Creating prefix script '/ros_humble/install/local_setup.bash'
[5.071s] INFO:colcon.colcon_core.shell:Creating prefix chain script '/ros_humble/install/setup.bash'
[5.072s] INFO:colcon.colcon_core.shell:Creating prefix script '/ros_humble/install/local_setup.zsh'
[5.073s] INFO:colcon.colcon_core.shell:Creating prefix chain script '/ros_humble/install/setup.zsh'
