[0.345s] Invoking command in '/ros_humble/src/sensor/serial_motor_demo/serial_motor_demo': PYTHONPATH=/ros_humble/build/serial_motor_demo/prefix_override:/usr/lib/python3/dist-packages/colcon_core/task/python/colcon_distutils_commands:/ros_humble/install/serial_motor_demo/lib/python3.10/site-packages:${PYTHONPATH} /usr/bin/python3 -W ignore:setup.py install is deprecated -W ignore:easy_install command is deprecated setup.py egg_info --egg-base ../../../../build/serial_motor_demo build --build-base /ros_humble/build/serial_motor_demo/build install --record /ros_humble/build/serial_motor_demo/install.log --single-version-externally-managed install_data
[0.468s] running egg_info
[0.468s] writing ../../../../build/serial_motor_demo/serial_motor_demo.egg-info/PKG-INFO
[0.468s] writing dependency_links to ../../../../build/serial_motor_demo/serial_motor_demo.egg-info/dependency_links.txt
[0.468s] writing entry points to ../../../../build/serial_motor_demo/serial_motor_demo.egg-info/entry_points.txt
[0.468s] writing requirements to ../../../../build/serial_motor_demo/serial_motor_demo.egg-info/requires.txt
[0.468s] writing top-level names to ../../../../build/serial_motor_demo/serial_motor_demo.egg-info/top_level.txt
[0.469s] reading manifest file '../../../../build/serial_motor_demo/serial_motor_demo.egg-info/SOURCES.txt'
[0.470s] writing manifest file '../../../../build/serial_motor_demo/serial_motor_demo.egg-info/SOURCES.txt'
[0.470s] running build
[0.470s] running build_py
[0.470s] running install
[0.470s] running install_lib
[0.471s] running install_data
[0.471s] running install_egg_info
[0.472s] removing '/ros_humble/install/serial_motor_demo/lib/python3.10/site-packages/serial_motor_demo-0.0.0-py3.10.egg-info' (and everything under it)
[0.472s] Copying ../../../../build/serial_motor_demo/serial_motor_demo.egg-info to /ros_humble/install/serial_motor_demo/lib/python3.10/site-packages/serial_motor_demo-0.0.0-py3.10.egg-info
[0.472s] running install_scripts
[0.485s] Installing driver script to /ros_humble/install/serial_motor_demo/lib/serial_motor_demo
[0.485s] Installing gui script to /ros_humble/install/serial_motor_demo/lib/serial_motor_demo
[0.486s] writing list of installed files to '/ros_humble/build/serial_motor_demo/install.log'
[0.498s] Invoked command in '/ros_humble/src/sensor/serial_motor_demo/serial_motor_demo' returned '0': PYTHONPATH=/ros_humble/build/serial_motor_demo/prefix_override:/usr/lib/python3/dist-packages/colcon_core/task/python/colcon_distutils_commands:/ros_humble/install/serial_motor_demo/lib/python3.10/site-packages:${PYTHONPATH} /usr/bin/python3 -W ignore:setup.py install is deprecated -W ignore:easy_install command is deprecated setup.py egg_info --egg-base ../../../../build/serial_motor_demo build --build-base /ros_humble/build/serial_motor_demo/build install --record /ros_humble/build/serial_motor_demo/install.log --single-version-externally-managed install_data
