[0.007s] Invoking command in '/ros_humble/build/diffdrive_arduino': CMAKE_PREFIX_PATH=/ros_humble/install/serial:/ros_humble/install/serial_motor_demo_msgs:/ros_humble/install/diffdrive_arduino:/ros_humble/install/ldlidar_stl_ros2:/ros_humble/install/serial_motor_demo:/ros_humble/install/au_bot_description:/opt/ros/humble /usr/bin/cmake /ros_humble/src/sensor/diffdrive_arduino -DCMAKE_INSTALL_PREFIX=/ros_humble/install/diffdrive_arduino
[0.048s] -- The C compiler identification is GNU 11.4.0
[0.096s] -- The CXX compiler identification is GNU 11.4.0
[0.103s] -- Detecting C compiler ABI info
[0.152s] -- Detecting C compiler ABI info - done
[0.156s] -- Check for working C compiler: /usr/bin/cc - skipped
[0.156s] -- Detecting C compile features
[0.156s] -- Detecting C compile features - done
[0.158s] -- Detecting CXX compiler ABI info
[0.216s] -- Detecting CXX compiler ABI info - done
[0.223s] -- Check for working CXX compiler: /usr/bin/c++ - skipped
[0.223s] -- Detecting CXX compile features
[0.223s] -- Detecting CXX compile features - done
[0.226s] -- Found ament_cmake: 1.3.11 (/opt/ros/humble/share/ament_cmake/cmake)
[0.357s] -- Found Python3: /usr/bin/python3 (found version "3.10.12") found components: Interpreter 
[0.457s] -- Found serial: 1.2.1 (/ros_humble/install/serial/share/serial/cmake)
[0.459s] -- Found hardware_interface: 2.50.0 (/opt/ros/humble/share/hardware_interface/cmake)
[0.511s] -- Found rosidl_generator_c: 3.1.6 (/opt/ros/humble/share/rosidl_generator_c/cmake)
[0.515s] -- Found rosidl_adapter: 3.1.6 (/opt/ros/humble/share/rosidl_adapter/cmake)
[0.522s] -- Found rosidl_generator_cpp: 3.1.6 (/opt/ros/humble/share/rosidl_generator_cpp/cmake)
[0.531s] -- Using all available rosidl_typesupport_c: rosidl_typesupport_fastrtps_c;rosidl_typesupport_introspection_c
[0.542s] -- Using all available rosidl_typesupport_cpp: rosidl_typesupport_fastrtps_cpp;rosidl_typesupport_introspection_cpp
[0.836s] -- Found rmw_implementation_cmake: 6.1.2 (/opt/ros/humble/share/rmw_implementation_cmake/cmake)
[0.838s] -- Found rmw_fastrtps_cpp: 6.2.7 (/opt/ros/humble/share/rmw_fastrtps_cpp/cmake)
[0.863s] -- Found TinyXML2 via Config file: TinyXML2_DIR-NOTFOUND
[0.914s] -- Found OpenSSL: /usr/lib/x86_64-linux-gnu/libcrypto.so (found version "3.0.2")  
[0.919s] -- Found TinyXML2 via Config file: TinyXML2_DIR-NOTFOUND
[0.940s] -- Found FastRTPS: /opt/ros/humble/include  
[0.940s] -- Found TinyXML2 via Config file: TinyXML2_DIR-NOTFOUND
[0.948s] -- Found TinyXML2 via Config file: TinyXML2_DIR-NOTFOUND
[0.959s] -- Using RMW implementation 'rmw_fastrtps_cpp' as default
[0.970s] -- Looking for pthread.h
[1.112s] -- Looking for pthread.h - found
[1.112s] -- Performing Test CMAKE_HAVE_LIBC_PTHREAD
[1.254s] -- Performing Test CMAKE_HAVE_LIBC_PTHREAD - Success
[1.255s] -- Found Threads: TRUE  
[1.326s] -- Found controller_manager: 2.50.0 (/opt/ros/humble/share/controller_manager/cmake)
[1.444s] -- Configuring done
[1.489s] -- Generating done
[1.494s] -- Build files have been written to: /ros_humble/build/diffdrive_arduino
[1.500s] Invoked command in '/ros_humble/build/diffdrive_arduino' returned '0': CMAKE_PREFIX_PATH=/ros_humble/install/serial:/ros_humble/install/serial_motor_demo_msgs:/ros_humble/install/diffdrive_arduino:/ros_humble/install/ldlidar_stl_ros2:/ros_humble/install/serial_motor_demo:/ros_humble/install/au_bot_description:/opt/ros/humble /usr/bin/cmake /ros_humble/src/sensor/diffdrive_arduino -DCMAKE_INSTALL_PREFIX=/ros_humble/install/diffdrive_arduino
[1.501s] Invoking command in '/ros_humble/build/diffdrive_arduino': CMAKE_PREFIX_PATH=/ros_humble/install/serial:/ros_humble/install/serial_motor_demo_msgs:/ros_humble/install/diffdrive_arduino:/ros_humble/install/ldlidar_stl_ros2:/ros_humble/install/serial_motor_demo:/ros_humble/install/au_bot_description:/opt/ros/humble /usr/bin/cmake --build /ros_humble/build/diffdrive_arduino -- -j16 -l16
[1.536s] [ 14%] [32mBuilding CXX object CMakeFiles/fake_robot.dir/src/fake_robot.cpp.o[0m
[1.537s] [ 28%] [32mBuilding CXX object CMakeFiles/fake_robot.dir/src/wheel.cpp.o[0m
[1.537s] [ 42%] [32mBuilding CXX object CMakeFiles/diffdrive_arduino.dir/src/diffdrive_arduino.cpp.o[0m
[1.541s] [ 71%] [32mBuilding CXX object CMakeFiles/diffdrive_arduino.dir/src/arduino_comms.cpp.o[0m
[1.541s] [ 71%] [32mBuilding CXX object CMakeFiles/diffdrive_arduino.dir/src/wheel.cpp.o[0m
[3.736s] [ 85%] [32m[1mLinking CXX shared library libdiffdrive_arduino.so[0m
[3.804s] [100%] [32m[1mLinking CXX shared library libfake_robot.so[0m
[3.861s] [100%] Built target diffdrive_arduino
[3.914s] [100%] Built target fake_robot
[3.921s] Invoked command in '/ros_humble/build/diffdrive_arduino' returned '0': CMAKE_PREFIX_PATH=/ros_humble/install/serial:/ros_humble/install/serial_motor_demo_msgs:/ros_humble/install/diffdrive_arduino:/ros_humble/install/ldlidar_stl_ros2:/ros_humble/install/serial_motor_demo:/ros_humble/install/au_bot_description:/opt/ros/humble /usr/bin/cmake --build /ros_humble/build/diffdrive_arduino -- -j16 -l16
[3.922s] Invoking command in '/ros_humble/build/diffdrive_arduino': CMAKE_PREFIX_PATH=/ros_humble/install/serial:/ros_humble/install/serial_motor_demo_msgs:/ros_humble/install/diffdrive_arduino:/ros_humble/install/ldlidar_stl_ros2:/ros_humble/install/serial_motor_demo:/ros_humble/install/au_bot_description:/opt/ros/humble /usr/bin/cmake --install /ros_humble/build/diffdrive_arduino
[3.926s] -- Install configuration: ""
[3.926s] -- Installing: /ros_humble/install/diffdrive_arduino/share/diffdrive_arduino/robot_hardware.xml
[3.926s] -- Installing: /ros_humble/install/diffdrive_arduino/share/diffdrive_arduino/fake_robot_hardware.xml
[3.926s] -- Installing: /ros_humble/install/diffdrive_arduino/lib/libdiffdrive_arduino.so
[3.927s] -- Set runtime path of "/ros_humble/install/diffdrive_arduino/lib/libdiffdrive_arduino.so" to ""
[3.927s] -- Installing: /ros_humble/install/diffdrive_arduino/lib/libfake_robot.so
[3.927s] -- Set runtime path of "/ros_humble/install/diffdrive_arduino/lib/libfake_robot.so" to ""
[3.928s] -- Installing: /ros_humble/install/diffdrive_arduino/share/diffdrive_arduino/controllers
[3.928s] -- Installing: /ros_humble/install/diffdrive_arduino/share/diffdrive_arduino/controllers/robot_controller_example.yaml
[3.928s] -- Up-to-date: /ros_humble/install/diffdrive_arduino/share/diffdrive_arduino
[3.928s] -- Installing: /ros_humble/install/diffdrive_arduino/share/diffdrive_arduino/fake_robot.launch.py
[3.928s] -- Installing: /ros_humble/install/diffdrive_arduino/share/diffdrive_arduino/__pycache__
[3.928s] -- Installing: /ros_humble/install/diffdrive_arduino/share/diffdrive_arduino/__pycache__/test_robot.launch.cpython-310.pyc
[3.928s] -- Installing: /ros_humble/install/diffdrive_arduino/share/diffdrive_arduino/test_robot.launch.py
[3.928s] -- Installing: /ros_humble/install/diffdrive_arduino/share/diffdrive_arduino/environment/library_path.sh
[3.928s] -- Installing: /ros_humble/install/diffdrive_arduino/share/diffdrive_arduino/environment/library_path.dsv
[3.928s] -- Installing: /ros_humble/install/diffdrive_arduino/share/ament_index/resource_index/package_run_dependencies/diffdrive_arduino
[3.928s] -- Installing: /ros_humble/install/diffdrive_arduino/share/ament_index/resource_index/parent_prefix_path/diffdrive_arduino
[3.928s] -- Installing: /ros_humble/install/diffdrive_arduino/share/diffdrive_arduino/environment/ament_prefix_path.sh
[3.928s] -- Installing: /ros_humble/install/diffdrive_arduino/share/diffdrive_arduino/environment/ament_prefix_path.dsv
[3.928s] -- Installing: /ros_humble/install/diffdrive_arduino/share/diffdrive_arduino/environment/path.sh
[3.928s] -- Installing: /ros_humble/install/diffdrive_arduino/share/diffdrive_arduino/environment/path.dsv
[3.929s] -- Installing: /ros_humble/install/diffdrive_arduino/share/diffdrive_arduino/local_setup.bash
[3.929s] -- Installing: /ros_humble/install/diffdrive_arduino/share/diffdrive_arduino/local_setup.sh
[3.929s] -- Installing: /ros_humble/install/diffdrive_arduino/share/diffdrive_arduino/local_setup.zsh
[3.929s] -- Installing: /ros_humble/install/diffdrive_arduino/share/diffdrive_arduino/local_setup.dsv
[3.929s] -- Installing: /ros_humble/install/diffdrive_arduino/share/diffdrive_arduino/package.dsv
[3.929s] -- Installing: /ros_humble/install/diffdrive_arduino/share/ament_index/resource_index/packages/diffdrive_arduino
[3.929s] -- Installing: /ros_humble/install/diffdrive_arduino/share/ament_index/resource_index/hardware_interface__pluginlib__plugin/diffdrive_arduino
[3.929s] -- Installing: /ros_humble/install/diffdrive_arduino/share/diffdrive_arduino/cmake/ament_cmake_export_libraries-extras.cmake
[3.929s] -- Installing: /ros_humble/install/diffdrive_arduino/share/diffdrive_arduino/cmake/ament_cmake_export_dependencies-extras.cmake
[3.929s] -- Installing: /ros_humble/install/diffdrive_arduino/share/diffdrive_arduino/cmake/diffdrive_arduinoConfig.cmake
[3.929s] -- Installing: /ros_humble/install/diffdrive_arduino/share/diffdrive_arduino/cmake/diffdrive_arduinoConfig-version.cmake
[3.929s] -- Installing: /ros_humble/install/diffdrive_arduino/share/diffdrive_arduino/package.xml
[3.930s] Invoked command in '/ros_humble/build/diffdrive_arduino' returned '0': CMAKE_PREFIX_PATH=/ros_humble/install/serial:/ros_humble/install/serial_motor_demo_msgs:/ros_humble/install/diffdrive_arduino:/ros_humble/install/ldlidar_stl_ros2:/ros_humble/install/serial_motor_demo:/ros_humble/install/au_bot_description:/opt/ros/humble /usr/bin/cmake --install /ros_humble/build/diffdrive_arduino
