[0.013s] Invoking command in '/ros_humble/build/serial': CMAKE_PREFIX_PATH=${CMAKE_PREFIX_PATH}:/ros_humble/install/serial_motor_demo:/ros_humble/install/au_bot_description:/opt/ros/humble /usr/bin/cmake /ros_humble/src/sensor/serial -DCMAKE_INSTALL_PREFIX=/ros_humble/install/serial
[0.176s] -- The C compiler identification is GNU 11.4.0
[0.176s] -- The CXX compiler identification is GNU 11.4.0
[0.176s] -- Detecting C compiler ABI info
[0.213s] -- Detecting C compiler ABI info - done
[0.220s] -- Check for working C compiler: /usr/bin/cc - skipped
[0.220s] -- Detecting C compile features
[0.220s] -- Detecting C compile features - done
[0.223s] -- Detecting CXX compiler ABI info
[0.275s] -- Detecting CXX compiler ABI info - done
[0.279s] -- Check for working CXX compiler: /usr/bin/c++ - skipped
[0.279s] -- Detecting CXX compile features
[0.279s] -- Detecting CXX compile features - done
[0.282s] -- Found ament_cmake: 1.3.11 (/opt/ros/humble/share/ament_cmake/cmake)
[0.383s] -- Found Python3: /usr/bin/python3 (found version "3.10.12") found components: Interpreter 
[0.500s] -- Configuring done
[0.504s] -- Generating done
[0.506s] -- Build files have been written to: /ros_humble/build/serial
[0.509s] Invoked command in '/ros_humble/build/serial' returned '0': CMAKE_PREFIX_PATH=${CMAKE_PREFIX_PATH}:/ros_humble/install/serial_motor_demo:/ros_humble/install/au_bot_description:/opt/ros/humble /usr/bin/cmake /ros_humble/src/sensor/serial -DCMAKE_INSTALL_PREFIX=/ros_humble/install/serial
[0.511s] Invoking command in '/ros_humble/build/serial': CMAKE_PREFIX_PATH=${CMAKE_PREFIX_PATH}:/ros_humble/install/serial_motor_demo:/ros_humble/install/au_bot_description:/opt/ros/humble /usr/bin/cmake --build /ros_humble/build/serial -- -j16 -l16
[0.553s] [ 50%] [32mBuilding CXX object CMakeFiles/serial.dir/src/impl/list_ports/list_ports_linux.cc.o[0m
[0.553s] [ 50%] [32mBuilding CXX object CMakeFiles/serial.dir/src/serial.cc.o[0m
[0.553s] [ 75%] [32mBuilding CXX object CMakeFiles/serial.dir/src/impl/unix.cc.o[0m
[0.901s] [100%] [32m[1mLinking CXX static library libserial.a[0m
[0.926s] [100%] Built target serial
[0.934s] Invoked command in '/ros_humble/build/serial' returned '0': CMAKE_PREFIX_PATH=${CMAKE_PREFIX_PATH}:/ros_humble/install/serial_motor_demo:/ros_humble/install/au_bot_description:/opt/ros/humble /usr/bin/cmake --build /ros_humble/build/serial -- -j16 -l16
[0.939s] Invoking command in '/ros_humble/build/serial': CMAKE_PREFIX_PATH=${CMAKE_PREFIX_PATH}:/ros_humble/install/serial_motor_demo:/ros_humble/install/au_bot_description:/opt/ros/humble /usr/bin/cmake --install /ros_humble/build/serial
[0.944s] -- Install configuration: ""
[0.944s] -- Installing: /ros_humble/install/serial/share/serial/environment/library_path.sh
[0.944s] -- Installing: /ros_humble/install/serial/share/serial/environment/library_path.dsv
[0.944s] -- Installing: /ros_humble/install/serial/lib/libserial.a
[0.945s] -- Installing: /ros_humble/install/serial/include/serial/serial.h
[0.945s] -- Installing: /ros_humble/install/serial/include/serial/v8stdint.h
[0.945s] -- Installing: /ros_humble/install/serial/share/ament_index/resource_index/package_run_dependencies/serial
[0.945s] -- Installing: /ros_humble/install/serial/share/ament_index/resource_index/parent_prefix_path/serial
[0.945s] -- Installing: /ros_humble/install/serial/share/serial/environment/ament_prefix_path.sh
[0.945s] -- Installing: /ros_humble/install/serial/share/serial/environment/ament_prefix_path.dsv
[0.945s] -- Installing: /ros_humble/install/serial/share/serial/environment/path.sh
[0.945s] -- Installing: /ros_humble/install/serial/share/serial/environment/path.dsv
[0.945s] -- Installing: /ros_humble/install/serial/share/serial/local_setup.bash
[0.945s] -- Installing: /ros_humble/install/serial/share/serial/local_setup.sh
[0.945s] -- Installing: /ros_humble/install/serial/share/serial/local_setup.zsh
[0.945s] -- Installing: /ros_humble/install/serial/share/serial/local_setup.dsv
[0.945s] -- Installing: /ros_humble/install/serial/share/serial/package.dsv
[0.945s] -- Installing: /ros_humble/install/serial/share/ament_index/resource_index/packages/serial
[0.946s] -- Installing: /ros_humble/install/serial/share/serial/cmake/ament_cmake_export_include_directories-extras.cmake
[0.946s] -- Installing: /ros_humble/install/serial/share/serial/cmake/ament_cmake_export_libraries-extras.cmake
[0.946s] -- Installing: /ros_humble/install/serial/share/serial/cmake/serialConfig.cmake
[0.946s] -- Installing: /ros_humble/install/serial/share/serial/cmake/serialConfig-version.cmake
[0.946s] -- Installing: /ros_humble/install/serial/share/serial/package.xml
[0.947s] Invoked command in '/ros_humble/build/serial' returned '0': CMAKE_PREFIX_PATH=${CMAKE_PREFIX_PATH}:/ros_humble/install/serial_motor_demo:/ros_humble/install/au_bot_description:/opt/ros/humble /usr/bin/cmake --install /ros_humble/build/serial
